<?xml version="1.0" encoding="UTF-8"?>
<testsuite name="mozhotels.web.rest.InstanceRoomTypeResourceIntTest" tests="10" skipped="0" failures="0" errors="0" timestamp="2016-07-06T17:22:13" hostname="Edmilsons-MacBook-Pro.local" time="0.62">
  <properties/>
  <testcase name="deleteInstanceRoomType" classname="mozhotels.web.rest.InstanceRoomTypeResourceIntTest" time="0.057"/>
  <testcase name="updateInstanceRoomType" classname="mozhotels.web.rest.InstanceRoomTypeResourceIntTest" time="0.119"/>
  <testcase name="checkOnlinePriceIsRequired" classname="mozhotels.web.rest.InstanceRoomTypeResourceIntTest" time="0.021"/>
  <testcase name="getAllInstanceRoomTypes" classname="mozhotels.web.rest.InstanceRoomTypeResourceIntTest" time="0.018"/>
  <testcase name="checkInstanceRoomTypeNameIsRequired" classname="mozhotels.web.rest.InstanceRoomTypeResourceIntTest" time="0.02"/>
  <testcase name="checkBranchPriceIsRequired" classname="mozhotels.web.rest.InstanceRoomTypeResourceIntTest" time="0.02"/>
  <testcase name="getNonExistingInstanceRoomType" classname="mozhotels.web.rest.InstanceRoomTypeResourceIntTest" time="0.011"/>
  <testcase name="searchInstanceRoomType" classname="mozhotels.web.rest.InstanceRoomTypeResourceIntTest" time="0.043"/>
  <testcase name="createInstanceRoomType" classname="mozhotels.web.rest.InstanceRoomTypeResourceIntTest" time="0.053"/>
  <testcase name="getInstanceRoomType" classname="mozhotels.web.rest.InstanceRoomTypeResourceIntTest" time="0.03"/>
  <system-out><![CDATA[Hibernate: insert into instance_room_type (id, branch_price, capacity_adults, capacity_children, description, instance_room_type_name, instance_tur_id, online_price, photo_principal, photo_principal_content_type, quantity, tax, tax_include) values (null, ?, ?, ?, ?, ?, ?, ?, ?, ?, ?, ?, ?)
Hibernate: select instancero0_.id as id1_15_, instancero0_.branch_price as branch_p2_15_, instancero0_.capacity_adults as capacity3_15_, instancero0_.capacity_children as capacity4_15_, instancero0_.description as descript5_15_, instancero0_.instance_room_type_name as instance6_15_, instancero0_.instance_tur_id as instanc13_15_, instancero0_.online_price as online_p7_15_, instancero0_.photo_principal as photo_pr8_15_, instancero0_.photo_principal_content_type as photo_pr9_15_, instancero0_.quantity as quantit10_15_, instancero0_.tax as tax11_15_, instancero0_.tax_include as tax_inc12_15_ from instance_room_type instancero0_
2016-07-06 19:22:13.530 DEBUG 60006 --- [    Test worker] m.web.rest.InstanceRoomTypeResource      : REST request to delete InstanceRoomType : 1
Hibernate: delete from instance_room_type where id=?
Hibernate: select instancero0_.id as id1_15_, instancero0_.branch_price as branch_p2_15_, instancero0_.capacity_adults as capacity3_15_, instancero0_.capacity_children as capacity4_15_, instancero0_.description as descript5_15_, instancero0_.instance_room_type_name as instance6_15_, instancero0_.instance_tur_id as instanc13_15_, instancero0_.online_price as online_p7_15_, instancero0_.photo_principal as photo_pr8_15_, instancero0_.photo_principal_content_type as photo_pr9_15_, instancero0_.quantity as quantit10_15_, instancero0_.tax as tax11_15_, instancero0_.tax_include as tax_inc12_15_ from instance_room_type instancero0_
Hibernate: insert into instance_room_type (id, branch_price, capacity_adults, capacity_children, description, instance_room_type_name, instance_tur_id, online_price, photo_principal, photo_principal_content_type, quantity, tax, tax_include) values (null, ?, ?, ?, ?, ?, ?, ?, ?, ?, ?, ?, ?)
Hibernate: select instancero0_.id as id1_15_, instancero0_.branch_price as branch_p2_15_, instancero0_.capacity_adults as capacity3_15_, instancero0_.capacity_children as capacity4_15_, instancero0_.description as descript5_15_, instancero0_.instance_room_type_name as instance6_15_, instancero0_.instance_tur_id as instanc13_15_, instancero0_.online_price as online_p7_15_, instancero0_.photo_principal as photo_pr8_15_, instancero0_.photo_principal_content_type as photo_pr9_15_, instancero0_.quantity as quantit10_15_, instancero0_.tax as tax11_15_, instancero0_.tax_include as tax_inc12_15_ from instance_room_type instancero0_
2016-07-06 19:22:13.635 DEBUG 60006 --- [    Test worker] m.web.rest.InstanceRoomTypeResource      : REST request to update InstanceRoomType : InstanceRoomType{id=2, instanceRoomTypeName='BBBBB', description='BBBBB', quantity='2', capacityAdults='2', capacityChildren='2', onlinePrice='2', branchPrice='2', taxInclude='true', tax='2', photoPrincipal='[B@7d1960a2', photoPrincipalContentType='image/png'}
Hibernate: update instance_room_type set branch_price=?, capacity_adults=?, capacity_children=?, description=?, instance_room_type_name=?, instance_tur_id=?, online_price=?, photo_principal=?, photo_principal_content_type=?, quantity=?, tax=?, tax_include=? where id=?
Hibernate: select instancero0_.id as id1_15_, instancero0_.branch_price as branch_p2_15_, instancero0_.capacity_adults as capacity3_15_, instancero0_.capacity_children as capacity4_15_, instancero0_.description as descript5_15_, instancero0_.instance_room_type_name as instance6_15_, instancero0_.instance_tur_id as instanc13_15_, instancero0_.online_price as online_p7_15_, instancero0_.photo_principal as photo_pr8_15_, instancero0_.photo_principal_content_type as photo_pr9_15_, instancero0_.quantity as quantit10_15_, instancero0_.tax as tax11_15_, instancero0_.tax_include as tax_inc12_15_ from instance_room_type instancero0_
Hibernate: select instancero0_.id as id1_15_, instancero0_.branch_price as branch_p2_15_, instancero0_.capacity_adults as capacity3_15_, instancero0_.capacity_children as capacity4_15_, instancero0_.description as descript5_15_, instancero0_.instance_room_type_name as instance6_15_, instancero0_.instance_tur_id as instanc13_15_, instancero0_.online_price as online_p7_15_, instancero0_.photo_principal as photo_pr8_15_, instancero0_.photo_principal_content_type as photo_pr9_15_, instancero0_.quantity as quantit10_15_, instancero0_.tax as tax11_15_, instancero0_.tax_include as tax_inc12_15_ from instance_room_type instancero0_
Hibernate: select instancero0_.id as id1_15_, instancero0_.branch_price as branch_p2_15_, instancero0_.capacity_adults as capacity3_15_, instancero0_.capacity_children as capacity4_15_, instancero0_.description as descript5_15_, instancero0_.instance_room_type_name as instance6_15_, instancero0_.instance_tur_id as instanc13_15_, instancero0_.online_price as online_p7_15_, instancero0_.photo_principal as photo_pr8_15_, instancero0_.photo_principal_content_type as photo_pr9_15_, instancero0_.quantity as quantit10_15_, instancero0_.tax as tax11_15_, instancero0_.tax_include as tax_inc12_15_ from instance_room_type instancero0_
Hibernate: insert into instance_room_type (id, branch_price, capacity_adults, capacity_children, description, instance_room_type_name, instance_tur_id, online_price, photo_principal, photo_principal_content_type, quantity, tax, tax_include) values (null, ?, ?, ?, ?, ?, ?, ?, ?, ?, ?, ?, ?)
2016-07-06 19:22:13.751 DEBUG 60006 --- [    Test worker] m.web.rest.InstanceRoomTypeResource      : REST request to get all InstanceRoomTypes
Hibernate: select distinct instancero0_.id as id1_15_0_, instancefa2_.id as id1_10_1_, instancero0_.branch_price as branch_p2_15_0_, instancero0_.capacity_adults as capacity3_15_0_, instancero0_.capacity_children as capacity4_15_0_, instancero0_.description as descript5_15_0_, instancero0_.instance_room_type_name as instance6_15_0_, instancero0_.instance_tur_id as instanc13_15_0_, instancero0_.online_price as online_p7_15_0_, instancero0_.photo_principal as photo_pr8_15_0_, instancero0_.photo_principal_content_type as photo_pr9_15_0_, instancero0_.quantity as quantit10_15_0_, instancero0_.tax as tax11_15_0_, instancero0_.tax_include as tax_inc12_15_0_, instancefa2_.area as area2_10_1_, instancefa2_.booking_include as booking_3_10_1_, instancefa2_.description as descript4_10_1_, instancefa2_.instance_facility_name as instance5_10_1_, instancefa2_.instance_facility_type_id as instance8_10_1_, instancefa2_.instance_tur_id as instance9_10_1_, instancefa2_.price as price6_10_1_, instancefa2_.quantity as quantity7_10_1_, instancero1_.instance_room_types_id as instance1_15_0__, instancero1_.instance_room_facilities_id as instance2_16_0__ from instance_room_type instancero0_ left outer join instance_room_type_instance_room_facility instancero1_ on instancero0_.id=instancero1_.instance_room_types_id left outer join instance_facility instancefa2_ on instancero1_.instance_room_facilities_id=instancefa2_.id
Hibernate: select instancero0_.id as id1_15_, instancero0_.branch_price as branch_p2_15_, instancero0_.capacity_adults as capacity3_15_, instancero0_.capacity_children as capacity4_15_, instancero0_.description as descript5_15_, instancero0_.instance_room_type_name as instance6_15_, instancero0_.instance_tur_id as instanc13_15_, instancero0_.online_price as online_p7_15_, instancero0_.photo_principal as photo_pr8_15_, instancero0_.photo_principal_content_type as photo_pr9_15_, instancero0_.quantity as quantit10_15_, instancero0_.tax as tax11_15_, instancero0_.tax_include as tax_inc12_15_ from instance_room_type instancero0_
Hibernate: select instancero0_.id as id1_15_, instancero0_.branch_price as branch_p2_15_, instancero0_.capacity_adults as capacity3_15_, instancero0_.capacity_children as capacity4_15_, instancero0_.description as descript5_15_, instancero0_.instance_room_type_name as instance6_15_, instancero0_.instance_tur_id as instanc13_15_, instancero0_.online_price as online_p7_15_, instancero0_.photo_principal as photo_pr8_15_, instancero0_.photo_principal_content_type as photo_pr9_15_, instancero0_.quantity as quantit10_15_, instancero0_.tax as tax11_15_, instancero0_.tax_include as tax_inc12_15_ from instance_room_type instancero0_
Hibernate: select instancero0_.id as id1_15_, instancero0_.branch_price as branch_p2_15_, instancero0_.capacity_adults as capacity3_15_, instancero0_.capacity_children as capacity4_15_, instancero0_.description as descript5_15_, instancero0_.instance_room_type_name as instance6_15_, instancero0_.instance_tur_id as instanc13_15_, instancero0_.online_price as online_p7_15_, instancero0_.photo_principal as photo_pr8_15_, instancero0_.photo_principal_content_type as photo_pr9_15_, instancero0_.quantity as quantit10_15_, instancero0_.tax as tax11_15_, instancero0_.tax_include as tax_inc12_15_ from instance_room_type instancero0_
Hibernate: select instancero0_.id as id1_15_, instancero0_.branch_price as branch_p2_15_, instancero0_.capacity_adults as capacity3_15_, instancero0_.capacity_children as capacity4_15_, instancero0_.description as descript5_15_, instancero0_.instance_room_type_name as instance6_15_, instancero0_.instance_tur_id as instanc13_15_, instancero0_.online_price as online_p7_15_, instancero0_.photo_principal as photo_pr8_15_, instancero0_.photo_principal_content_type as photo_pr9_15_, instancero0_.quantity as quantit10_15_, instancero0_.tax as tax11_15_, instancero0_.tax_include as tax_inc12_15_ from instance_room_type instancero0_
2016-07-06 19:22:13.890 DEBUG 60006 --- [    Test worker] m.web.rest.InstanceRoomTypeResource      : REST request to get InstanceRoomType : 9223372036854775807
Hibernate: select instancero0_.id as id1_15_0_, instancefa2_.id as id1_10_1_, instancero0_.branch_price as branch_p2_15_0_, instancero0_.capacity_adults as capacity3_15_0_, instancero0_.capacity_children as capacity4_15_0_, instancero0_.description as descript5_15_0_, instancero0_.instance_room_type_name as instance6_15_0_, instancero0_.instance_tur_id as instanc13_15_0_, instancero0_.online_price as online_p7_15_0_, instancero0_.photo_principal as photo_pr8_15_0_, instancero0_.photo_principal_content_type as photo_pr9_15_0_, instancero0_.quantity as quantit10_15_0_, instancero0_.tax as tax11_15_0_, instancero0_.tax_include as tax_inc12_15_0_, instancefa2_.area as area2_10_1_, instancefa2_.booking_include as booking_3_10_1_, instancefa2_.description as descript4_10_1_, instancefa2_.instance_facility_name as instance5_10_1_, instancefa2_.instance_facility_type_id as instance8_10_1_, instancefa2_.instance_tur_id as instance9_10_1_, instancefa2_.price as price6_10_1_, instancefa2_.quantity as quantity7_10_1_, instancero1_.instance_room_types_id as instance1_15_0__, instancero1_.instance_room_facilities_id as instance2_16_0__ from instance_room_type instancero0_ left outer join instance_room_type_instance_room_facility instancero1_ on instancero0_.id=instancero1_.instance_room_types_id left outer join instance_facility instancefa2_ on instancero1_.instance_room_facilities_id=instancefa2_.id where instancero0_.id=?
Hibernate: insert into instance_room_type (id, branch_price, capacity_adults, capacity_children, description, instance_room_type_name, instance_tur_id, online_price, photo_principal, photo_principal_content_type, quantity, tax, tax_include) values (null, ?, ?, ?, ?, ?, ?, ?, ?, ?, ?, ?, ?)
2016-07-06 19:22:13.953 DEBUG 60006 --- [    Test worker] m.web.rest.InstanceRoomTypeResource      : REST request to search InstanceRoomTypes for query id:4
Hibernate: select instancero0_.id as id1_15_, instancero0_.branch_price as branch_p2_15_, instancero0_.capacity_adults as capacity3_15_, instancero0_.capacity_children as capacity4_15_, instancero0_.description as descript5_15_, instancero0_.instance_room_type_name as instance6_15_, instancero0_.instance_tur_id as instanc13_15_, instancero0_.online_price as online_p7_15_, instancero0_.photo_principal as photo_pr8_15_, instancero0_.photo_principal_content_type as photo_pr9_15_, instancero0_.quantity as quantit10_15_, instancero0_.tax as tax11_15_, instancero0_.tax_include as tax_inc12_15_ from instance_room_type instancero0_
2016-07-06 19:22:14.002 DEBUG 60006 --- [    Test worker] m.web.rest.InstanceRoomTypeResource      : REST request to save InstanceRoomType : InstanceRoomType{id=null, instanceRoomTypeName='AAAAA', description='AAAAA', quantity='1', capacityAdults='1', capacityChildren='1', onlinePrice='1', branchPrice='1', taxInclude='false', tax='1', photoPrincipal='[B@febea26', photoPrincipalContentType='image/jpg'}
Hibernate: insert into instance_room_type (id, branch_price, capacity_adults, capacity_children, description, instance_room_type_name, instance_tur_id, online_price, photo_principal, photo_principal_content_type, quantity, tax, tax_include) values (null, ?, ?, ?, ?, ?, ?, ?, ?, ?, ?, ?, ?)
Hibernate: select instancero0_.id as id1_15_, instancero0_.branch_price as branch_p2_15_, instancero0_.capacity_adults as capacity3_15_, instancero0_.capacity_children as capacity4_15_, instancero0_.description as descript5_15_, instancero0_.instance_room_type_name as instance6_15_, instancero0_.instance_tur_id as instanc13_15_, instancero0_.online_price as online_p7_15_, instancero0_.photo_principal as photo_pr8_15_, instancero0_.photo_principal_content_type as photo_pr9_15_, instancero0_.quantity as quantit10_15_, instancero0_.tax as tax11_15_, instancero0_.tax_include as tax_inc12_15_ from instance_room_type instancero0_
Hibernate: insert into instance_room_type (id, branch_price, capacity_adults, capacity_children, description, instance_room_type_name, instance_tur_id, online_price, photo_principal, photo_principal_content_type, quantity, tax, tax_include) values (null, ?, ?, ?, ?, ?, ?, ?, ?, ?, ?, ?, ?)
2016-07-06 19:22:14.094 DEBUG 60006 --- [    Test worker] m.web.rest.InstanceRoomTypeResource      : REST request to get InstanceRoomType : 6
Hibernate: select instancero0_.id as id1_15_0_, instancefa2_.id as id1_10_1_, instancero0_.branch_price as branch_p2_15_0_, instancero0_.capacity_adults as capacity3_15_0_, instancero0_.capacity_children as capacity4_15_0_, instancero0_.description as descript5_15_0_, instancero0_.instance_room_type_name as instance6_15_0_, instancero0_.instance_tur_id as instanc13_15_0_, instancero0_.online_price as online_p7_15_0_, instancero0_.photo_principal as photo_pr8_15_0_, instancero0_.photo_principal_content_type as photo_pr9_15_0_, instancero0_.quantity as quantit10_15_0_, instancero0_.tax as tax11_15_0_, instancero0_.tax_include as tax_inc12_15_0_, instancefa2_.area as area2_10_1_, instancefa2_.booking_include as booking_3_10_1_, instancefa2_.description as descript4_10_1_, instancefa2_.instance_facility_name as instance5_10_1_, instancefa2_.instance_facility_type_id as instance8_10_1_, instancefa2_.instance_tur_id as instance9_10_1_, instancefa2_.price as price6_10_1_, instancefa2_.quantity as quantity7_10_1_, instancero1_.instance_room_types_id as instance1_15_0__, instancero1_.instance_room_facilities_id as instance2_16_0__ from instance_room_type instancero0_ left outer join instance_room_type_instance_room_facility instancero1_ on instancero0_.id=instancero1_.instance_room_types_id left outer join instance_facility instancefa2_ on instancero1_.instance_room_facilities_id=instancefa2_.id where instancero0_.id=?
]]></system-out>
  <system-err><![CDATA[]]></system-err>
</testsuite>
