<?xml version="1.0" encoding="UTF-8"?>
<testsuite name="mozhotels.web.rest.InstanceActivityResourceIntTest" tests="8" skipped="0" failures="0" errors="0" timestamp="2016-07-06T17:22:07" hostname="Edmilsons-MacBook-Pro.local" time="0.674">
  <properties/>
  <testcase name="searchInstanceActivity" classname="mozhotels.web.rest.InstanceActivityResourceIntTest" time="0.119"/>
  <testcase name="getAllInstanceActivities" classname="mozhotels.web.rest.InstanceActivityResourceIntTest" time="0.028"/>
  <testcase name="createInstanceActivity" classname="mozhotels.web.rest.InstanceActivityResourceIntTest" time="0.086"/>
  <testcase name="getInstanceActivity" classname="mozhotels.web.rest.InstanceActivityResourceIntTest" time="0.105"/>
  <testcase name="checkInstanceActivityNameIsRequired" classname="mozhotels.web.rest.InstanceActivityResourceIntTest" time="0.024"/>
  <testcase name="deleteInstanceActivity" classname="mozhotels.web.rest.InstanceActivityResourceIntTest" time="0.047"/>
  <testcase name="updateInstanceActivity" classname="mozhotels.web.rest.InstanceActivityResourceIntTest" time="0.077"/>
  <testcase name="getNonExistingInstanceActivity" classname="mozhotels.web.rest.InstanceActivityResourceIntTest" time="0.018"/>
  <system-out><![CDATA[Hibernate: insert into instance_activity (id, area, description, instance_activity_name, instance_activity_type_id, instance_tur_id, photo_principal, photo_principal_content_type) values (null, ?, ?, ?, ?, ?, ?, ?)
2016-07-06 19:22:07.706 DEBUG 60006 --- [    Test worker] m.web.rest.InstanceActivityResource      : REST request to search InstanceActivities for query id:1
Hibernate: insert into instance_activity (id, area, description, instance_activity_name, instance_activity_type_id, instance_tur_id, photo_principal, photo_principal_content_type) values (null, ?, ?, ?, ?, ?, ?, ?)
2016-07-06 19:22:07.764 DEBUG 60006 --- [    Test worker] m.web.rest.InstanceActivityResource      : REST request to get all InstanceActivities
Hibernate: select instanceac0_.id as id1_7_, instanceac0_.area as area2_7_, instanceac0_.description as descript3_7_, instanceac0_.instance_activity_name as instance4_7_, instanceac0_.instance_activity_type_id as instance7_7_, instanceac0_.instance_tur_id as instance8_7_, instanceac0_.photo_principal as photo_pr5_7_, instanceac0_.photo_principal_content_type as photo_pr6_7_ from instance_activity instanceac0_
Hibernate: select instanceac0_.id as id1_7_, instanceac0_.area as area2_7_, instanceac0_.description as descript3_7_, instanceac0_.instance_activity_name as instance4_7_, instanceac0_.instance_activity_type_id as instance7_7_, instanceac0_.instance_tur_id as instance8_7_, instanceac0_.photo_principal as photo_pr5_7_, instanceac0_.photo_principal_content_type as photo_pr6_7_ from instance_activity instanceac0_
2016-07-06 19:22:07.838 DEBUG 60006 --- [    Test worker] m.web.rest.InstanceActivityResource      : REST request to save InstanceActivity : InstanceActivity{id=null, instanceActivityName='AAAAA', description='AAAAA', area='INSIDE', photoPrincipal='[B@bbf6cf', photoPrincipalContentType='image/jpg'}
Hibernate: insert into instance_activity (id, area, description, instance_activity_name, instance_activity_type_id, instance_tur_id, photo_principal, photo_principal_content_type) values (null, ?, ?, ?, ?, ?, ?, ?)
Hibernate: select instanceac0_.id as id1_7_, instanceac0_.area as area2_7_, instanceac0_.description as descript3_7_, instanceac0_.instance_activity_name as instance4_7_, instanceac0_.instance_activity_type_id as instance7_7_, instanceac0_.instance_tur_id as instance8_7_, instanceac0_.photo_principal as photo_pr5_7_, instanceac0_.photo_principal_content_type as photo_pr6_7_ from instance_activity instanceac0_
Hibernate: insert into instance_activity (id, area, description, instance_activity_name, instance_activity_type_id, instance_tur_id, photo_principal, photo_principal_content_type) values (null, ?, ?, ?, ?, ?, ?, ?)
2016-07-06 19:22:07.989 DEBUG 60006 --- [    Test worker] m.web.rest.InstanceActivityResource      : REST request to get InstanceActivity : 4
Hibernate: select instanceac0_.id as id1_7_, instanceac0_.area as area2_7_, instanceac0_.description as descript3_7_, instanceac0_.instance_activity_name as instance4_7_, instanceac0_.instance_activity_type_id as instance7_7_, instanceac0_.instance_tur_id as instance8_7_, instanceac0_.photo_principal as photo_pr5_7_, instanceac0_.photo_principal_content_type as photo_pr6_7_ from instance_activity instanceac0_
Hibernate: select instanceac0_.id as id1_7_, instanceac0_.area as area2_7_, instanceac0_.description as descript3_7_, instanceac0_.instance_activity_name as instance4_7_, instanceac0_.instance_activity_type_id as instance7_7_, instanceac0_.instance_tur_id as instance8_7_, instanceac0_.photo_principal as photo_pr5_7_, instanceac0_.photo_principal_content_type as photo_pr6_7_ from instance_activity instanceac0_
Hibernate: insert into instance_activity (id, area, description, instance_activity_name, instance_activity_type_id, instance_tur_id, photo_principal, photo_principal_content_type) values (null, ?, ?, ?, ?, ?, ?, ?)
Hibernate: select instanceac0_.id as id1_7_, instanceac0_.area as area2_7_, instanceac0_.description as descript3_7_, instanceac0_.instance_activity_name as instance4_7_, instanceac0_.instance_activity_type_id as instance7_7_, instanceac0_.instance_tur_id as instance8_7_, instanceac0_.photo_principal as photo_pr5_7_, instanceac0_.photo_principal_content_type as photo_pr6_7_ from instance_activity instanceac0_
2016-07-06 19:22:08.121 DEBUG 60006 --- [    Test worker] m.web.rest.InstanceActivityResource      : REST request to delete InstanceActivity : 5
Hibernate: delete from instance_activity where id=?
Hibernate: select instanceac0_.id as id1_7_, instanceac0_.area as area2_7_, instanceac0_.description as descript3_7_, instanceac0_.instance_activity_name as instance4_7_, instanceac0_.instance_activity_type_id as instance7_7_, instanceac0_.instance_tur_id as instance8_7_, instanceac0_.photo_principal as photo_pr5_7_, instanceac0_.photo_principal_content_type as photo_pr6_7_ from instance_activity instanceac0_
Hibernate: insert into instance_activity (id, area, description, instance_activity_name, instance_activity_type_id, instance_tur_id, photo_principal, photo_principal_content_type) values (null, ?, ?, ?, ?, ?, ?, ?)
Hibernate: select instanceac0_.id as id1_7_, instanceac0_.area as area2_7_, instanceac0_.description as descript3_7_, instanceac0_.instance_activity_name as instance4_7_, instanceac0_.instance_activity_type_id as instance7_7_, instanceac0_.instance_tur_id as instance8_7_, instanceac0_.photo_principal as photo_pr5_7_, instanceac0_.photo_principal_content_type as photo_pr6_7_ from instance_activity instanceac0_
2016-07-06 19:22:08.204 DEBUG 60006 --- [    Test worker] m.web.rest.InstanceActivityResource      : REST request to update InstanceActivity : InstanceActivity{id=6, instanceActivityName='BBBBB', description='BBBBB', area='OUTSIDE', photoPrincipal='[B@5d63e033', photoPrincipalContentType='image/png'}
Hibernate: update instance_activity set area=?, description=?, instance_activity_name=?, instance_activity_type_id=?, instance_tur_id=?, photo_principal=?, photo_principal_content_type=? where id=?
Hibernate: select instanceac0_.id as id1_7_, instanceac0_.area as area2_7_, instanceac0_.description as descript3_7_, instanceac0_.instance_activity_name as instance4_7_, instanceac0_.instance_activity_type_id as instance7_7_, instanceac0_.instance_tur_id as instance8_7_, instanceac0_.photo_principal as photo_pr5_7_, instanceac0_.photo_principal_content_type as photo_pr6_7_ from instance_activity instanceac0_
2016-07-06 19:22:08.276 DEBUG 60006 --- [    Test worker] m.web.rest.InstanceActivityResource      : REST request to get InstanceActivity : 9223372036854775807
Hibernate: select instanceac0_.id as id1_7_0_, instanceac0_.area as area2_7_0_, instanceac0_.description as descript3_7_0_, instanceac0_.instance_activity_name as instance4_7_0_, instanceac0_.instance_activity_type_id as instance7_7_0_, instanceac0_.instance_tur_id as instance8_7_0_, instanceac0_.photo_principal as photo_pr5_7_0_, instanceac0_.photo_principal_content_type as photo_pr6_7_0_, instanceac1_.id as id1_8_1_, instanceac1_.description as descript2_8_1_, instanceac1_.instance_activity_type_name as instance3_8_1_, instancetu2_.id as id1_17_2_, instancetu2_.address as address2_17_2_, instancetu2_.beds as beds3_17_2_, instancetu2_.contact_number_principal as contact_4_17_2_, instancetu2_.currency as currency5_17_2_, instancetu2_.description as descript6_17_2_, instancetu2_.email as email7_17_2_, instancetu2_.floors as floors8_17_2_, instancetu2_.instance_tur_name as instance9_17_2_, instancetu2_.instance_tur_type_id as instanc18_17_2_, instancetu2_.latitude as latitud10_17_2_, instancetu2_.local_tur_id as local_t19_17_2_, instancetu2_.longitude as longitu11_17_2_, instancetu2_.photo_principal as photo_p12_17_2_, instancetu2_.photo_principal_content_type as photo_p13_17_2_, instancetu2_.rating as rating14_17_2_, instancetu2_.rooms as rooms15_17_2_, instancetu2_.website as website16_17_2_, instancetu2_.zip_code as zip_cod17_17_2_, instancetu3_.id as id1_18_3_, instancetu3_.description as descript2_18_3_, instancetu3_.instance_tur_type_name as instance3_18_3_, localtur4_.id as id1_26_4_, localtur4_.description as descript2_26_4_, localtur4_.local_tur_name as local_tu3_26_4_, localtur4_.photo_principal as photo_pr4_26_4_, localtur4_.photo_principal_content_type as photo_pr5_26_4_, localtur4_.province_id as province6_26_4_, province5_.id as id1_28_5_, province5_.description as descript2_28_5_, province5_.photo_principal as photo_pr3_28_5_, province5_.photo_principal_content_type as photo_pr4_28_5_, province5_.province_name as province5_28_5_, province5_.region_id as region_i6_28_5_, region6_.id as id1_29_6_, region6_.country_id as country_4_29_6_, region6_.description as descript2_29_6_, region6_.region_name as region_n3_29_6_, country7_.id as id1_4_7_, country7_.country_name as country_2_4_7_, country7_.description as descript3_4_7_ from instance_activity instanceac0_ left outer join instance_activity_type instanceac1_ on instanceac0_.instance_activity_type_id=instanceac1_.id left outer join instance_tur instancetu2_ on instanceac0_.instance_tur_id=instancetu2_.id left outer join instance_tur_type instancetu3_ on instancetu2_.instance_tur_type_id=instancetu3_.id left outer join local_tur localtur4_ on instancetu2_.local_tur_id=localtur4_.id left outer join province province5_ on localtur4_.province_id=province5_.id left outer join region region6_ on province5_.region_id=region6_.id left outer join country country7_ on region6_.country_id=country7_.id where instanceac0_.id=?
]]></system-out>
  <system-err><![CDATA[]]></system-err>
</testsuite>
