<?xml version="1.0" encoding="UTF-8"?>
<testsuite name="mozhotels.repository.CustomSocialUsersConnectionRepositoryIntTest" tests="31" skipped="0" failures="0" errors="0" timestamp="2016-07-06T17:21:51" hostname="Edmilsons-MacBook-Pro.local" time="1.814">
  <properties/>
  <testcase name="findConnectionByApiToUserNoSuchConnection" classname="mozhotels.repository.CustomSocialUsersConnectionRepositoryIntTest" time="0.33"/>
  <testcase name="findUserIdWithConnection" classname="mozhotels.repository.CustomSocialUsersConnectionRepositoryIntTest" time="0.335"/>
  <testcase name="updateConnectionAccessFields" classname="mozhotels.repository.CustomSocialUsersConnectionRepositoryIntTest" time="0.131"/>
  <testcase name="findAllConnectionsEmptyResult" classname="mozhotels.repository.CustomSocialUsersConnectionRepositoryIntTest" time="0.059"/>
  <testcase name="findPrimaryConnection_afterRemove" classname="mozhotels.repository.CustomSocialUsersConnectionRepositoryIntTest" time="0.038"/>
  <testcase name="findConnectionsByProviderId" classname="mozhotels.repository.CustomSocialUsersConnectionRepositoryIntTest" time="0.034"/>
  <testcase name="findPrimaryConnectionNotConnected" classname="mozhotels.repository.CustomSocialUsersConnectionRepositoryIntTest" time="0.005"/>
  <testcase name="addConnection" classname="mozhotels.repository.CustomSocialUsersConnectionRepositoryIntTest" time="0.064"/>
  <testcase name="findConnectionsByApi" classname="mozhotels.repository.CustomSocialUsersConnectionRepositoryIntTest" time="0.014"/>
  <testcase name="findConnectionsToUsersEmptyResult" classname="mozhotels.repository.CustomSocialUsersConnectionRepositoryIntTest" time="0.045"/>
  <testcase name="removeConnections" classname="mozhotels.repository.CustomSocialUsersConnectionRepositoryIntTest" time="0.17"/>
  <testcase name="findConnectionsToUsers" classname="mozhotels.repository.CustomSocialUsersConnectionRepositoryIntTest" time="0.049"/>
  <testcase name="noSuchConnectionFactory" classname="mozhotels.repository.CustomSocialUsersConnectionRepositoryIntTest" time="0.017"/>
  <testcase name="findUserIdsConnectedTo" classname="mozhotels.repository.CustomSocialUsersConnectionRepositoryIntTest" time="0.03"/>
  <testcase name="findUserIdWithConnectionNoSuchConnection" classname="mozhotels.repository.CustomSocialUsersConnectionRepositoryIntTest" time="0.006"/>
  <testcase name="findPrimaryConnectionSelectFromMultipleByRank" classname="mozhotels.repository.CustomSocialUsersConnectionRepositoryIntTest" time="0.017"/>
  <testcase name="removeConnection" classname="mozhotels.repository.CustomSocialUsersConnectionRepositoryIntTest" time="0.016"/>
  <testcase name="findConnectionsByProviderIdEmptyResult" classname="mozhotels.repository.CustomSocialUsersConnectionRepositoryIntTest" time="0.016"/>
  <testcase name="findConnectionByKeyNoSuchConnection" classname="mozhotels.repository.CustomSocialUsersConnectionRepositoryIntTest" time="0.01"/>
  <testcase name="findUserIdWithConnectionMultipleConnectionsToSameProviderUser" classname="mozhotels.repository.CustomSocialUsersConnectionRepositoryIntTest" time="0.03"/>
  <testcase name="findConnectionByKey" classname="mozhotels.repository.CustomSocialUsersConnectionRepositoryIntTest" time="0.016"/>
  <testcase name="findConnectionsToUsersEmptyInput" classname="mozhotels.repository.CustomSocialUsersConnectionRepositoryIntTest" time="0.011"/>
  <testcase name="addConnectionDuplicate" classname="mozhotels.repository.CustomSocialUsersConnectionRepositoryIntTest" time="0.125"/>
  <testcase name="findPrimaryConnection" classname="mozhotels.repository.CustomSocialUsersConnectionRepositoryIntTest" time="0.018"/>
  <testcase name="findConnectionsByApiEmptyResult" classname="mozhotels.repository.CustomSocialUsersConnectionRepositoryIntTest" time="0.006"/>
  <testcase name="removeConnectionsToProviderNoOp" classname="mozhotels.repository.CustomSocialUsersConnectionRepositoryIntTest" time="0.006"/>
  <testcase name="findConnectionByApiToUser" classname="mozhotels.repository.CustomSocialUsersConnectionRepositoryIntTest" time="0.016"/>
  <testcase name="findAllConnectionsMultipleConnectionResults" classname="mozhotels.repository.CustomSocialUsersConnectionRepositoryIntTest" time="0.035"/>
  <testcase name="updateConnectionProfileFields" classname="mozhotels.repository.CustomSocialUsersConnectionRepositoryIntTest" time="0.033"/>
  <testcase name="findAllConnections" classname="mozhotels.repository.CustomSocialUsersConnectionRepositoryIntTest" time="0.019"/>
  <testcase name="removeConnectionNoOp" classname="mozhotels.repository.CustomSocialUsersConnectionRepositoryIntTest" time="0.007"/>
  <system-out><![CDATA[
        ██  ██    ██  ████████  ███████    ██████  ████████  ████████  ███████
        ██  ██    ██     ██     ██    ██  ██          ██     ██        ██    ██
        ██  ████████     ██     ███████    █████      ██     ██████    ███████
  ██    ██  ██    ██     ██     ██             ██     ██     ██        ██   ██
   ██████   ██    ██  ████████  ██        ██████      ██     ████████  ██    ██

:: JHipster ??  :: Running Spring Boot 1.3.5.RELEASE ::
:: http://jhipster.github.io ::

2016-07-06 19:20:22.906  INFO 60006 --- [    Test worker] omSocialUsersConnectionRepositoryIntTest : Starting CustomSocialUsersConnectionRepositoryIntTest on Edmilsons-MacBook-Pro.local with PID 60006 (/Users/siquice/jhipster/mozhotelsbooking/target/test-classes started by siquice in /Users/siquice/jhipster/mozhotelsbooking)
2016-07-06 19:20:22.911 DEBUG 60006 --- [    Test worker] omSocialUsersConnectionRepositoryIntTest : Running with Spring Boot v1.3.5.RELEASE, Spring v4.2.6.RELEASE
2016-07-06 19:20:22.912  INFO 60006 --- [    Test worker] omSocialUsersConnectionRepositoryIntTest : No active profile set, falling back to default profiles: default
2016-07-06 19:20:36.527 DEBUG 60006 --- [    Test worker] mozhotels.config.AsyncConfiguration      : Creating Async Task Executor
2016-07-06 19:20:37.311 DEBUG 60006 --- [    Test worker] mozhotels.config.MetricsConfiguration    : Registering JVM gauges
2016-07-06 19:20:37.375 DEBUG 60006 --- [    Test worker] mozhotels.config.MetricsConfiguration    : Initializing Metrics JMX reporting
2016-07-06 19:20:40.506 DEBUG 60006 --- [ost-startStop-1] mozhotels.config.WebConfigurer           : Initializing Metrics registries
2016-07-06 19:20:40.528 DEBUG 60006 --- [ost-startStop-1] mozhotels.config.WebConfigurer           : Registering Metrics Filter
2016-07-06 19:20:40.529 DEBUG 60006 --- [ost-startStop-1] mozhotels.config.WebConfigurer           : Registering Metrics Servlet
2016-07-06 19:20:40.547  INFO 60006 --- [ost-startStop-1] mozhotels.config.WebConfigurer           : Web application fully configured
2016-07-06 19:20:41.466 DEBUG 60006 --- [ost-startStop-1] mozhotels.config.DatabaseConfiguration   : Configuring Datasource
2016-07-06 19:20:42.007 DEBUG 60006 --- [ost-startStop-1] mozhotels.config.DatabaseConfiguration   : Configuring Liquibase
2016-07-06 19:20:42.029 DEBUG 60006 --- [ost-startStop-1] m.config.liquibase.AsyncSpringLiquibase  : Starting Liquibase synchronously
2016-07-06 19:20:47.420 DEBUG 60006 --- [ost-startStop-1] m.config.liquibase.AsyncSpringLiquibase  : Started Liquibase in 5389 ms
2016-07-06 19:20:55.572  INFO 60006 --- [ost-startStop-1] mozhotels.MozhotelsbookingApp            : Running with Spring profile(s) : []
2016-07-06 19:21:16.005 DEBUG 60006 --- [    Test worker] m.c.elasticsearch.IndexReinitializer     : ElasticSearch indexes reset in 17 ms
2016-07-06 19:21:22.593 ERROR 60006 --- [    Test worker] m.config.social.SocialConfiguration      : Cannot configure GoogleConnectionFactory id or secret null
2016-07-06 19:21:22.603 ERROR 60006 --- [    Test worker] m.config.social.SocialConfiguration      : Cannot configure FacebookConnectionFactory id or secret null
2016-07-06 19:21:22.603 ERROR 60006 --- [    Test worker] m.config.social.SocialConfiguration      : Cannot configure TwitterConnectionFactory id or secret null
2016-07-06 19:21:42.709 DEBUG 60006 --- [    Test worker] mozhotels.config.CacheConfiguration      : Starting Ehcache
2016-07-06 19:21:44.510 DEBUG 60006 --- [    Test worker] mozhotels.config.CacheConfiguration      : Registering Ehcache Metrics gauges
2016-07-06 19:21:50.977  INFO 60006 --- [    Test worker] omSocialUsersConnectionRepositoryIntTest : Started CustomSocialUsersConnectionRepositoryIntTest in 91.898 seconds (JVM running for 97.841)
Hibernate: select socialuser0_.id as id1_23_, socialuser0_.access_token as access_t2_23_, socialuser0_.display_name as display_3_23_, socialuser0_.expire_time as expire_t4_23_, socialuser0_.image_url as image_ur5_23_, socialuser0_.profile_url as profile_6_23_, socialuser0_.provider_id as provider7_23_, socialuser0_.provider_user_id as provider8_23_, socialuser0_.rank as rank9_23_, socialuser0_.refresh_token as refresh10_23_, socialuser0_.secret as secret11_23_, socialuser0_.user_id as user_id12_23_ from jhi_social_user_connection socialuser0_
Hibernate: select socialuser0_.id as id1_23_, socialuser0_.access_token as access_t2_23_, socialuser0_.display_name as display_3_23_, socialuser0_.expire_time as expire_t4_23_, socialuser0_.image_url as image_ur5_23_, socialuser0_.profile_url as profile_6_23_, socialuser0_.provider_id as provider7_23_, socialuser0_.provider_user_id as provider8_23_, socialuser0_.rank as rank9_23_, socialuser0_.refresh_token as refresh10_23_, socialuser0_.secret as secret11_23_, socialuser0_.user_id as user_id12_23_ from jhi_social_user_connection socialuser0_ where socialuser0_.user_id=? and socialuser0_.provider_id=? and socialuser0_.provider_user_id=?
Hibernate: select socialuser0_.id as id1_23_, socialuser0_.access_token as access_t2_23_, socialuser0_.display_name as display_3_23_, socialuser0_.expire_time as expire_t4_23_, socialuser0_.image_url as image_ur5_23_, socialuser0_.profile_url as profile_6_23_, socialuser0_.provider_id as provider7_23_, socialuser0_.provider_user_id as provider8_23_, socialuser0_.rank as rank9_23_, socialuser0_.refresh_token as refresh10_23_, socialuser0_.secret as secret11_23_, socialuser0_.user_id as user_id12_23_ from jhi_social_user_connection socialuser0_
Hibernate: insert into jhi_social_user_connection (id, access_token, display_name, expire_time, image_url, profile_url, provider_id, provider_user_id, rank, refresh_token, secret, user_id) values (null, ?, ?, ?, ?, ?, ?, ?, ?, ?, ?, ?)
Hibernate: select socialuser0_.id as id1_23_, socialuser0_.access_token as access_t2_23_, socialuser0_.display_name as display_3_23_, socialuser0_.expire_time as expire_t4_23_, socialuser0_.image_url as image_ur5_23_, socialuser0_.profile_url as profile_6_23_, socialuser0_.provider_id as provider7_23_, socialuser0_.provider_user_id as provider8_23_, socialuser0_.rank as rank9_23_, socialuser0_.refresh_token as refresh10_23_, socialuser0_.secret as secret11_23_, socialuser0_.user_id as user_id12_23_ from jhi_social_user_connection socialuser0_ where socialuser0_.user_id=? and socialuser0_.provider_id=? order by socialuser0_.rank asc
Hibernate: select socialuser0_.id as id1_23_, socialuser0_.access_token as access_t2_23_, socialuser0_.display_name as display_3_23_, socialuser0_.expire_time as expire_t4_23_, socialuser0_.image_url as image_ur5_23_, socialuser0_.profile_url as profile_6_23_, socialuser0_.provider_id as provider7_23_, socialuser0_.provider_user_id as provider8_23_, socialuser0_.rank as rank9_23_, socialuser0_.refresh_token as refresh10_23_, socialuser0_.secret as secret11_23_, socialuser0_.user_id as user_id12_23_ from jhi_social_user_connection socialuser0_ where socialuser0_.provider_id=? and socialuser0_.provider_user_id=?
Hibernate: select socialuser0_.id as id1_23_, socialuser0_.access_token as access_t2_23_, socialuser0_.display_name as display_3_23_, socialuser0_.expire_time as expire_t4_23_, socialuser0_.image_url as image_ur5_23_, socialuser0_.profile_url as profile_6_23_, socialuser0_.provider_id as provider7_23_, socialuser0_.provider_user_id as provider8_23_, socialuser0_.rank as rank9_23_, socialuser0_.refresh_token as refresh10_23_, socialuser0_.secret as secret11_23_, socialuser0_.user_id as user_id12_23_ from jhi_social_user_connection socialuser0_
Hibernate: insert into jhi_social_user_connection (id, access_token, display_name, expire_time, image_url, profile_url, provider_id, provider_user_id, rank, refresh_token, secret, user_id) values (null, ?, ?, ?, ?, ?, ?, ?, ?, ?, ?, ?)
Hibernate: select socialuser0_.id as id1_23_, socialuser0_.access_token as access_t2_23_, socialuser0_.display_name as display_3_23_, socialuser0_.expire_time as expire_t4_23_, socialuser0_.image_url as image_ur5_23_, socialuser0_.profile_url as profile_6_23_, socialuser0_.provider_id as provider7_23_, socialuser0_.provider_user_id as provider8_23_, socialuser0_.rank as rank9_23_, socialuser0_.refresh_token as refresh10_23_, socialuser0_.secret as secret11_23_, socialuser0_.user_id as user_id12_23_ from jhi_social_user_connection socialuser0_ where socialuser0_.user_id=? and socialuser0_.provider_id=? order by socialuser0_.rank asc
Hibernate: select socialuser0_.id as id1_23_, socialuser0_.access_token as access_t2_23_, socialuser0_.display_name as display_3_23_, socialuser0_.expire_time as expire_t4_23_, socialuser0_.image_url as image_ur5_23_, socialuser0_.profile_url as profile_6_23_, socialuser0_.provider_id as provider7_23_, socialuser0_.provider_user_id as provider8_23_, socialuser0_.rank as rank9_23_, socialuser0_.refresh_token as refresh10_23_, socialuser0_.secret as secret11_23_, socialuser0_.user_id as user_id12_23_ from jhi_social_user_connection socialuser0_ where socialuser0_.user_id=? and socialuser0_.provider_id=? and socialuser0_.provider_user_id=?
Hibernate: update jhi_social_user_connection set access_token=?, display_name=?, expire_time=?, image_url=?, profile_url=?, provider_id=?, provider_user_id=?, rank=?, refresh_token=?, secret=?, user_id=? where id=?
Hibernate: select socialuser0_.id as id1_23_, socialuser0_.access_token as access_t2_23_, socialuser0_.display_name as display_3_23_, socialuser0_.expire_time as expire_t4_23_, socialuser0_.image_url as image_ur5_23_, socialuser0_.profile_url as profile_6_23_, socialuser0_.provider_id as provider7_23_, socialuser0_.provider_user_id as provider8_23_, socialuser0_.rank as rank9_23_, socialuser0_.refresh_token as refresh10_23_, socialuser0_.secret as secret11_23_, socialuser0_.user_id as user_id12_23_ from jhi_social_user_connection socialuser0_ where socialuser0_.user_id=? and socialuser0_.provider_id=? order by socialuser0_.rank asc
Hibernate: select socialuser0_.id as id1_23_, socialuser0_.access_token as access_t2_23_, socialuser0_.display_name as display_3_23_, socialuser0_.expire_time as expire_t4_23_, socialuser0_.image_url as image_ur5_23_, socialuser0_.profile_url as profile_6_23_, socialuser0_.provider_id as provider7_23_, socialuser0_.provider_user_id as provider8_23_, socialuser0_.rank as rank9_23_, socialuser0_.refresh_token as refresh10_23_, socialuser0_.secret as secret11_23_, socialuser0_.user_id as user_id12_23_ from jhi_social_user_connection socialuser0_
Hibernate: select socialuser0_.id as id1_23_, socialuser0_.access_token as access_t2_23_, socialuser0_.display_name as display_3_23_, socialuser0_.expire_time as expire_t4_23_, socialuser0_.image_url as image_ur5_23_, socialuser0_.profile_url as profile_6_23_, socialuser0_.provider_id as provider7_23_, socialuser0_.provider_user_id as provider8_23_, socialuser0_.rank as rank9_23_, socialuser0_.refresh_token as refresh10_23_, socialuser0_.secret as secret11_23_, socialuser0_.user_id as user_id12_23_ from jhi_social_user_connection socialuser0_ where socialuser0_.user_id=? order by socialuser0_.provider_id asc, socialuser0_.rank asc
Hibernate: select socialuser0_.id as id1_23_, socialuser0_.access_token as access_t2_23_, socialuser0_.display_name as display_3_23_, socialuser0_.expire_time as expire_t4_23_, socialuser0_.image_url as image_ur5_23_, socialuser0_.profile_url as profile_6_23_, socialuser0_.provider_id as provider7_23_, socialuser0_.provider_user_id as provider8_23_, socialuser0_.rank as rank9_23_, socialuser0_.refresh_token as refresh10_23_, socialuser0_.secret as secret11_23_, socialuser0_.user_id as user_id12_23_ from jhi_social_user_connection socialuser0_
Hibernate: insert into jhi_social_user_connection (id, access_token, display_name, expire_time, image_url, profile_url, provider_id, provider_user_id, rank, refresh_token, secret, user_id) values (null, ?, ?, ?, ?, ?, ?, ?, ?, ?, ?, ?)
Hibernate: insert into jhi_social_user_connection (id, access_token, display_name, expire_time, image_url, profile_url, provider_id, provider_user_id, rank, refresh_token, secret, user_id) values (null, ?, ?, ?, ?, ?, ?, ?, ?, ?, ?, ?)
Hibernate: select socialuser0_.id as id1_23_, socialuser0_.access_token as access_t2_23_, socialuser0_.display_name as display_3_23_, socialuser0_.expire_time as expire_t4_23_, socialuser0_.image_url as image_ur5_23_, socialuser0_.profile_url as profile_6_23_, socialuser0_.provider_id as provider7_23_, socialuser0_.provider_user_id as provider8_23_, socialuser0_.rank as rank9_23_, socialuser0_.refresh_token as refresh10_23_, socialuser0_.secret as secret11_23_, socialuser0_.user_id as user_id12_23_ from jhi_social_user_connection socialuser0_ where socialuser0_.user_id=? and socialuser0_.provider_id=? and socialuser0_.provider_user_id=?
Hibernate: delete from jhi_social_user_connection where id=?
Hibernate: select socialuser0_.id as id1_23_, socialuser0_.access_token as access_t2_23_, socialuser0_.display_name as display_3_23_, socialuser0_.expire_time as expire_t4_23_, socialuser0_.image_url as image_ur5_23_, socialuser0_.profile_url as profile_6_23_, socialuser0_.provider_id as provider7_23_, socialuser0_.provider_user_id as provider8_23_, socialuser0_.rank as rank9_23_, socialuser0_.refresh_token as refresh10_23_, socialuser0_.secret as secret11_23_, socialuser0_.user_id as user_id12_23_ from jhi_social_user_connection socialuser0_ where socialuser0_.user_id=? and socialuser0_.provider_id=? order by socialuser0_.rank asc
Hibernate: select socialuser0_.id as id1_23_, socialuser0_.access_token as access_t2_23_, socialuser0_.display_name as display_3_23_, socialuser0_.expire_time as expire_t4_23_, socialuser0_.image_url as image_ur5_23_, socialuser0_.profile_url as profile_6_23_, socialuser0_.provider_id as provider7_23_, socialuser0_.provider_user_id as provider8_23_, socialuser0_.rank as rank9_23_, socialuser0_.refresh_token as refresh10_23_, socialuser0_.secret as secret11_23_, socialuser0_.user_id as user_id12_23_ from jhi_social_user_connection socialuser0_ where socialuser0_.user_id=? and socialuser0_.provider_id=? order by socialuser0_.rank asc
Hibernate: select socialuser0_.id as id1_23_, socialuser0_.access_token as access_t2_23_, socialuser0_.display_name as display_3_23_, socialuser0_.expire_time as expire_t4_23_, socialuser0_.image_url as image_ur5_23_, socialuser0_.profile_url as profile_6_23_, socialuser0_.provider_id as provider7_23_, socialuser0_.provider_user_id as provider8_23_, socialuser0_.rank as rank9_23_, socialuser0_.refresh_token as refresh10_23_, socialuser0_.secret as secret11_23_, socialuser0_.user_id as user_id12_23_ from jhi_social_user_connection socialuser0_
Hibernate: insert into jhi_social_user_connection (id, access_token, display_name, expire_time, image_url, profile_url, provider_id, provider_user_id, rank, refresh_token, secret, user_id) values (null, ?, ?, ?, ?, ?, ?, ?, ?, ?, ?, ?)
Hibernate: select socialuser0_.id as id1_23_, socialuser0_.access_token as access_t2_23_, socialuser0_.display_name as display_3_23_, socialuser0_.expire_time as expire_t4_23_, socialuser0_.image_url as image_ur5_23_, socialuser0_.profile_url as profile_6_23_, socialuser0_.provider_id as provider7_23_, socialuser0_.provider_user_id as provider8_23_, socialuser0_.rank as rank9_23_, socialuser0_.refresh_token as refresh10_23_, socialuser0_.secret as secret11_23_, socialuser0_.user_id as user_id12_23_ from jhi_social_user_connection socialuser0_ where socialuser0_.user_id=? and socialuser0_.provider_id=? order by socialuser0_.rank asc
Hibernate: select socialuser0_.id as id1_23_, socialuser0_.access_token as access_t2_23_, socialuser0_.display_name as display_3_23_, socialuser0_.expire_time as expire_t4_23_, socialuser0_.image_url as image_ur5_23_, socialuser0_.profile_url as profile_6_23_, socialuser0_.provider_id as provider7_23_, socialuser0_.provider_user_id as provider8_23_, socialuser0_.rank as rank9_23_, socialuser0_.refresh_token as refresh10_23_, socialuser0_.secret as secret11_23_, socialuser0_.user_id as user_id12_23_ from jhi_social_user_connection socialuser0_
Hibernate: select socialuser0_.id as id1_23_, socialuser0_.access_token as access_t2_23_, socialuser0_.display_name as display_3_23_, socialuser0_.expire_time as expire_t4_23_, socialuser0_.image_url as image_ur5_23_, socialuser0_.profile_url as profile_6_23_, socialuser0_.provider_id as provider7_23_, socialuser0_.provider_user_id as provider8_23_, socialuser0_.rank as rank9_23_, socialuser0_.refresh_token as refresh10_23_, socialuser0_.secret as secret11_23_, socialuser0_.user_id as user_id12_23_ from jhi_social_user_connection socialuser0_ where socialuser0_.user_id=? and socialuser0_.provider_id=? order by socialuser0_.rank asc
Hibernate: select socialuser0_.id as id1_23_, socialuser0_.access_token as access_t2_23_, socialuser0_.display_name as display_3_23_, socialuser0_.expire_time as expire_t4_23_, socialuser0_.image_url as image_ur5_23_, socialuser0_.profile_url as profile_6_23_, socialuser0_.provider_id as provider7_23_, socialuser0_.provider_user_id as provider8_23_, socialuser0_.rank as rank9_23_, socialuser0_.refresh_token as refresh10_23_, socialuser0_.secret as secret11_23_, socialuser0_.user_id as user_id12_23_ from jhi_social_user_connection socialuser0_
Hibernate: select socialuser0_.id as id1_23_, socialuser0_.access_token as access_t2_23_, socialuser0_.display_name as display_3_23_, socialuser0_.expire_time as expire_t4_23_, socialuser0_.image_url as image_ur5_23_, socialuser0_.profile_url as profile_6_23_, socialuser0_.provider_id as provider7_23_, socialuser0_.provider_user_id as provider8_23_, socialuser0_.rank as rank9_23_, socialuser0_.refresh_token as refresh10_23_, socialuser0_.secret as secret11_23_, socialuser0_.user_id as user_id12_23_ from jhi_social_user_connection socialuser0_ where socialuser0_.user_id=? and socialuser0_.provider_id=? order by socialuser0_.rank asc
Hibernate: insert into jhi_social_user_connection (id, access_token, display_name, expire_time, image_url, profile_url, provider_id, provider_user_id, rank, refresh_token, secret, user_id) values (null, ?, ?, ?, ?, ?, ?, ?, ?, ?, ?, ?)
Hibernate: select socialuser0_.id as id1_23_, socialuser0_.access_token as access_t2_23_, socialuser0_.display_name as display_3_23_, socialuser0_.expire_time as expire_t4_23_, socialuser0_.image_url as image_ur5_23_, socialuser0_.profile_url as profile_6_23_, socialuser0_.provider_id as provider7_23_, socialuser0_.provider_user_id as provider8_23_, socialuser0_.rank as rank9_23_, socialuser0_.refresh_token as refresh10_23_, socialuser0_.secret as secret11_23_, socialuser0_.user_id as user_id12_23_ from jhi_social_user_connection socialuser0_ where socialuser0_.user_id=? and socialuser0_.provider_id=? order by socialuser0_.rank asc
Hibernate: select socialuser0_.id as id1_23_, socialuser0_.access_token as access_t2_23_, socialuser0_.display_name as display_3_23_, socialuser0_.expire_time as expire_t4_23_, socialuser0_.image_url as image_ur5_23_, socialuser0_.profile_url as profile_6_23_, socialuser0_.provider_id as provider7_23_, socialuser0_.provider_user_id as provider8_23_, socialuser0_.rank as rank9_23_, socialuser0_.refresh_token as refresh10_23_, socialuser0_.secret as secret11_23_, socialuser0_.user_id as user_id12_23_ from jhi_social_user_connection socialuser0_
Hibernate: insert into jhi_social_user_connection (id, access_token, display_name, expire_time, image_url, profile_url, provider_id, provider_user_id, rank, refresh_token, secret, user_id) values (null, ?, ?, ?, ?, ?, ?, ?, ?, ?, ?, ?)
Hibernate: insert into jhi_social_user_connection (id, access_token, display_name, expire_time, image_url, profile_url, provider_id, provider_user_id, rank, refresh_token, secret, user_id) values (null, ?, ?, ?, ?, ?, ?, ?, ?, ?, ?, ?)
Hibernate: select socialuser0_.id as id1_23_, socialuser0_.access_token as access_t2_23_, socialuser0_.display_name as display_3_23_, socialuser0_.expire_time as expire_t4_23_, socialuser0_.image_url as image_ur5_23_, socialuser0_.profile_url as profile_6_23_, socialuser0_.provider_id as provider7_23_, socialuser0_.provider_user_id as provider8_23_, socialuser0_.rank as rank9_23_, socialuser0_.refresh_token as refresh10_23_, socialuser0_.secret as secret11_23_, socialuser0_.user_id as user_id12_23_ from jhi_social_user_connection socialuser0_ where socialuser0_.user_id=? and socialuser0_.provider_id=? order by socialuser0_.rank asc
Hibernate: select socialuser0_.id as id1_23_, socialuser0_.access_token as access_t2_23_, socialuser0_.display_name as display_3_23_, socialuser0_.expire_time as expire_t4_23_, socialuser0_.image_url as image_ur5_23_, socialuser0_.profile_url as profile_6_23_, socialuser0_.provider_id as provider7_23_, socialuser0_.provider_user_id as provider8_23_, socialuser0_.rank as rank9_23_, socialuser0_.refresh_token as refresh10_23_, socialuser0_.secret as secret11_23_, socialuser0_.user_id as user_id12_23_ from jhi_social_user_connection socialuser0_
Hibernate: select socialuser0_.id as id1_23_, socialuser0_.access_token as access_t2_23_, socialuser0_.display_name as display_3_23_, socialuser0_.expire_time as expire_t4_23_, socialuser0_.image_url as image_ur5_23_, socialuser0_.profile_url as profile_6_23_, socialuser0_.provider_id as provider7_23_, socialuser0_.provider_user_id as provider8_23_, socialuser0_.rank as rank9_23_, socialuser0_.refresh_token as refresh10_23_, socialuser0_.secret as secret11_23_, socialuser0_.user_id as user_id12_23_ from jhi_social_user_connection socialuser0_ where socialuser0_.user_id=? and socialuser0_.provider_id=? and (socialuser0_.provider_user_id in (?))
Hibernate: select socialuser0_.id as id1_23_, socialuser0_.access_token as access_t2_23_, socialuser0_.display_name as display_3_23_, socialuser0_.expire_time as expire_t4_23_, socialuser0_.image_url as image_ur5_23_, socialuser0_.profile_url as profile_6_23_, socialuser0_.provider_id as provider7_23_, socialuser0_.provider_user_id as provider8_23_, socialuser0_.rank as rank9_23_, socialuser0_.refresh_token as refresh10_23_, socialuser0_.secret as secret11_23_, socialuser0_.user_id as user_id12_23_ from jhi_social_user_connection socialuser0_
Hibernate: insert into jhi_social_user_connection (id, access_token, display_name, expire_time, image_url, profile_url, provider_id, provider_user_id, rank, refresh_token, secret, user_id) values (null, ?, ?, ?, ?, ?, ?, ?, ?, ?, ?, ?)
Hibernate: insert into jhi_social_user_connection (id, access_token, display_name, expire_time, image_url, profile_url, provider_id, provider_user_id, rank, refresh_token, secret, user_id) values (null, ?, ?, ?, ?, ?, ?, ?, ?, ?, ?, ?)
Hibernate: select socialuser0_.id as id1_23_, socialuser0_.access_token as access_t2_23_, socialuser0_.display_name as display_3_23_, socialuser0_.expire_time as expire_t4_23_, socialuser0_.image_url as image_ur5_23_, socialuser0_.profile_url as profile_6_23_, socialuser0_.provider_id as provider7_23_, socialuser0_.provider_user_id as provider8_23_, socialuser0_.rank as rank9_23_, socialuser0_.refresh_token as refresh10_23_, socialuser0_.secret as secret11_23_, socialuser0_.user_id as user_id12_23_ from jhi_social_user_connection socialuser0_ where socialuser0_.user_id=? and socialuser0_.provider_id=?
Hibernate: select socialuser0_.id as id1_23_, socialuser0_.access_token as access_t2_23_, socialuser0_.display_name as display_3_23_, socialuser0_.expire_time as expire_t4_23_, socialuser0_.image_url as image_ur5_23_, socialuser0_.profile_url as profile_6_23_, socialuser0_.provider_id as provider7_23_, socialuser0_.provider_user_id as provider8_23_, socialuser0_.rank as rank9_23_, socialuser0_.refresh_token as refresh10_23_, socialuser0_.secret as secret11_23_, socialuser0_.user_id as user_id12_23_ from jhi_social_user_connection socialuser0_
Hibernate: insert into jhi_social_user_connection (id, access_token, display_name, expire_time, image_url, profile_url, provider_id, provider_user_id, rank, refresh_token, secret, user_id) values (null, ?, ?, ?, ?, ?, ?, ?, ?, ?, ?, ?)
Hibernate: insert into jhi_social_user_connection (id, access_token, display_name, expire_time, image_url, profile_url, provider_id, provider_user_id, rank, refresh_token, secret, user_id) values (null, ?, ?, ?, ?, ?, ?, ?, ?, ?, ?, ?)
Hibernate: insert into jhi_social_user_connection (id, access_token, display_name, expire_time, image_url, profile_url, provider_id, provider_user_id, rank, refresh_token, secret, user_id) values (null, ?, ?, ?, ?, ?, ?, ?, ?, ?, ?, ?)
Hibernate: select socialuser0_.id as id1_23_, socialuser0_.access_token as access_t2_23_, socialuser0_.display_name as display_3_23_, socialuser0_.expire_time as expire_t4_23_, socialuser0_.image_url as image_ur5_23_, socialuser0_.profile_url as profile_6_23_, socialuser0_.provider_id as provider7_23_, socialuser0_.provider_user_id as provider8_23_, socialuser0_.rank as rank9_23_, socialuser0_.refresh_token as refresh10_23_, socialuser0_.secret as secret11_23_, socialuser0_.user_id as user_id12_23_ from jhi_social_user_connection socialuser0_ where socialuser0_.user_id=? and socialuser0_.provider_id=? and (socialuser0_.provider_user_id in (? , ?))
Hibernate: select socialuser0_.id as id1_23_, socialuser0_.access_token as access_t2_23_, socialuser0_.display_name as display_3_23_, socialuser0_.expire_time as expire_t4_23_, socialuser0_.image_url as image_ur5_23_, socialuser0_.profile_url as profile_6_23_, socialuser0_.provider_id as provider7_23_, socialuser0_.provider_user_id as provider8_23_, socialuser0_.rank as rank9_23_, socialuser0_.refresh_token as refresh10_23_, socialuser0_.secret as secret11_23_, socialuser0_.user_id as user_id12_23_ from jhi_social_user_connection socialuser0_ where socialuser0_.user_id=? and socialuser0_.provider_id=? and (socialuser0_.provider_user_id in (?))
Hibernate: select socialuser0_.id as id1_23_, socialuser0_.access_token as access_t2_23_, socialuser0_.display_name as display_3_23_, socialuser0_.expire_time as expire_t4_23_, socialuser0_.image_url as image_ur5_23_, socialuser0_.profile_url as profile_6_23_, socialuser0_.provider_id as provider7_23_, socialuser0_.provider_user_id as provider8_23_, socialuser0_.rank as rank9_23_, socialuser0_.refresh_token as refresh10_23_, socialuser0_.secret as secret11_23_, socialuser0_.user_id as user_id12_23_ from jhi_social_user_connection socialuser0_ where socialuser0_.user_id=? and socialuser0_.provider_id=? and socialuser0_.provider_user_id=?
Hibernate: select socialuser0_.id as id1_23_, socialuser0_.access_token as access_t2_23_, socialuser0_.display_name as display_3_23_, socialuser0_.expire_time as expire_t4_23_, socialuser0_.image_url as image_ur5_23_, socialuser0_.profile_url as profile_6_23_, socialuser0_.provider_id as provider7_23_, socialuser0_.provider_user_id as provider8_23_, socialuser0_.rank as rank9_23_, socialuser0_.refresh_token as refresh10_23_, socialuser0_.secret as secret11_23_, socialuser0_.user_id as user_id12_23_ from jhi_social_user_connection socialuser0_
Hibernate: insert into jhi_social_user_connection (id, access_token, display_name, expire_time, image_url, profile_url, provider_id, provider_user_id, rank, refresh_token, secret, user_id) values (null, ?, ?, ?, ?, ?, ?, ?, ?, ?, ?, ?)
Hibernate: select socialuser0_.id as id1_23_, socialuser0_.access_token as access_t2_23_, socialuser0_.display_name as display_3_23_, socialuser0_.expire_time as expire_t4_23_, socialuser0_.image_url as image_ur5_23_, socialuser0_.profile_url as profile_6_23_, socialuser0_.provider_id as provider7_23_, socialuser0_.provider_user_id as provider8_23_, socialuser0_.rank as rank9_23_, socialuser0_.refresh_token as refresh10_23_, socialuser0_.secret as secret11_23_, socialuser0_.user_id as user_id12_23_ from jhi_social_user_connection socialuser0_ where socialuser0_.user_id=? order by socialuser0_.provider_id asc, socialuser0_.rank asc
Hibernate: select socialuser0_.id as id1_23_, socialuser0_.access_token as access_t2_23_, socialuser0_.display_name as display_3_23_, socialuser0_.expire_time as expire_t4_23_, socialuser0_.image_url as image_ur5_23_, socialuser0_.profile_url as profile_6_23_, socialuser0_.provider_id as provider7_23_, socialuser0_.provider_user_id as provider8_23_, socialuser0_.rank as rank9_23_, socialuser0_.refresh_token as refresh10_23_, socialuser0_.secret as secret11_23_, socialuser0_.user_id as user_id12_23_ from jhi_social_user_connection socialuser0_
Hibernate: insert into jhi_social_user_connection (id, access_token, display_name, expire_time, image_url, profile_url, provider_id, provider_user_id, rank, refresh_token, secret, user_id) values (null, ?, ?, ?, ?, ?, ?, ?, ?, ?, ?, ?)
Hibernate: insert into jhi_social_user_connection (id, access_token, display_name, expire_time, image_url, profile_url, provider_id, provider_user_id, rank, refresh_token, secret, user_id) values (null, ?, ?, ?, ?, ?, ?, ?, ?, ?, ?, ?)
Hibernate: select socialuser0_.id as id1_23_, socialuser0_.access_token as access_t2_23_, socialuser0_.display_name as display_3_23_, socialuser0_.expire_time as expire_t4_23_, socialuser0_.image_url as image_ur5_23_, socialuser0_.profile_url as profile_6_23_, socialuser0_.provider_id as provider7_23_, socialuser0_.provider_user_id as provider8_23_, socialuser0_.rank as rank9_23_, socialuser0_.refresh_token as refresh10_23_, socialuser0_.secret as secret11_23_, socialuser0_.user_id as user_id12_23_ from jhi_social_user_connection socialuser0_ where socialuser0_.provider_id=? and (socialuser0_.provider_user_id in (? , ?))
Hibernate: select socialuser0_.id as id1_23_, socialuser0_.access_token as access_t2_23_, socialuser0_.display_name as display_3_23_, socialuser0_.expire_time as expire_t4_23_, socialuser0_.image_url as image_ur5_23_, socialuser0_.profile_url as profile_6_23_, socialuser0_.provider_id as provider7_23_, socialuser0_.provider_user_id as provider8_23_, socialuser0_.rank as rank9_23_, socialuser0_.refresh_token as refresh10_23_, socialuser0_.secret as secret11_23_, socialuser0_.user_id as user_id12_23_ from jhi_social_user_connection socialuser0_
Hibernate: select socialuser0_.id as id1_23_, socialuser0_.access_token as access_t2_23_, socialuser0_.display_name as display_3_23_, socialuser0_.expire_time as expire_t4_23_, socialuser0_.image_url as image_ur5_23_, socialuser0_.profile_url as profile_6_23_, socialuser0_.provider_id as provider7_23_, socialuser0_.provider_user_id as provider8_23_, socialuser0_.rank as rank9_23_, socialuser0_.refresh_token as refresh10_23_, socialuser0_.secret as secret11_23_, socialuser0_.user_id as user_id12_23_ from jhi_social_user_connection socialuser0_ where socialuser0_.provider_id=? and socialuser0_.provider_user_id=?
Hibernate: select socialuser0_.id as id1_23_, socialuser0_.access_token as access_t2_23_, socialuser0_.display_name as display_3_23_, socialuser0_.expire_time as expire_t4_23_, socialuser0_.image_url as image_ur5_23_, socialuser0_.profile_url as profile_6_23_, socialuser0_.provider_id as provider7_23_, socialuser0_.provider_user_id as provider8_23_, socialuser0_.rank as rank9_23_, socialuser0_.refresh_token as refresh10_23_, socialuser0_.secret as secret11_23_, socialuser0_.user_id as user_id12_23_ from jhi_social_user_connection socialuser0_
Hibernate: insert into jhi_social_user_connection (id, access_token, display_name, expire_time, image_url, profile_url, provider_id, provider_user_id, rank, refresh_token, secret, user_id) values (null, ?, ?, ?, ?, ?, ?, ?, ?, ?, ?, ?)
Hibernate: insert into jhi_social_user_connection (id, access_token, display_name, expire_time, image_url, profile_url, provider_id, provider_user_id, rank, refresh_token, secret, user_id) values (null, ?, ?, ?, ?, ?, ?, ?, ?, ?, ?, ?)
Hibernate: select socialuser0_.id as id1_23_, socialuser0_.access_token as access_t2_23_, socialuser0_.display_name as display_3_23_, socialuser0_.expire_time as expire_t4_23_, socialuser0_.image_url as image_ur5_23_, socialuser0_.profile_url as profile_6_23_, socialuser0_.provider_id as provider7_23_, socialuser0_.provider_user_id as provider8_23_, socialuser0_.rank as rank9_23_, socialuser0_.refresh_token as refresh10_23_, socialuser0_.secret as secret11_23_, socialuser0_.user_id as user_id12_23_ from jhi_social_user_connection socialuser0_ where socialuser0_.user_id=? and socialuser0_.provider_id=? order by socialuser0_.rank asc
Hibernate: select socialuser0_.id as id1_23_, socialuser0_.access_token as access_t2_23_, socialuser0_.display_name as display_3_23_, socialuser0_.expire_time as expire_t4_23_, socialuser0_.image_url as image_ur5_23_, socialuser0_.profile_url as profile_6_23_, socialuser0_.provider_id as provider7_23_, socialuser0_.provider_user_id as provider8_23_, socialuser0_.rank as rank9_23_, socialuser0_.refresh_token as refresh10_23_, socialuser0_.secret as secret11_23_, socialuser0_.user_id as user_id12_23_ from jhi_social_user_connection socialuser0_
Hibernate: insert into jhi_social_user_connection (id, access_token, display_name, expire_time, image_url, profile_url, provider_id, provider_user_id, rank, refresh_token, secret, user_id) values (null, ?, ?, ?, ?, ?, ?, ?, ?, ?, ?, ?)
Hibernate: select socialuser0_.id as id1_23_, socialuser0_.access_token as access_t2_23_, socialuser0_.display_name as display_3_23_, socialuser0_.expire_time as expire_t4_23_, socialuser0_.image_url as image_ur5_23_, socialuser0_.profile_url as profile_6_23_, socialuser0_.provider_id as provider7_23_, socialuser0_.provider_user_id as provider8_23_, socialuser0_.rank as rank9_23_, socialuser0_.refresh_token as refresh10_23_, socialuser0_.secret as secret11_23_, socialuser0_.user_id as user_id12_23_ from jhi_social_user_connection socialuser0_ where socialuser0_.user_id=? and socialuser0_.provider_id=? and socialuser0_.provider_user_id=?
Hibernate: select socialuser0_.id as id1_23_, socialuser0_.access_token as access_t2_23_, socialuser0_.display_name as display_3_23_, socialuser0_.expire_time as expire_t4_23_, socialuser0_.image_url as image_ur5_23_, socialuser0_.profile_url as profile_6_23_, socialuser0_.provider_id as provider7_23_, socialuser0_.provider_user_id as provider8_23_, socialuser0_.rank as rank9_23_, socialuser0_.refresh_token as refresh10_23_, socialuser0_.secret as secret11_23_, socialuser0_.user_id as user_id12_23_ from jhi_social_user_connection socialuser0_
Hibernate: select socialuser0_.id as id1_23_, socialuser0_.access_token as access_t2_23_, socialuser0_.display_name as display_3_23_, socialuser0_.expire_time as expire_t4_23_, socialuser0_.image_url as image_ur5_23_, socialuser0_.profile_url as profile_6_23_, socialuser0_.provider_id as provider7_23_, socialuser0_.provider_user_id as provider8_23_, socialuser0_.rank as rank9_23_, socialuser0_.refresh_token as refresh10_23_, socialuser0_.secret as secret11_23_, socialuser0_.user_id as user_id12_23_ from jhi_social_user_connection socialuser0_ where socialuser0_.user_id=? and socialuser0_.provider_id=? order by socialuser0_.rank asc
Hibernate: select socialuser0_.id as id1_23_, socialuser0_.access_token as access_t2_23_, socialuser0_.display_name as display_3_23_, socialuser0_.expire_time as expire_t4_23_, socialuser0_.image_url as image_ur5_23_, socialuser0_.profile_url as profile_6_23_, socialuser0_.provider_id as provider7_23_, socialuser0_.provider_user_id as provider8_23_, socialuser0_.rank as rank9_23_, socialuser0_.refresh_token as refresh10_23_, socialuser0_.secret as secret11_23_, socialuser0_.user_id as user_id12_23_ from jhi_social_user_connection socialuser0_
Hibernate: select socialuser0_.id as id1_23_, socialuser0_.access_token as access_t2_23_, socialuser0_.display_name as display_3_23_, socialuser0_.expire_time as expire_t4_23_, socialuser0_.image_url as image_ur5_23_, socialuser0_.profile_url as profile_6_23_, socialuser0_.provider_id as provider7_23_, socialuser0_.provider_user_id as provider8_23_, socialuser0_.rank as rank9_23_, socialuser0_.refresh_token as refresh10_23_, socialuser0_.secret as secret11_23_, socialuser0_.user_id as user_id12_23_ from jhi_social_user_connection socialuser0_ where socialuser0_.user_id=? and socialuser0_.provider_id=? and socialuser0_.provider_user_id=?
Hibernate: select socialuser0_.id as id1_23_, socialuser0_.access_token as access_t2_23_, socialuser0_.display_name as display_3_23_, socialuser0_.expire_time as expire_t4_23_, socialuser0_.image_url as image_ur5_23_, socialuser0_.profile_url as profile_6_23_, socialuser0_.provider_id as provider7_23_, socialuser0_.provider_user_id as provider8_23_, socialuser0_.rank as rank9_23_, socialuser0_.refresh_token as refresh10_23_, socialuser0_.secret as secret11_23_, socialuser0_.user_id as user_id12_23_ from jhi_social_user_connection socialuser0_
Hibernate: insert into jhi_social_user_connection (id, access_token, display_name, expire_time, image_url, profile_url, provider_id, provider_user_id, rank, refresh_token, secret, user_id) values (null, ?, ?, ?, ?, ?, ?, ?, ?, ?, ?, ?)
Hibernate: insert into jhi_social_user_connection (id, access_token, display_name, expire_time, image_url, profile_url, provider_id, provider_user_id, rank, refresh_token, secret, user_id) values (null, ?, ?, ?, ?, ?, ?, ?, ?, ?, ?, ?)
Hibernate: select socialuser0_.id as id1_23_, socialuser0_.access_token as access_t2_23_, socialuser0_.display_name as display_3_23_, socialuser0_.expire_time as expire_t4_23_, socialuser0_.image_url as image_ur5_23_, socialuser0_.profile_url as profile_6_23_, socialuser0_.provider_id as provider7_23_, socialuser0_.provider_user_id as provider8_23_, socialuser0_.rank as rank9_23_, socialuser0_.refresh_token as refresh10_23_, socialuser0_.secret as secret11_23_, socialuser0_.user_id as user_id12_23_ from jhi_social_user_connection socialuser0_ where socialuser0_.user_id=? and socialuser0_.provider_id=? order by socialuser0_.rank asc
Hibernate: select socialuser0_.id as id1_23_, socialuser0_.access_token as access_t2_23_, socialuser0_.display_name as display_3_23_, socialuser0_.expire_time as expire_t4_23_, socialuser0_.image_url as image_ur5_23_, socialuser0_.profile_url as profile_6_23_, socialuser0_.provider_id as provider7_23_, socialuser0_.provider_user_id as provider8_23_, socialuser0_.rank as rank9_23_, socialuser0_.refresh_token as refresh10_23_, socialuser0_.secret as secret11_23_, socialuser0_.user_id as user_id12_23_ from jhi_social_user_connection socialuser0_ where socialuser0_.provider_id=? and socialuser0_.provider_user_id=?
Hibernate: select socialuser0_.id as id1_23_, socialuser0_.access_token as access_t2_23_, socialuser0_.display_name as display_3_23_, socialuser0_.expire_time as expire_t4_23_, socialuser0_.image_url as image_ur5_23_, socialuser0_.profile_url as profile_6_23_, socialuser0_.provider_id as provider7_23_, socialuser0_.provider_user_id as provider8_23_, socialuser0_.rank as rank9_23_, socialuser0_.refresh_token as refresh10_23_, socialuser0_.secret as secret11_23_, socialuser0_.user_id as user_id12_23_ from jhi_social_user_connection socialuser0_
Hibernate: insert into jhi_social_user_connection (id, access_token, display_name, expire_time, image_url, profile_url, provider_id, provider_user_id, rank, refresh_token, secret, user_id) values (null, ?, ?, ?, ?, ?, ?, ?, ?, ?, ?, ?)
Hibernate: select socialuser0_.id as id1_23_, socialuser0_.access_token as access_t2_23_, socialuser0_.display_name as display_3_23_, socialuser0_.expire_time as expire_t4_23_, socialuser0_.image_url as image_ur5_23_, socialuser0_.profile_url as profile_6_23_, socialuser0_.provider_id as provider7_23_, socialuser0_.provider_user_id as provider8_23_, socialuser0_.rank as rank9_23_, socialuser0_.refresh_token as refresh10_23_, socialuser0_.secret as secret11_23_, socialuser0_.user_id as user_id12_23_ from jhi_social_user_connection socialuser0_ where socialuser0_.user_id=? and socialuser0_.provider_id=? and socialuser0_.provider_user_id=?
Hibernate: select socialuser0_.id as id1_23_, socialuser0_.access_token as access_t2_23_, socialuser0_.display_name as display_3_23_, socialuser0_.expire_time as expire_t4_23_, socialuser0_.image_url as image_ur5_23_, socialuser0_.profile_url as profile_6_23_, socialuser0_.provider_id as provider7_23_, socialuser0_.provider_user_id as provider8_23_, socialuser0_.rank as rank9_23_, socialuser0_.refresh_token as refresh10_23_, socialuser0_.secret as secret11_23_, socialuser0_.user_id as user_id12_23_ from jhi_social_user_connection socialuser0_
Hibernate: select socialuser0_.id as id1_23_, socialuser0_.access_token as access_t2_23_, socialuser0_.display_name as display_3_23_, socialuser0_.expire_time as expire_t4_23_, socialuser0_.image_url as image_ur5_23_, socialuser0_.profile_url as profile_6_23_, socialuser0_.provider_id as provider7_23_, socialuser0_.provider_user_id as provider8_23_, socialuser0_.rank as rank9_23_, socialuser0_.refresh_token as refresh10_23_, socialuser0_.secret as secret11_23_, socialuser0_.user_id as user_id12_23_ from jhi_social_user_connection socialuser0_
Hibernate: select socialuser0_.id as id1_23_, socialuser0_.access_token as access_t2_23_, socialuser0_.display_name as display_3_23_, socialuser0_.expire_time as expire_t4_23_, socialuser0_.image_url as image_ur5_23_, socialuser0_.profile_url as profile_6_23_, socialuser0_.provider_id as provider7_23_, socialuser0_.provider_user_id as provider8_23_, socialuser0_.rank as rank9_23_, socialuser0_.refresh_token as refresh10_23_, socialuser0_.secret as secret11_23_, socialuser0_.user_id as user_id12_23_ from jhi_social_user_connection socialuser0_ where socialuser0_.user_id=? and socialuser0_.provider_id=? order by socialuser0_.rank asc
Hibernate: insert into jhi_social_user_connection (id, access_token, display_name, expire_time, image_url, profile_url, provider_id, provider_user_id, rank, refresh_token, secret, user_id) values (null, ?, ?, ?, ?, ?, ?, ?, ?, ?, ?, ?)
Hibernate: select socialuser0_.id as id1_23_, socialuser0_.access_token as access_t2_23_, socialuser0_.display_name as display_3_23_, socialuser0_.expire_time as expire_t4_23_, socialuser0_.image_url as image_ur5_23_, socialuser0_.profile_url as profile_6_23_, socialuser0_.provider_id as provider7_23_, socialuser0_.provider_user_id as provider8_23_, socialuser0_.rank as rank9_23_, socialuser0_.refresh_token as refresh10_23_, socialuser0_.secret as secret11_23_, socialuser0_.user_id as user_id12_23_ from jhi_social_user_connection socialuser0_ where socialuser0_.user_id=? and socialuser0_.provider_id=? order by socialuser0_.rank asc
Hibernate: insert into jhi_social_user_connection (id, access_token, display_name, expire_time, image_url, profile_url, provider_id, provider_user_id, rank, refresh_token, secret, user_id) values (null, ?, ?, ?, ?, ?, ?, ?, ?, ?, ?, ?)
2016-07-06 19:21:52.763  WARN 60006 --- [    Test worker] o.h.engine.jdbc.spi.SqlExceptionHelper   : SQL Error: 23505, SQLState: 23505
2016-07-06 19:21:52.764 ERROR 60006 --- [    Test worker] o.h.engine.jdbc.spi.SqlExceptionHelper   : Unique index or primary key violation: "CONSTRAINT_INDEX_7 ON PUBLIC.JHI_SOCIAL_USER_CONNECTION(USER_ID, PROVIDER_ID, PROVIDER_USER_ID) VALUES ('1', 'facebook', '9', 23)"; SQL statement:
insert into jhi_social_user_connection (id, access_token, display_name, expire_time, image_url, profile_url, provider_id, provider_user_id, rank, refresh_token, secret, user_id) values (null, ?, ?, ?, ?, ?, ?, ?, ?, ?, ?, ?) [23505-191]
Hibernate: select socialuser0_.id as id1_23_, socialuser0_.access_token as access_t2_23_, socialuser0_.display_name as display_3_23_, socialuser0_.expire_time as expire_t4_23_, socialuser0_.image_url as image_ur5_23_, socialuser0_.profile_url as profile_6_23_, socialuser0_.provider_id as provider7_23_, socialuser0_.provider_user_id as provider8_23_, socialuser0_.rank as rank9_23_, socialuser0_.refresh_token as refresh10_23_, socialuser0_.secret as secret11_23_, socialuser0_.user_id as user_id12_23_ from jhi_social_user_connection socialuser0_
Hibernate: insert into jhi_social_user_connection (id, access_token, display_name, expire_time, image_url, profile_url, provider_id, provider_user_id, rank, refresh_token, secret, user_id) values (null, ?, ?, ?, ?, ?, ?, ?, ?, ?, ?, ?)
Hibernate: select socialuser0_.id as id1_23_, socialuser0_.access_token as access_t2_23_, socialuser0_.display_name as display_3_23_, socialuser0_.expire_time as expire_t4_23_, socialuser0_.image_url as image_ur5_23_, socialuser0_.profile_url as profile_6_23_, socialuser0_.provider_id as provider7_23_, socialuser0_.provider_user_id as provider8_23_, socialuser0_.rank as rank9_23_, socialuser0_.refresh_token as refresh10_23_, socialuser0_.secret as secret11_23_, socialuser0_.user_id as user_id12_23_ from jhi_social_user_connection socialuser0_ where socialuser0_.user_id=? and socialuser0_.provider_id=? order by socialuser0_.rank asc
Hibernate: select socialuser0_.id as id1_23_, socialuser0_.access_token as access_t2_23_, socialuser0_.display_name as display_3_23_, socialuser0_.expire_time as expire_t4_23_, socialuser0_.image_url as image_ur5_23_, socialuser0_.profile_url as profile_6_23_, socialuser0_.provider_id as provider7_23_, socialuser0_.provider_user_id as provider8_23_, socialuser0_.rank as rank9_23_, socialuser0_.refresh_token as refresh10_23_, socialuser0_.secret as secret11_23_, socialuser0_.user_id as user_id12_23_ from jhi_social_user_connection socialuser0_
Hibernate: select socialuser0_.id as id1_23_, socialuser0_.access_token as access_t2_23_, socialuser0_.display_name as display_3_23_, socialuser0_.expire_time as expire_t4_23_, socialuser0_.image_url as image_ur5_23_, socialuser0_.profile_url as profile_6_23_, socialuser0_.provider_id as provider7_23_, socialuser0_.provider_user_id as provider8_23_, socialuser0_.rank as rank9_23_, socialuser0_.refresh_token as refresh10_23_, socialuser0_.secret as secret11_23_, socialuser0_.user_id as user_id12_23_ from jhi_social_user_connection socialuser0_ where socialuser0_.user_id=? and socialuser0_.provider_id=? order by socialuser0_.rank asc
Hibernate: select socialuser0_.id as id1_23_, socialuser0_.access_token as access_t2_23_, socialuser0_.display_name as display_3_23_, socialuser0_.expire_time as expire_t4_23_, socialuser0_.image_url as image_ur5_23_, socialuser0_.profile_url as profile_6_23_, socialuser0_.provider_id as provider7_23_, socialuser0_.provider_user_id as provider8_23_, socialuser0_.rank as rank9_23_, socialuser0_.refresh_token as refresh10_23_, socialuser0_.secret as secret11_23_, socialuser0_.user_id as user_id12_23_ from jhi_social_user_connection socialuser0_
Hibernate: select socialuser0_.id as id1_23_, socialuser0_.access_token as access_t2_23_, socialuser0_.display_name as display_3_23_, socialuser0_.expire_time as expire_t4_23_, socialuser0_.image_url as image_ur5_23_, socialuser0_.profile_url as profile_6_23_, socialuser0_.provider_id as provider7_23_, socialuser0_.provider_user_id as provider8_23_, socialuser0_.rank as rank9_23_, socialuser0_.refresh_token as refresh10_23_, socialuser0_.secret as secret11_23_, socialuser0_.user_id as user_id12_23_ from jhi_social_user_connection socialuser0_ where socialuser0_.user_id=? and socialuser0_.provider_id=?
Hibernate: select socialuser0_.id as id1_23_, socialuser0_.access_token as access_t2_23_, socialuser0_.display_name as display_3_23_, socialuser0_.expire_time as expire_t4_23_, socialuser0_.image_url as image_ur5_23_, socialuser0_.profile_url as profile_6_23_, socialuser0_.provider_id as provider7_23_, socialuser0_.provider_user_id as provider8_23_, socialuser0_.rank as rank9_23_, socialuser0_.refresh_token as refresh10_23_, socialuser0_.secret as secret11_23_, socialuser0_.user_id as user_id12_23_ from jhi_social_user_connection socialuser0_
Hibernate: insert into jhi_social_user_connection (id, access_token, display_name, expire_time, image_url, profile_url, provider_id, provider_user_id, rank, refresh_token, secret, user_id) values (null, ?, ?, ?, ?, ?, ?, ?, ?, ?, ?, ?)
Hibernate: insert into jhi_social_user_connection (id, access_token, display_name, expire_time, image_url, profile_url, provider_id, provider_user_id, rank, refresh_token, secret, user_id) values (null, ?, ?, ?, ?, ?, ?, ?, ?, ?, ?, ?)
Hibernate: select socialuser0_.id as id1_23_, socialuser0_.access_token as access_t2_23_, socialuser0_.display_name as display_3_23_, socialuser0_.expire_time as expire_t4_23_, socialuser0_.image_url as image_ur5_23_, socialuser0_.profile_url as profile_6_23_, socialuser0_.provider_id as provider7_23_, socialuser0_.provider_user_id as provider8_23_, socialuser0_.rank as rank9_23_, socialuser0_.refresh_token as refresh10_23_, socialuser0_.secret as secret11_23_, socialuser0_.user_id as user_id12_23_ from jhi_social_user_connection socialuser0_ where socialuser0_.user_id=? and socialuser0_.provider_id=? and socialuser0_.provider_user_id=?
Hibernate: select socialuser0_.id as id1_23_, socialuser0_.access_token as access_t2_23_, socialuser0_.display_name as display_3_23_, socialuser0_.expire_time as expire_t4_23_, socialuser0_.image_url as image_ur5_23_, socialuser0_.profile_url as profile_6_23_, socialuser0_.provider_id as provider7_23_, socialuser0_.provider_user_id as provider8_23_, socialuser0_.rank as rank9_23_, socialuser0_.refresh_token as refresh10_23_, socialuser0_.secret as secret11_23_, socialuser0_.user_id as user_id12_23_ from jhi_social_user_connection socialuser0_ where socialuser0_.user_id=? and socialuser0_.provider_id=? and socialuser0_.provider_user_id=?
Hibernate: select socialuser0_.id as id1_23_, socialuser0_.access_token as access_t2_23_, socialuser0_.display_name as display_3_23_, socialuser0_.expire_time as expire_t4_23_, socialuser0_.image_url as image_ur5_23_, socialuser0_.profile_url as profile_6_23_, socialuser0_.provider_id as provider7_23_, socialuser0_.provider_user_id as provider8_23_, socialuser0_.rank as rank9_23_, socialuser0_.refresh_token as refresh10_23_, socialuser0_.secret as secret11_23_, socialuser0_.user_id as user_id12_23_ from jhi_social_user_connection socialuser0_
Hibernate: insert into jhi_social_user_connection (id, access_token, display_name, expire_time, image_url, profile_url, provider_id, provider_user_id, rank, refresh_token, secret, user_id) values (null, ?, ?, ?, ?, ?, ?, ?, ?, ?, ?, ?)
Hibernate: insert into jhi_social_user_connection (id, access_token, display_name, expire_time, image_url, profile_url, provider_id, provider_user_id, rank, refresh_token, secret, user_id) values (null, ?, ?, ?, ?, ?, ?, ?, ?, ?, ?, ?)
Hibernate: insert into jhi_social_user_connection (id, access_token, display_name, expire_time, image_url, profile_url, provider_id, provider_user_id, rank, refresh_token, secret, user_id) values (null, ?, ?, ?, ?, ?, ?, ?, ?, ?, ?, ?)
Hibernate: select socialuser0_.id as id1_23_, socialuser0_.access_token as access_t2_23_, socialuser0_.display_name as display_3_23_, socialuser0_.expire_time as expire_t4_23_, socialuser0_.image_url as image_ur5_23_, socialuser0_.profile_url as profile_6_23_, socialuser0_.provider_id as provider7_23_, socialuser0_.provider_user_id as provider8_23_, socialuser0_.rank as rank9_23_, socialuser0_.refresh_token as refresh10_23_, socialuser0_.secret as secret11_23_, socialuser0_.user_id as user_id12_23_ from jhi_social_user_connection socialuser0_ where socialuser0_.user_id=? order by socialuser0_.provider_id asc, socialuser0_.rank asc
Hibernate: select socialuser0_.id as id1_23_, socialuser0_.access_token as access_t2_23_, socialuser0_.display_name as display_3_23_, socialuser0_.expire_time as expire_t4_23_, socialuser0_.image_url as image_ur5_23_, socialuser0_.profile_url as profile_6_23_, socialuser0_.provider_id as provider7_23_, socialuser0_.provider_user_id as provider8_23_, socialuser0_.rank as rank9_23_, socialuser0_.refresh_token as refresh10_23_, socialuser0_.secret as secret11_23_, socialuser0_.user_id as user_id12_23_ from jhi_social_user_connection socialuser0_
Hibernate: insert into jhi_social_user_connection (id, access_token, display_name, expire_time, image_url, profile_url, provider_id, provider_user_id, rank, refresh_token, secret, user_id) values (null, ?, ?, ?, ?, ?, ?, ?, ?, ?, ?, ?)
Hibernate: select socialuser0_.id as id1_23_, socialuser0_.access_token as access_t2_23_, socialuser0_.display_name as display_3_23_, socialuser0_.expire_time as expire_t4_23_, socialuser0_.image_url as image_ur5_23_, socialuser0_.profile_url as profile_6_23_, socialuser0_.provider_id as provider7_23_, socialuser0_.provider_user_id as provider8_23_, socialuser0_.rank as rank9_23_, socialuser0_.refresh_token as refresh10_23_, socialuser0_.secret as secret11_23_, socialuser0_.user_id as user_id12_23_ from jhi_social_user_connection socialuser0_ where socialuser0_.user_id=? and socialuser0_.provider_id=? order by socialuser0_.rank asc
Hibernate: select socialuser0_.id as id1_23_, socialuser0_.access_token as access_t2_23_, socialuser0_.display_name as display_3_23_, socialuser0_.expire_time as expire_t4_23_, socialuser0_.image_url as image_ur5_23_, socialuser0_.profile_url as profile_6_23_, socialuser0_.provider_id as provider7_23_, socialuser0_.provider_user_id as provider8_23_, socialuser0_.rank as rank9_23_, socialuser0_.refresh_token as refresh10_23_, socialuser0_.secret as secret11_23_, socialuser0_.user_id as user_id12_23_ from jhi_social_user_connection socialuser0_ where socialuser0_.user_id=? and socialuser0_.provider_id=? and socialuser0_.provider_user_id=?
Hibernate: update jhi_social_user_connection set access_token=?, display_name=?, expire_time=?, image_url=?, profile_url=?, provider_id=?, provider_user_id=?, rank=?, refresh_token=?, secret=?, user_id=? where id=?
Hibernate: select socialuser0_.id as id1_23_, socialuser0_.access_token as access_t2_23_, socialuser0_.display_name as display_3_23_, socialuser0_.expire_time as expire_t4_23_, socialuser0_.image_url as image_ur5_23_, socialuser0_.profile_url as profile_6_23_, socialuser0_.provider_id as provider7_23_, socialuser0_.provider_user_id as provider8_23_, socialuser0_.rank as rank9_23_, socialuser0_.refresh_token as refresh10_23_, socialuser0_.secret as secret11_23_, socialuser0_.user_id as user_id12_23_ from jhi_social_user_connection socialuser0_ where socialuser0_.user_id=? and socialuser0_.provider_id=? order by socialuser0_.rank asc
Hibernate: select socialuser0_.id as id1_23_, socialuser0_.access_token as access_t2_23_, socialuser0_.display_name as display_3_23_, socialuser0_.expire_time as expire_t4_23_, socialuser0_.image_url as image_ur5_23_, socialuser0_.profile_url as profile_6_23_, socialuser0_.provider_id as provider7_23_, socialuser0_.provider_user_id as provider8_23_, socialuser0_.rank as rank9_23_, socialuser0_.refresh_token as refresh10_23_, socialuser0_.secret as secret11_23_, socialuser0_.user_id as user_id12_23_ from jhi_social_user_connection socialuser0_
Hibernate: insert into jhi_social_user_connection (id, access_token, display_name, expire_time, image_url, profile_url, provider_id, provider_user_id, rank, refresh_token, secret, user_id) values (null, ?, ?, ?, ?, ?, ?, ?, ?, ?, ?, ?)
Hibernate: insert into jhi_social_user_connection (id, access_token, display_name, expire_time, image_url, profile_url, provider_id, provider_user_id, rank, refresh_token, secret, user_id) values (null, ?, ?, ?, ?, ?, ?, ?, ?, ?, ?, ?)
Hibernate: select socialuser0_.id as id1_23_, socialuser0_.access_token as access_t2_23_, socialuser0_.display_name as display_3_23_, socialuser0_.expire_time as expire_t4_23_, socialuser0_.image_url as image_ur5_23_, socialuser0_.profile_url as profile_6_23_, socialuser0_.provider_id as provider7_23_, socialuser0_.provider_user_id as provider8_23_, socialuser0_.rank as rank9_23_, socialuser0_.refresh_token as refresh10_23_, socialuser0_.secret as secret11_23_, socialuser0_.user_id as user_id12_23_ from jhi_social_user_connection socialuser0_ where socialuser0_.user_id=? order by socialuser0_.provider_id asc, socialuser0_.rank asc
Hibernate: select socialuser0_.id as id1_23_, socialuser0_.access_token as access_t2_23_, socialuser0_.display_name as display_3_23_, socialuser0_.expire_time as expire_t4_23_, socialuser0_.image_url as image_ur5_23_, socialuser0_.profile_url as profile_6_23_, socialuser0_.provider_id as provider7_23_, socialuser0_.provider_user_id as provider8_23_, socialuser0_.rank as rank9_23_, socialuser0_.refresh_token as refresh10_23_, socialuser0_.secret as secret11_23_, socialuser0_.user_id as user_id12_23_ from jhi_social_user_connection socialuser0_
Hibernate: select socialuser0_.id as id1_23_, socialuser0_.access_token as access_t2_23_, socialuser0_.display_name as display_3_23_, socialuser0_.expire_time as expire_t4_23_, socialuser0_.image_url as image_ur5_23_, socialuser0_.profile_url as profile_6_23_, socialuser0_.provider_id as provider7_23_, socialuser0_.provider_user_id as provider8_23_, socialuser0_.rank as rank9_23_, socialuser0_.refresh_token as refresh10_23_, socialuser0_.secret as secret11_23_, socialuser0_.user_id as user_id12_23_ from jhi_social_user_connection socialuser0_ where socialuser0_.user_id=? and socialuser0_.provider_id=? and socialuser0_.provider_user_id=?
]]></system-out>
  <system-err><![CDATA[]]></system-err>
</testsuite>
