<?xml version="1.0" encoding="UTF-8"?>
<testsuite name="mozhotels.web.rest.InstanceTurResourceIntTest" tests="11" skipped="0" failures="0" errors="0" timestamp="2016-07-06T17:22:14" hostname="Edmilsons-MacBook-Pro.local" time="1.261">
  <properties/>
  <testcase name="deleteInstanceTur" classname="mozhotels.web.rest.InstanceTurResourceIntTest" time="0.075"/>
  <testcase name="checkInstanceTurNameIsRequired" classname="mozhotels.web.rest.InstanceTurResourceIntTest" time="0.035"/>
  <testcase name="createInstanceTur" classname="mozhotels.web.rest.InstanceTurResourceIntTest" time="0.147"/>
  <testcase name="getAllInstanceTurs" classname="mozhotels.web.rest.InstanceTurResourceIntTest" time="0.052"/>
  <testcase name="checkCurrencyIsRequired" classname="mozhotels.web.rest.InstanceTurResourceIntTest" time="0.038"/>
  <testcase name="getNonExistingInstanceTur" classname="mozhotels.web.rest.InstanceTurResourceIntTest" time="0.023"/>
  <testcase name="searchInstanceTur" classname="mozhotels.web.rest.InstanceTurResourceIntTest" time="0.47"/>
  <testcase name="checkAddressIsRequired" classname="mozhotels.web.rest.InstanceTurResourceIntTest" time="0.031"/>
  <testcase name="updateInstanceTur" classname="mozhotels.web.rest.InstanceTurResourceIntTest" time="0.077"/>
  <testcase name="checkDescriptionIsRequired" classname="mozhotels.web.rest.InstanceTurResourceIntTest" time="0.045"/>
  <testcase name="getInstanceTur" classname="mozhotels.web.rest.InstanceTurResourceIntTest" time="0.023"/>
  <system-out><![CDATA[Hibernate: insert into instance_tur (id, address, beds, contact_number_principal, currency, description, email, floors, instance_tur_name, instance_tur_type_id, latitude, local_tur_id, longitude, photo_principal, photo_principal_content_type, rating, rooms, website, zip_code) values (null, ?, ?, ?, ?, ?, ?, ?, ?, ?, ?, ?, ?, ?, ?, ?, ?, ?, ?)
Hibernate: select instancetu0_.id as id1_17_, instancetu0_.address as address2_17_, instancetu0_.beds as beds3_17_, instancetu0_.contact_number_principal as contact_4_17_, instancetu0_.currency as currency5_17_, instancetu0_.description as descript6_17_, instancetu0_.email as email7_17_, instancetu0_.floors as floors8_17_, instancetu0_.instance_tur_name as instance9_17_, instancetu0_.instance_tur_type_id as instanc18_17_, instancetu0_.latitude as latitud10_17_, instancetu0_.local_tur_id as local_t19_17_, instancetu0_.longitude as longitu11_17_, instancetu0_.photo_principal as photo_p12_17_, instancetu0_.photo_principal_content_type as photo_p13_17_, instancetu0_.rating as rating14_17_, instancetu0_.rooms as rooms15_17_, instancetu0_.website as website16_17_, instancetu0_.zip_code as zip_cod17_17_ from instance_tur instancetu0_
2016-07-06 19:22:14.264 DEBUG 60006 --- [    Test worker] mozhotels.web.rest.InstanceTurResource   : REST request to delete InstanceTur : 1
Hibernate: delete from instance_tur where id=?
Hibernate: select instancetu0_.id as id1_17_, instancetu0_.address as address2_17_, instancetu0_.beds as beds3_17_, instancetu0_.contact_number_principal as contact_4_17_, instancetu0_.currency as currency5_17_, instancetu0_.description as descript6_17_, instancetu0_.email as email7_17_, instancetu0_.floors as floors8_17_, instancetu0_.instance_tur_name as instance9_17_, instancetu0_.instance_tur_type_id as instanc18_17_, instancetu0_.latitude as latitud10_17_, instancetu0_.local_tur_id as local_t19_17_, instancetu0_.longitude as longitu11_17_, instancetu0_.photo_principal as photo_p12_17_, instancetu0_.photo_principal_content_type as photo_p13_17_, instancetu0_.rating as rating14_17_, instancetu0_.rooms as rooms15_17_, instancetu0_.website as website16_17_, instancetu0_.zip_code as zip_cod17_17_ from instance_tur instancetu0_
Hibernate: select instancetu0_.id as id1_17_, instancetu0_.address as address2_17_, instancetu0_.beds as beds3_17_, instancetu0_.contact_number_principal as contact_4_17_, instancetu0_.currency as currency5_17_, instancetu0_.description as descript6_17_, instancetu0_.email as email7_17_, instancetu0_.floors as floors8_17_, instancetu0_.instance_tur_name as instance9_17_, instancetu0_.instance_tur_type_id as instanc18_17_, instancetu0_.latitude as latitud10_17_, instancetu0_.local_tur_id as local_t19_17_, instancetu0_.longitude as longitu11_17_, instancetu0_.photo_principal as photo_p12_17_, instancetu0_.photo_principal_content_type as photo_p13_17_, instancetu0_.rating as rating14_17_, instancetu0_.rooms as rooms15_17_, instancetu0_.website as website16_17_, instancetu0_.zip_code as zip_cod17_17_ from instance_tur instancetu0_
Hibernate: select instancetu0_.id as id1_17_, instancetu0_.address as address2_17_, instancetu0_.beds as beds3_17_, instancetu0_.contact_number_principal as contact_4_17_, instancetu0_.currency as currency5_17_, instancetu0_.description as descript6_17_, instancetu0_.email as email7_17_, instancetu0_.floors as floors8_17_, instancetu0_.instance_tur_name as instance9_17_, instancetu0_.instance_tur_type_id as instanc18_17_, instancetu0_.latitude as latitud10_17_, instancetu0_.local_tur_id as local_t19_17_, instancetu0_.longitude as longitu11_17_, instancetu0_.photo_principal as photo_p12_17_, instancetu0_.photo_principal_content_type as photo_p13_17_, instancetu0_.rating as rating14_17_, instancetu0_.rooms as rooms15_17_, instancetu0_.website as website16_17_, instancetu0_.zip_code as zip_cod17_17_ from instance_tur instancetu0_
Hibernate: select instancetu0_.id as id1_17_, instancetu0_.address as address2_17_, instancetu0_.beds as beds3_17_, instancetu0_.contact_number_principal as contact_4_17_, instancetu0_.currency as currency5_17_, instancetu0_.description as descript6_17_, instancetu0_.email as email7_17_, instancetu0_.floors as floors8_17_, instancetu0_.instance_tur_name as instance9_17_, instancetu0_.instance_tur_type_id as instanc18_17_, instancetu0_.latitude as latitud10_17_, instancetu0_.local_tur_id as local_t19_17_, instancetu0_.longitude as longitu11_17_, instancetu0_.photo_principal as photo_p12_17_, instancetu0_.photo_principal_content_type as photo_p13_17_, instancetu0_.rating as rating14_17_, instancetu0_.rooms as rooms15_17_, instancetu0_.website as website16_17_, instancetu0_.zip_code as zip_cod17_17_ from instance_tur instancetu0_
2016-07-06 19:22:14.427 DEBUG 60006 --- [    Test worker] mozhotels.web.rest.InstanceTurResource   : REST request to save InstanceTur : InstanceTur{id=null, instanceTurName='AAAAA', description='AAAAA', address='AAAAA', website='AAAAA', email='AAAAA', latitude='1.0', longitude='1.0', rooms='1', beds='1', floors='1', rating='NA', currency='AAAAA', contactNumberPrincipal='1', zipCode='AAAAA', photoPrincipal='[B@5c957fde', photoPrincipalContentType='image/jpg'}
Hibernate: insert into instance_tur (id, address, beds, contact_number_principal, currency, description, email, floors, instance_tur_name, instance_tur_type_id, latitude, local_tur_id, longitude, photo_principal, photo_principal_content_type, rating, rooms, website, zip_code) values (null, ?, ?, ?, ?, ?, ?, ?, ?, ?, ?, ?, ?, ?, ?, ?, ?, ?, ?)
Hibernate: select instancetu0_.id as id1_17_, instancetu0_.address as address2_17_, instancetu0_.beds as beds3_17_, instancetu0_.contact_number_principal as contact_4_17_, instancetu0_.currency as currency5_17_, instancetu0_.description as descript6_17_, instancetu0_.email as email7_17_, instancetu0_.floors as floors8_17_, instancetu0_.instance_tur_name as instance9_17_, instancetu0_.instance_tur_type_id as instanc18_17_, instancetu0_.latitude as latitud10_17_, instancetu0_.local_tur_id as local_t19_17_, instancetu0_.longitude as longitu11_17_, instancetu0_.photo_principal as photo_p12_17_, instancetu0_.photo_principal_content_type as photo_p13_17_, instancetu0_.rating as rating14_17_, instancetu0_.rooms as rooms15_17_, instancetu0_.website as website16_17_, instancetu0_.zip_code as zip_cod17_17_ from instance_tur instancetu0_
Hibernate: insert into instance_tur (id, address, beds, contact_number_principal, currency, description, email, floors, instance_tur_name, instance_tur_type_id, latitude, local_tur_id, longitude, photo_principal, photo_principal_content_type, rating, rooms, website, zip_code) values (null, ?, ?, ?, ?, ?, ?, ?, ?, ?, ?, ?, ?, ?, ?, ?, ?, ?, ?)
2016-07-06 19:22:14.576 DEBUG 60006 --- [    Test worker] mozhotels.web.rest.InstanceTurResource   : REST request to get all InstanceTurs
Hibernate: select instancetu0_.id as id1_17_, instancetu0_.address as address2_17_, instancetu0_.beds as beds3_17_, instancetu0_.contact_number_principal as contact_4_17_, instancetu0_.currency as currency5_17_, instancetu0_.description as descript6_17_, instancetu0_.email as email7_17_, instancetu0_.floors as floors8_17_, instancetu0_.instance_tur_name as instance9_17_, instancetu0_.instance_tur_type_id as instanc18_17_, instancetu0_.latitude as latitud10_17_, instancetu0_.local_tur_id as local_t19_17_, instancetu0_.longitude as longitu11_17_, instancetu0_.photo_principal as photo_p12_17_, instancetu0_.photo_principal_content_type as photo_p13_17_, instancetu0_.rating as rating14_17_, instancetu0_.rooms as rooms15_17_, instancetu0_.website as website16_17_, instancetu0_.zip_code as zip_cod17_17_ from instance_tur instancetu0_
Hibernate: select instancetu0_.id as id1_17_, instancetu0_.address as address2_17_, instancetu0_.beds as beds3_17_, instancetu0_.contact_number_principal as contact_4_17_, instancetu0_.currency as currency5_17_, instancetu0_.description as descript6_17_, instancetu0_.email as email7_17_, instancetu0_.floors as floors8_17_, instancetu0_.instance_tur_name as instance9_17_, instancetu0_.instance_tur_type_id as instanc18_17_, instancetu0_.latitude as latitud10_17_, instancetu0_.local_tur_id as local_t19_17_, instancetu0_.longitude as longitu11_17_, instancetu0_.photo_principal as photo_p12_17_, instancetu0_.photo_principal_content_type as photo_p13_17_, instancetu0_.rating as rating14_17_, instancetu0_.rooms as rooms15_17_, instancetu0_.website as website16_17_, instancetu0_.zip_code as zip_cod17_17_ from instance_tur instancetu0_
Hibernate: select instancetu0_.id as id1_17_, instancetu0_.address as address2_17_, instancetu0_.beds as beds3_17_, instancetu0_.contact_number_principal as contact_4_17_, instancetu0_.currency as currency5_17_, instancetu0_.description as descript6_17_, instancetu0_.email as email7_17_, instancetu0_.floors as floors8_17_, instancetu0_.instance_tur_name as instance9_17_, instancetu0_.instance_tur_type_id as instanc18_17_, instancetu0_.latitude as latitud10_17_, instancetu0_.local_tur_id as local_t19_17_, instancetu0_.longitude as longitu11_17_, instancetu0_.photo_principal as photo_p12_17_, instancetu0_.photo_principal_content_type as photo_p13_17_, instancetu0_.rating as rating14_17_, instancetu0_.rooms as rooms15_17_, instancetu0_.website as website16_17_, instancetu0_.zip_code as zip_cod17_17_ from instance_tur instancetu0_
2016-07-06 19:22:14.695 DEBUG 60006 --- [    Test worker] mozhotels.web.rest.InstanceTurResource   : REST request to get InstanceTur : 9223372036854775807
Hibernate: select instancetu0_.id as id1_17_0_, instancetu0_.address as address2_17_0_, instancetu0_.beds as beds3_17_0_, instancetu0_.contact_number_principal as contact_4_17_0_, instancetu0_.currency as currency5_17_0_, instancetu0_.description as descript6_17_0_, instancetu0_.email as email7_17_0_, instancetu0_.floors as floors8_17_0_, instancetu0_.instance_tur_name as instance9_17_0_, instancetu0_.instance_tur_type_id as instanc18_17_0_, instancetu0_.latitude as latitud10_17_0_, instancetu0_.local_tur_id as local_t19_17_0_, instancetu0_.longitude as longitu11_17_0_, instancetu0_.photo_principal as photo_p12_17_0_, instancetu0_.photo_principal_content_type as photo_p13_17_0_, instancetu0_.rating as rating14_17_0_, instancetu0_.rooms as rooms15_17_0_, instancetu0_.website as website16_17_0_, instancetu0_.zip_code as zip_cod17_17_0_, instancetu1_.id as id1_18_1_, instancetu1_.description as descript2_18_1_, instancetu1_.instance_tur_type_name as instance3_18_1_, localtur2_.id as id1_26_2_, localtur2_.description as descript2_26_2_, localtur2_.local_tur_name as local_tu3_26_2_, localtur2_.photo_principal as photo_pr4_26_2_, localtur2_.photo_principal_content_type as photo_pr5_26_2_, localtur2_.province_id as province6_26_2_, province3_.id as id1_28_3_, province3_.description as descript2_28_3_, province3_.photo_principal as photo_pr3_28_3_, province3_.photo_principal_content_type as photo_pr4_28_3_, province3_.province_name as province5_28_3_, province3_.region_id as region_i6_28_3_, region4_.id as id1_29_4_, region4_.country_id as country_4_29_4_, region4_.description as descript2_29_4_, region4_.region_name as region_n3_29_4_, country5_.id as id1_4_5_, country5_.country_name as country_2_4_5_, country5_.description as descript3_4_5_ from instance_tur instancetu0_ left outer join instance_tur_type instancetu1_ on instancetu0_.instance_tur_type_id=instancetu1_.id left outer join local_tur localtur2_ on instancetu0_.local_tur_id=localtur2_.id left outer join province province3_ on localtur2_.province_id=province3_.id left outer join region region4_ on province3_.region_id=region4_.id left outer join country country5_ on region4_.country_id=country5_.id where instancetu0_.id=?
Hibernate: insert into instance_tur (id, address, beds, contact_number_principal, currency, description, email, floors, instance_tur_name, instance_tur_type_id, latitude, local_tur_id, longitude, photo_principal, photo_principal_content_type, rating, rooms, website, zip_code) values (null, ?, ?, ?, ?, ?, ?, ?, ?, ?, ?, ?, ?, ?, ?, ?, ?, ?, ?)
2016-07-06 19:22:15.188 DEBUG 60006 --- [    Test worker] mozhotels.web.rest.InstanceTurResource   : REST request to search InstanceTurs for query id:4
Hibernate: select instancetu0_.id as id1_17_, instancetu0_.address as address2_17_, instancetu0_.beds as beds3_17_, instancetu0_.contact_number_principal as contact_4_17_, instancetu0_.currency as currency5_17_, instancetu0_.description as descript6_17_, instancetu0_.email as email7_17_, instancetu0_.floors as floors8_17_, instancetu0_.instance_tur_name as instance9_17_, instancetu0_.instance_tur_type_id as instanc18_17_, instancetu0_.latitude as latitud10_17_, instancetu0_.local_tur_id as local_t19_17_, instancetu0_.longitude as longitu11_17_, instancetu0_.photo_principal as photo_p12_17_, instancetu0_.photo_principal_content_type as photo_p13_17_, instancetu0_.rating as rating14_17_, instancetu0_.rooms as rooms15_17_, instancetu0_.website as website16_17_, instancetu0_.zip_code as zip_cod17_17_ from instance_tur instancetu0_
Hibernate: select instancetu0_.id as id1_17_, instancetu0_.address as address2_17_, instancetu0_.beds as beds3_17_, instancetu0_.contact_number_principal as contact_4_17_, instancetu0_.currency as currency5_17_, instancetu0_.description as descript6_17_, instancetu0_.email as email7_17_, instancetu0_.floors as floors8_17_, instancetu0_.instance_tur_name as instance9_17_, instancetu0_.instance_tur_type_id as instanc18_17_, instancetu0_.latitude as latitud10_17_, instancetu0_.local_tur_id as local_t19_17_, instancetu0_.longitude as longitu11_17_, instancetu0_.photo_principal as photo_p12_17_, instancetu0_.photo_principal_content_type as photo_p13_17_, instancetu0_.rating as rating14_17_, instancetu0_.rooms as rooms15_17_, instancetu0_.website as website16_17_, instancetu0_.zip_code as zip_cod17_17_ from instance_tur instancetu0_
Hibernate: insert into instance_tur (id, address, beds, contact_number_principal, currency, description, email, floors, instance_tur_name, instance_tur_type_id, latitude, local_tur_id, longitude, photo_principal, photo_principal_content_type, rating, rooms, website, zip_code) values (null, ?, ?, ?, ?, ?, ?, ?, ?, ?, ?, ?, ?, ?, ?, ?, ?, ?, ?)
Hibernate: select instancetu0_.id as id1_17_, instancetu0_.address as address2_17_, instancetu0_.beds as beds3_17_, instancetu0_.contact_number_principal as contact_4_17_, instancetu0_.currency as currency5_17_, instancetu0_.description as descript6_17_, instancetu0_.email as email7_17_, instancetu0_.floors as floors8_17_, instancetu0_.instance_tur_name as instance9_17_, instancetu0_.instance_tur_type_id as instanc18_17_, instancetu0_.latitude as latitud10_17_, instancetu0_.local_tur_id as local_t19_17_, instancetu0_.longitude as longitu11_17_, instancetu0_.photo_principal as photo_p12_17_, instancetu0_.photo_principal_content_type as photo_p13_17_, instancetu0_.rating as rating14_17_, instancetu0_.rooms as rooms15_17_, instancetu0_.website as website16_17_, instancetu0_.zip_code as zip_cod17_17_ from instance_tur instancetu0_
2016-07-06 19:22:15.319 DEBUG 60006 --- [    Test worker] mozhotels.web.rest.InstanceTurResource   : REST request to update InstanceTur : InstanceTur{id=5, instanceTurName='BBBBB', description='BBBBB', address='BBBBB', website='BBBBB', email='BBBBB', latitude='2.0', longitude='2.0', rooms='2', beds='2', floors='2', rating='ONE', currency='BBBBB', contactNumberPrincipal='2', zipCode='BBBBB', photoPrincipal='[B@6fe059a', photoPrincipalContentType='image/png'}
Hibernate: update instance_tur set address=?, beds=?, contact_number_principal=?, currency=?, description=?, email=?, floors=?, instance_tur_name=?, instance_tur_type_id=?, latitude=?, local_tur_id=?, longitude=?, photo_principal=?, photo_principal_content_type=?, rating=?, rooms=?, website=?, zip_code=? where id=?
Hibernate: select instancetu0_.id as id1_17_, instancetu0_.address as address2_17_, instancetu0_.beds as beds3_17_, instancetu0_.contact_number_principal as contact_4_17_, instancetu0_.currency as currency5_17_, instancetu0_.description as descript6_17_, instancetu0_.email as email7_17_, instancetu0_.floors as floors8_17_, instancetu0_.instance_tur_name as instance9_17_, instancetu0_.instance_tur_type_id as instanc18_17_, instancetu0_.latitude as latitud10_17_, instancetu0_.local_tur_id as local_t19_17_, instancetu0_.longitude as longitu11_17_, instancetu0_.photo_principal as photo_p12_17_, instancetu0_.photo_principal_content_type as photo_p13_17_, instancetu0_.rating as rating14_17_, instancetu0_.rooms as rooms15_17_, instancetu0_.website as website16_17_, instancetu0_.zip_code as zip_cod17_17_ from instance_tur instancetu0_
Hibernate: select instancetu0_.id as id1_17_, instancetu0_.address as address2_17_, instancetu0_.beds as beds3_17_, instancetu0_.contact_number_principal as contact_4_17_, instancetu0_.currency as currency5_17_, instancetu0_.description as descript6_17_, instancetu0_.email as email7_17_, instancetu0_.floors as floors8_17_, instancetu0_.instance_tur_name as instance9_17_, instancetu0_.instance_tur_type_id as instanc18_17_, instancetu0_.latitude as latitud10_17_, instancetu0_.local_tur_id as local_t19_17_, instancetu0_.longitude as longitu11_17_, instancetu0_.photo_principal as photo_p12_17_, instancetu0_.photo_principal_content_type as photo_p13_17_, instancetu0_.rating as rating14_17_, instancetu0_.rooms as rooms15_17_, instancetu0_.website as website16_17_, instancetu0_.zip_code as zip_cod17_17_ from instance_tur instancetu0_
Hibernate: select instancetu0_.id as id1_17_, instancetu0_.address as address2_17_, instancetu0_.beds as beds3_17_, instancetu0_.contact_number_principal as contact_4_17_, instancetu0_.currency as currency5_17_, instancetu0_.description as descript6_17_, instancetu0_.email as email7_17_, instancetu0_.floors as floors8_17_, instancetu0_.instance_tur_name as instance9_17_, instancetu0_.instance_tur_type_id as instanc18_17_, instancetu0_.latitude as latitud10_17_, instancetu0_.local_tur_id as local_t19_17_, instancetu0_.longitude as longitu11_17_, instancetu0_.photo_principal as photo_p12_17_, instancetu0_.photo_principal_content_type as photo_p13_17_, instancetu0_.rating as rating14_17_, instancetu0_.rooms as rooms15_17_, instancetu0_.website as website16_17_, instancetu0_.zip_code as zip_cod17_17_ from instance_tur instancetu0_
Hibernate: insert into instance_tur (id, address, beds, contact_number_principal, currency, description, email, floors, instance_tur_name, instance_tur_type_id, latitude, local_tur_id, longitude, photo_principal, photo_principal_content_type, rating, rooms, website, zip_code) values (null, ?, ?, ?, ?, ?, ?, ?, ?, ?, ?, ?, ?, ?, ?, ?, ?, ?, ?)
2016-07-06 19:22:15.450 DEBUG 60006 --- [    Test worker] mozhotels.web.rest.InstanceTurResource   : REST request to get InstanceTur : 6
]]></system-out>
  <system-err><![CDATA[]]></system-err>
</testsuite>
