<?xml version="1.0" encoding="UTF-8"?>
<testsuite name="mozhotels.web.rest.TouristResourceIntTest" tests="15" skipped="0" failures="0" errors="0" timestamp="2016-07-06T17:22:19" hostname="Edmilsons-MacBook-Pro.local" time="1.197">
  <properties/>
  <testcase name="checkFirstNameIsRequired" classname="mozhotels.web.rest.TouristResourceIntTest" time="0.059"/>
  <testcase name="deleteTourist" classname="mozhotels.web.rest.TouristResourceIntTest" time="0.083"/>
  <testcase name="getAllTourists" classname="mozhotels.web.rest.TouristResourceIntTest" time="0.015"/>
  <testcase name="checkCreateDateIsRequired" classname="mozhotels.web.rest.TouristResourceIntTest" time="0.028"/>
  <testcase name="getTourist" classname="mozhotels.web.rest.TouristResourceIntTest" time="0.016"/>
  <testcase name="searchTourist" classname="mozhotels.web.rest.TouristResourceIntTest" time="0.096"/>
  <testcase name="checkCountryBookingIsRequired" classname="mozhotels.web.rest.TouristResourceIntTest" time="0.033"/>
  <testcase name="checkPhoneNumberIsRequired" classname="mozhotels.web.rest.TouristResourceIntTest" time="0.026"/>
  <testcase name="checkEmailIsRequired" classname="mozhotels.web.rest.TouristResourceIntTest" time="0.027"/>
  <testcase name="getNonExistingTourist" classname="mozhotels.web.rest.TouristResourceIntTest" time="0.014"/>
  <testcase name="checkLastNameIsRequired" classname="mozhotels.web.rest.TouristResourceIntTest" time="0.022"/>
  <testcase name="createTourist" classname="mozhotels.web.rest.TouristResourceIntTest" time="0.139"/>
  <testcase name="checkEditDateIsRequired" classname="mozhotels.web.rest.TouristResourceIntTest" time="0.024"/>
  <testcase name="updateTourist" classname="mozhotels.web.rest.TouristResourceIntTest" time="0.317"/>
  <testcase name="checkCountryResidenceIsRequired" classname="mozhotels.web.rest.TouristResourceIntTest" time="0.034"/>
  <system-out><![CDATA[Hibernate: select tourist0_.id as id1_30_, tourist0_.country_booking as country_2_30_, tourist0_.country_residence as country_3_30_, tourist0_.create_date as create_d4_30_, tourist0_.currency as currency5_30_, tourist0_.edit_date as edit_dat6_30_, tourist0_.email as email7_30_, tourist0_.first_name as first_na8_30_, tourist0_.language as language9_30_, tourist0_.last_name as last_na10_30_, tourist0_.phone_number as phone_n11_30_, tourist0_.photo_principal as photo_p12_30_, tourist0_.photo_principal_content_type as photo_p13_30_, tourist0_.user_id as user_id14_30_ from tourist tourist0_
Hibernate: select tourist0_.id as id1_30_, tourist0_.country_booking as country_2_30_, tourist0_.country_residence as country_3_30_, tourist0_.create_date as create_d4_30_, tourist0_.currency as currency5_30_, tourist0_.edit_date as edit_dat6_30_, tourist0_.email as email7_30_, tourist0_.first_name as first_na8_30_, tourist0_.language as language9_30_, tourist0_.last_name as last_na10_30_, tourist0_.phone_number as phone_n11_30_, tourist0_.photo_principal as photo_p12_30_, tourist0_.photo_principal_content_type as photo_p13_30_, tourist0_.user_id as user_id14_30_ from tourist tourist0_
Hibernate: insert into tourist (id, country_booking, country_residence, create_date, currency, edit_date, email, first_name, language, last_name, phone_number, photo_principal, photo_principal_content_type, user_id) values (null, ?, ?, ?, ?, ?, ?, ?, ?, ?, ?, ?, ?, ?)
Hibernate: select tourist0_.id as id1_30_, tourist0_.country_booking as country_2_30_, tourist0_.country_residence as country_3_30_, tourist0_.create_date as create_d4_30_, tourist0_.currency as currency5_30_, tourist0_.edit_date as edit_dat6_30_, tourist0_.email as email7_30_, tourist0_.first_name as first_na8_30_, tourist0_.language as language9_30_, tourist0_.last_name as last_na10_30_, tourist0_.phone_number as phone_n11_30_, tourist0_.photo_principal as photo_p12_30_, tourist0_.photo_principal_content_type as photo_p13_30_, tourist0_.user_id as user_id14_30_ from tourist tourist0_
2016-07-06 19:22:19.977 DEBUG 60006 --- [    Test worker] mozhotels.web.rest.TouristResource       : REST request to delete Tourist : 1
Hibernate: delete from tourist where id=?
Hibernate: select tourist0_.id as id1_30_, tourist0_.country_booking as country_2_30_, tourist0_.country_residence as country_3_30_, tourist0_.create_date as create_d4_30_, tourist0_.currency as currency5_30_, tourist0_.edit_date as edit_dat6_30_, tourist0_.email as email7_30_, tourist0_.first_name as first_na8_30_, tourist0_.language as language9_30_, tourist0_.last_name as last_na10_30_, tourist0_.phone_number as phone_n11_30_, tourist0_.photo_principal as photo_p12_30_, tourist0_.photo_principal_content_type as photo_p13_30_, tourist0_.user_id as user_id14_30_ from tourist tourist0_
Hibernate: insert into tourist (id, country_booking, country_residence, create_date, currency, edit_date, email, first_name, language, last_name, phone_number, photo_principal, photo_principal_content_type, user_id) values (null, ?, ?, ?, ?, ?, ?, ?, ?, ?, ?, ?, ?, ?)
2016-07-06 19:22:20.014 DEBUG 60006 --- [    Test worker] mozhotels.web.rest.TouristResource       : REST request to get all Tourists
Hibernate: select tourist0_.id as id1_30_, tourist0_.country_booking as country_2_30_, tourist0_.country_residence as country_3_30_, tourist0_.create_date as create_d4_30_, tourist0_.currency as currency5_30_, tourist0_.edit_date as edit_dat6_30_, tourist0_.email as email7_30_, tourist0_.first_name as first_na8_30_, tourist0_.language as language9_30_, tourist0_.last_name as last_na10_30_, tourist0_.phone_number as phone_n11_30_, tourist0_.photo_principal as photo_p12_30_, tourist0_.photo_principal_content_type as photo_p13_30_, tourist0_.user_id as user_id14_30_ from tourist tourist0_
Hibernate: select tourist0_.id as id1_30_, tourist0_.country_booking as country_2_30_, tourist0_.country_residence as country_3_30_, tourist0_.create_date as create_d4_30_, tourist0_.currency as currency5_30_, tourist0_.edit_date as edit_dat6_30_, tourist0_.email as email7_30_, tourist0_.first_name as first_na8_30_, tourist0_.language as language9_30_, tourist0_.last_name as last_na10_30_, tourist0_.phone_number as phone_n11_30_, tourist0_.photo_principal as photo_p12_30_, tourist0_.photo_principal_content_type as photo_p13_30_, tourist0_.user_id as user_id14_30_ from tourist tourist0_
Hibernate: select tourist0_.id as id1_30_, tourist0_.country_booking as country_2_30_, tourist0_.country_residence as country_3_30_, tourist0_.create_date as create_d4_30_, tourist0_.currency as currency5_30_, tourist0_.edit_date as edit_dat6_30_, tourist0_.email as email7_30_, tourist0_.first_name as first_na8_30_, tourist0_.language as language9_30_, tourist0_.last_name as last_na10_30_, tourist0_.phone_number as phone_n11_30_, tourist0_.photo_principal as photo_p12_30_, tourist0_.photo_principal_content_type as photo_p13_30_, tourist0_.user_id as user_id14_30_ from tourist tourist0_
Hibernate: insert into tourist (id, country_booking, country_residence, create_date, currency, edit_date, email, first_name, language, last_name, phone_number, photo_principal, photo_principal_content_type, user_id) values (null, ?, ?, ?, ?, ?, ?, ?, ?, ?, ?, ?, ?, ?)
2016-07-06 19:22:20.099 DEBUG 60006 --- [    Test worker] mozhotels.web.rest.TouristResource       : REST request to get Tourist : 3
Hibernate: insert into tourist (id, country_booking, country_residence, create_date, currency, edit_date, email, first_name, language, last_name, phone_number, photo_principal, photo_principal_content_type, user_id) values (null, ?, ?, ?, ?, ?, ?, ?, ?, ?, ?, ?, ?, ?)
2016-07-06 19:22:20.195 DEBUG 60006 --- [    Test worker] mozhotels.web.rest.TouristResource       : REST request to search Tourists for query id:4
Hibernate: select tourist0_.id as id1_30_, tourist0_.country_booking as country_2_30_, tourist0_.country_residence as country_3_30_, tourist0_.create_date as create_d4_30_, tourist0_.currency as currency5_30_, tourist0_.edit_date as edit_dat6_30_, tourist0_.email as email7_30_, tourist0_.first_name as first_na8_30_, tourist0_.language as language9_30_, tourist0_.last_name as last_na10_30_, tourist0_.phone_number as phone_n11_30_, tourist0_.photo_principal as photo_p12_30_, tourist0_.photo_principal_content_type as photo_p13_30_, tourist0_.user_id as user_id14_30_ from tourist tourist0_
Hibernate: select tourist0_.id as id1_30_, tourist0_.country_booking as country_2_30_, tourist0_.country_residence as country_3_30_, tourist0_.create_date as create_d4_30_, tourist0_.currency as currency5_30_, tourist0_.edit_date as edit_dat6_30_, tourist0_.email as email7_30_, tourist0_.first_name as first_na8_30_, tourist0_.language as language9_30_, tourist0_.last_name as last_na10_30_, tourist0_.phone_number as phone_n11_30_, tourist0_.photo_principal as photo_p12_30_, tourist0_.photo_principal_content_type as photo_p13_30_, tourist0_.user_id as user_id14_30_ from tourist tourist0_
Hibernate: select tourist0_.id as id1_30_, tourist0_.country_booking as country_2_30_, tourist0_.country_residence as country_3_30_, tourist0_.create_date as create_d4_30_, tourist0_.currency as currency5_30_, tourist0_.edit_date as edit_dat6_30_, tourist0_.email as email7_30_, tourist0_.first_name as first_na8_30_, tourist0_.language as language9_30_, tourist0_.last_name as last_na10_30_, tourist0_.phone_number as phone_n11_30_, tourist0_.photo_principal as photo_p12_30_, tourist0_.photo_principal_content_type as photo_p13_30_, tourist0_.user_id as user_id14_30_ from tourist tourist0_
Hibernate: select tourist0_.id as id1_30_, tourist0_.country_booking as country_2_30_, tourist0_.country_residence as country_3_30_, tourist0_.create_date as create_d4_30_, tourist0_.currency as currency5_30_, tourist0_.edit_date as edit_dat6_30_, tourist0_.email as email7_30_, tourist0_.first_name as first_na8_30_, tourist0_.language as language9_30_, tourist0_.last_name as last_na10_30_, tourist0_.phone_number as phone_n11_30_, tourist0_.photo_principal as photo_p12_30_, tourist0_.photo_principal_content_type as photo_p13_30_, tourist0_.user_id as user_id14_30_ from tourist tourist0_
Hibernate: select tourist0_.id as id1_30_, tourist0_.country_booking as country_2_30_, tourist0_.country_residence as country_3_30_, tourist0_.create_date as create_d4_30_, tourist0_.currency as currency5_30_, tourist0_.edit_date as edit_dat6_30_, tourist0_.email as email7_30_, tourist0_.first_name as first_na8_30_, tourist0_.language as language9_30_, tourist0_.last_name as last_na10_30_, tourist0_.phone_number as phone_n11_30_, tourist0_.photo_principal as photo_p12_30_, tourist0_.photo_principal_content_type as photo_p13_30_, tourist0_.user_id as user_id14_30_ from tourist tourist0_
Hibernate: select tourist0_.id as id1_30_, tourist0_.country_booking as country_2_30_, tourist0_.country_residence as country_3_30_, tourist0_.create_date as create_d4_30_, tourist0_.currency as currency5_30_, tourist0_.edit_date as edit_dat6_30_, tourist0_.email as email7_30_, tourist0_.first_name as first_na8_30_, tourist0_.language as language9_30_, tourist0_.last_name as last_na10_30_, tourist0_.phone_number as phone_n11_30_, tourist0_.photo_principal as photo_p12_30_, tourist0_.photo_principal_content_type as photo_p13_30_, tourist0_.user_id as user_id14_30_ from tourist tourist0_
2016-07-06 19:22:20.393 DEBUG 60006 --- [    Test worker] mozhotels.web.rest.TouristResource       : REST request to get Tourist : 9223372036854775807
Hibernate: select tourist0_.id as id1_30_0_, tourist0_.country_booking as country_2_30_0_, tourist0_.country_residence as country_3_30_0_, tourist0_.create_date as create_d4_30_0_, tourist0_.currency as currency5_30_0_, tourist0_.edit_date as edit_dat6_30_0_, tourist0_.email as email7_30_0_, tourist0_.first_name as first_na8_30_0_, tourist0_.language as language9_30_0_, tourist0_.last_name as last_na10_30_0_, tourist0_.phone_number as phone_n11_30_0_, tourist0_.photo_principal as photo_p12_30_0_, tourist0_.photo_principal_content_type as photo_p13_30_0_, tourist0_.user_id as user_id14_30_0_, user1_.id as id1_24_1_, user1_.created_by as created_2_24_1_, user1_.created_date as created_3_24_1_, user1_.last_modified_by as last_mod4_24_1_, user1_.last_modified_date as last_mod5_24_1_, user1_.activated as activate6_24_1_, user1_.activation_key as activati7_24_1_, user1_.email as email8_24_1_, user1_.first_name as first_na9_24_1_, user1_.lang_key as lang_ke10_24_1_, user1_.last_name as last_na11_24_1_, user1_.login as login12_24_1_, user1_.password_hash as passwor13_24_1_, user1_.reset_date as reset_d14_24_1_, user1_.reset_key as reset_k15_24_1_ from tourist tourist0_ left outer join jhi_user user1_ on tourist0_.user_id=user1_.id where tourist0_.id=?
Hibernate: select tourist0_.id as id1_30_, tourist0_.country_booking as country_2_30_, tourist0_.country_residence as country_3_30_, tourist0_.create_date as create_d4_30_, tourist0_.currency as currency5_30_, tourist0_.edit_date as edit_dat6_30_, tourist0_.email as email7_30_, tourist0_.first_name as first_na8_30_, tourist0_.language as language9_30_, tourist0_.last_name as last_na10_30_, tourist0_.phone_number as phone_n11_30_, tourist0_.photo_principal as photo_p12_30_, tourist0_.photo_principal_content_type as photo_p13_30_, tourist0_.user_id as user_id14_30_ from tourist tourist0_
Hibernate: select tourist0_.id as id1_30_, tourist0_.country_booking as country_2_30_, tourist0_.country_residence as country_3_30_, tourist0_.create_date as create_d4_30_, tourist0_.currency as currency5_30_, tourist0_.edit_date as edit_dat6_30_, tourist0_.email as email7_30_, tourist0_.first_name as first_na8_30_, tourist0_.language as language9_30_, tourist0_.last_name as last_na10_30_, tourist0_.phone_number as phone_n11_30_, tourist0_.photo_principal as photo_p12_30_, tourist0_.photo_principal_content_type as photo_p13_30_, tourist0_.user_id as user_id14_30_ from tourist tourist0_
Hibernate: select tourist0_.id as id1_30_, tourist0_.country_booking as country_2_30_, tourist0_.country_residence as country_3_30_, tourist0_.create_date as create_d4_30_, tourist0_.currency as currency5_30_, tourist0_.edit_date as edit_dat6_30_, tourist0_.email as email7_30_, tourist0_.first_name as first_na8_30_, tourist0_.language as language9_30_, tourist0_.last_name as last_na10_30_, tourist0_.phone_number as phone_n11_30_, tourist0_.photo_principal as photo_p12_30_, tourist0_.photo_principal_content_type as photo_p13_30_, tourist0_.user_id as user_id14_30_ from tourist tourist0_
2016-07-06 19:22:20.478 DEBUG 60006 --- [    Test worker] mozhotels.web.rest.TouristResource       : REST request to save Tourist : Tourist{id=null, firstName='AAAAA', lastName='AAAAA', email='AAAAA', phoneNumber='AAAAA', countryResidence='AAAAA', countryBooking='AAAAA', language='AAAAA', currency='AAAAA', photoPrincipal='[B@61af9e7', photoPrincipalContentType='image/jpg', createDate='1970-01-01T00:00Z[UTC]', editDate='1970-01-01T00:00Z[UTC]'}
Hibernate: insert into tourist (id, country_booking, country_residence, create_date, currency, edit_date, email, first_name, language, last_name, phone_number, photo_principal, photo_principal_content_type, user_id) values (null, ?, ?, ?, ?, ?, ?, ?, ?, ?, ?, ?, ?, ?)
Hibernate: select tourist0_.id as id1_30_, tourist0_.country_booking as country_2_30_, tourist0_.country_residence as country_3_30_, tourist0_.create_date as create_d4_30_, tourist0_.currency as currency5_30_, tourist0_.edit_date as edit_dat6_30_, tourist0_.email as email7_30_, tourist0_.first_name as first_na8_30_, tourist0_.language as language9_30_, tourist0_.last_name as last_na10_30_, tourist0_.phone_number as phone_n11_30_, tourist0_.photo_principal as photo_p12_30_, tourist0_.photo_principal_content_type as photo_p13_30_, tourist0_.user_id as user_id14_30_ from tourist tourist0_
Hibernate: select tourist0_.id as id1_30_, tourist0_.country_booking as country_2_30_, tourist0_.country_residence as country_3_30_, tourist0_.create_date as create_d4_30_, tourist0_.currency as currency5_30_, tourist0_.edit_date as edit_dat6_30_, tourist0_.email as email7_30_, tourist0_.first_name as first_na8_30_, tourist0_.language as language9_30_, tourist0_.last_name as last_na10_30_, tourist0_.phone_number as phone_n11_30_, tourist0_.photo_principal as photo_p12_30_, tourist0_.photo_principal_content_type as photo_p13_30_, tourist0_.user_id as user_id14_30_ from tourist tourist0_
Hibernate: select tourist0_.id as id1_30_, tourist0_.country_booking as country_2_30_, tourist0_.country_residence as country_3_30_, tourist0_.create_date as create_d4_30_, tourist0_.currency as currency5_30_, tourist0_.edit_date as edit_dat6_30_, tourist0_.email as email7_30_, tourist0_.first_name as first_na8_30_, tourist0_.language as language9_30_, tourist0_.last_name as last_na10_30_, tourist0_.phone_number as phone_n11_30_, tourist0_.photo_principal as photo_p12_30_, tourist0_.photo_principal_content_type as photo_p13_30_, tourist0_.user_id as user_id14_30_ from tourist tourist0_
Hibernate: insert into tourist (id, country_booking, country_residence, create_date, currency, edit_date, email, first_name, language, last_name, phone_number, photo_principal, photo_principal_content_type, user_id) values (null, ?, ?, ?, ?, ?, ?, ?, ?, ?, ?, ?, ?, ?)
Hibernate: select tourist0_.id as id1_30_, tourist0_.country_booking as country_2_30_, tourist0_.country_residence as country_3_30_, tourist0_.create_date as create_d4_30_, tourist0_.currency as currency5_30_, tourist0_.edit_date as edit_dat6_30_, tourist0_.email as email7_30_, tourist0_.first_name as first_na8_30_, tourist0_.language as language9_30_, tourist0_.last_name as last_na10_30_, tourist0_.phone_number as phone_n11_30_, tourist0_.photo_principal as photo_p12_30_, tourist0_.photo_principal_content_type as photo_p13_30_, tourist0_.user_id as user_id14_30_ from tourist tourist0_
2016-07-06 19:22:20.811 DEBUG 60006 --- [    Test worker] mozhotels.web.rest.TouristResource       : REST request to update Tourist : Tourist{id=6, firstName='BBBBB', lastName='BBBBB', email='BBBBB', phoneNumber='BBBBB', countryResidence='BBBBB', countryBooking='BBBBB', language='BBBBB', currency='BBBBB', photoPrincipal='[B@2b7b0e82', photoPrincipalContentType='image/png', createDate='2016-07-06T17:22:19Z[UTC]', editDate='2016-07-06T17:22:19Z[UTC]'}
Hibernate: update tourist set country_booking=?, country_residence=?, create_date=?, currency=?, edit_date=?, email=?, first_name=?, language=?, last_name=?, phone_number=?, photo_principal=?, photo_principal_content_type=?, user_id=? where id=?
Hibernate: select tourist0_.id as id1_30_, tourist0_.country_booking as country_2_30_, tourist0_.country_residence as country_3_30_, tourist0_.create_date as create_d4_30_, tourist0_.currency as currency5_30_, tourist0_.edit_date as edit_dat6_30_, tourist0_.email as email7_30_, tourist0_.first_name as first_na8_30_, tourist0_.language as language9_30_, tourist0_.last_name as last_na10_30_, tourist0_.phone_number as phone_n11_30_, tourist0_.photo_principal as photo_p12_30_, tourist0_.photo_principal_content_type as photo_p13_30_, tourist0_.user_id as user_id14_30_ from tourist tourist0_
Hibernate: select tourist0_.id as id1_30_, tourist0_.country_booking as country_2_30_, tourist0_.country_residence as country_3_30_, tourist0_.create_date as create_d4_30_, tourist0_.currency as currency5_30_, tourist0_.edit_date as edit_dat6_30_, tourist0_.email as email7_30_, tourist0_.first_name as first_na8_30_, tourist0_.language as language9_30_, tourist0_.last_name as last_na10_30_, tourist0_.phone_number as phone_n11_30_, tourist0_.photo_principal as photo_p12_30_, tourist0_.photo_principal_content_type as photo_p13_30_, tourist0_.user_id as user_id14_30_ from tourist tourist0_
Hibernate: select tourist0_.id as id1_30_, tourist0_.country_booking as country_2_30_, tourist0_.country_residence as country_3_30_, tourist0_.create_date as create_d4_30_, tourist0_.currency as currency5_30_, tourist0_.edit_date as edit_dat6_30_, tourist0_.email as email7_30_, tourist0_.first_name as first_na8_30_, tourist0_.language as language9_30_, tourist0_.last_name as last_na10_30_, tourist0_.phone_number as phone_n11_30_, tourist0_.photo_principal as photo_p12_30_, tourist0_.photo_principal_content_type as photo_p13_30_, tourist0_.user_id as user_id14_30_ from tourist tourist0_
]]></system-out>
  <system-err><![CDATA[]]></system-err>
</testsuite>
