<?xml version="1.0" encoding="UTF-8"?>
<testsuite name="mozhotels.service.UserServiceIntTest" tests="7" skipped="0" failures="0" errors="0" timestamp="2016-07-06T17:21:55" hostname="Edmilsons-MacBook-Pro.local" time="1.975">
  <properties/>
  <testcase name="assertThatOnlyActivatedUserCanRequestPasswordReset" classname="mozhotels.service.UserServiceIntTest" time="1.081"/>
  <testcase name="assertThatUserMustExistToResetPassword" classname="mozhotels.service.UserServiceIntTest" time="0.03"/>
  <testcase name="assertThatResetKeyMustBeValid" classname="mozhotels.service.UserServiceIntTest" time="0.179"/>
  <testcase name="assertThatUserCanResetPassword" classname="mozhotels.service.UserServiceIntTest" time="0.257"/>
  <testcase name="testFindNotActivatedUsersByCreationDateBefore" classname="mozhotels.service.UserServiceIntTest" time="0.041"/>
  <testcase name="testRemoveOldPersistentTokens" classname="mozhotels.service.UserServiceIntTest" time="0.118"/>
  <testcase name="assertThatResetKeyMustNotBeOlderThan24Hours" classname="mozhotels.service.UserServiceIntTest" time="0.259"/>
  <system-out><![CDATA[Hibernate: select authority0_.name as name1_19_0_ from jhi_authority authority0_ where authority0_.name=?
Hibernate: insert into jhi_user (id, created_by, created_date, last_modified_by, last_modified_date, activated, activation_key, email, first_name, lang_key, last_name, login, password_hash, reset_date, reset_key) values (null, ?, ?, ?, ?, ?, ?, ?, ?, ?, ?, ?, ?, ?, ?)
2016-07-06 19:21:56.953 DEBUG 60006 --- [    Test worker] mozhotels.service.UserService            : Created Information for User: User{login='johndoe', firstName='John', lastName='Doe', email='john.doe@localhost', activated='false', langKey='en-US', activationKey='95669677872438377303'}
Hibernate: select user0_.id as id1_24_, user0_.created_by as created_2_24_, user0_.created_date as created_3_24_, user0_.last_modified_by as last_mod4_24_, user0_.last_modified_date as last_mod5_24_, user0_.activated as activate6_24_, user0_.activation_key as activati7_24_, user0_.email as email8_24_, user0_.first_name as first_na9_24_, user0_.lang_key as lang_ke10_24_, user0_.last_name as last_na11_24_, user0_.login as login12_24_, user0_.password_hash as passwor13_24_, user0_.reset_date as reset_d14_24_, user0_.reset_key as reset_k15_24_ from jhi_user user0_ where user0_.email=?
Hibernate: select user0_.id as id1_24_, user0_.created_by as created_2_24_, user0_.created_date as created_3_24_, user0_.last_modified_by as last_mod4_24_, user0_.last_modified_date as last_mod5_24_, user0_.activated as activate6_24_, user0_.activation_key as activati7_24_, user0_.email as email8_24_, user0_.first_name as first_na9_24_, user0_.lang_key as lang_ke10_24_, user0_.last_name as last_na11_24_, user0_.login as login12_24_, user0_.password_hash as passwor13_24_, user0_.reset_date as reset_d14_24_, user0_.reset_key as reset_k15_24_ from jhi_user user0_ where user0_.email=?
Hibernate: select user0_.id as id1_24_, user0_.created_by as created_2_24_, user0_.created_date as created_3_24_, user0_.last_modified_by as last_mod4_24_, user0_.last_modified_date as last_mod5_24_, user0_.activated as activate6_24_, user0_.activation_key as activati7_24_, user0_.email as email8_24_, user0_.first_name as first_na9_24_, user0_.lang_key as lang_ke10_24_, user0_.last_name as last_na11_24_, user0_.login as login12_24_, user0_.password_hash as passwor13_24_, user0_.reset_date as reset_d14_24_, user0_.reset_key as reset_k15_24_ from jhi_user user0_ where user0_.email=?
Hibernate: select authority0_.name as name1_19_0_ from jhi_authority authority0_ where authority0_.name=?
Hibernate: insert into jhi_user (id, created_by, created_date, last_modified_by, last_modified_date, activated, activation_key, email, first_name, lang_key, last_name, login, password_hash, reset_date, reset_key) values (null, ?, ?, ?, ?, ?, ?, ?, ?, ?, ?, ?, ?, ?, ?)
2016-07-06 19:21:57.138 DEBUG 60006 --- [    Test worker] mozhotels.service.UserService            : Created Information for User: User{login='johndoe', firstName='John', lastName='Doe', email='john.doe@localhost', activated='false', langKey='en-US', activationKey='30762993846422927405'}
2016-07-06 19:21:57.141 DEBUG 60006 --- [    Test worker] mozhotels.service.UserService            : Reset user password for reset key 1234
Hibernate: update jhi_user set created_date=?, last_modified_by=?, last_modified_date=?, activated=?, activation_key=?, email=?, first_name=?, lang_key=?, last_name=?, login=?, password_hash=?, reset_date=?, reset_key=? where id=?
Hibernate: insert into jhi_user_authority (user_id, authority_name) values (?, ?)
Hibernate: select user0_.id as id1_24_, user0_.created_by as created_2_24_, user0_.created_date as created_3_24_, user0_.last_modified_by as last_mod4_24_, user0_.last_modified_date as last_mod5_24_, user0_.activated as activate6_24_, user0_.activation_key as activati7_24_, user0_.email as email8_24_, user0_.first_name as first_na9_24_, user0_.lang_key as lang_ke10_24_, user0_.last_name as last_na11_24_, user0_.login as login12_24_, user0_.password_hash as passwor13_24_, user0_.reset_date as reset_d14_24_, user0_.reset_key as reset_k15_24_ from jhi_user user0_ where user0_.reset_key=?
Hibernate: select authority0_.name as name1_19_0_ from jhi_authority authority0_ where authority0_.name=?
Hibernate: insert into jhi_user (id, created_by, created_date, last_modified_by, last_modified_date, activated, activation_key, email, first_name, lang_key, last_name, login, password_hash, reset_date, reset_key) values (null, ?, ?, ?, ?, ?, ?, ?, ?, ?, ?, ?, ?, ?, ?)
2016-07-06 19:21:57.318 DEBUG 60006 --- [    Test worker] mozhotels.service.UserService            : Created Information for User: User{login='johndoe', firstName='John', lastName='Doe', email='john.doe@localhost', activated='false', langKey='en-US', activationKey='20916014508349419290'}
2016-07-06 19:21:57.319 DEBUG 60006 --- [    Test worker] mozhotels.service.UserService            : Reset user password for reset key 19858934787091866401
Hibernate: update jhi_user set created_date=?, last_modified_by=?, last_modified_date=?, activated=?, activation_key=?, email=?, first_name=?, lang_key=?, last_name=?, login=?, password_hash=?, reset_date=?, reset_key=? where id=?
Hibernate: insert into jhi_user_authority (user_id, authority_name) values (?, ?)
Hibernate: select user0_.id as id1_24_, user0_.created_by as created_2_24_, user0_.created_date as created_3_24_, user0_.last_modified_by as last_mod4_24_, user0_.last_modified_date as last_mod5_24_, user0_.activated as activate6_24_, user0_.activation_key as activati7_24_, user0_.email as email8_24_, user0_.first_name as first_na9_24_, user0_.lang_key as lang_ke10_24_, user0_.last_name as last_na11_24_, user0_.login as login12_24_, user0_.password_hash as passwor13_24_, user0_.reset_date as reset_d14_24_, user0_.reset_key as reset_k15_24_ from jhi_user user0_ where user0_.reset_key=?
Hibernate: select user0_.id as id1_24_, user0_.created_by as created_2_24_, user0_.created_date as created_3_24_, user0_.last_modified_by as last_mod4_24_, user0_.last_modified_date as last_mod5_24_, user0_.activated as activate6_24_, user0_.activation_key as activati7_24_, user0_.email as email8_24_, user0_.first_name as first_na9_24_, user0_.lang_key as lang_ke10_24_, user0_.last_name as last_na11_24_, user0_.login as login12_24_, user0_.password_hash as passwor13_24_, user0_.reset_date as reset_d14_24_, user0_.reset_key as reset_k15_24_ from jhi_user user0_ where user0_.activated=0 and user0_.created_date<?
Hibernate: select user0_.id as id1_24_, user0_.created_by as created_2_24_, user0_.created_date as created_3_24_, user0_.last_modified_by as last_mod4_24_, user0_.last_modified_date as last_mod5_24_, user0_.activated as activate6_24_, user0_.activation_key as activati7_24_, user0_.email as email8_24_, user0_.first_name as first_na9_24_, user0_.lang_key as lang_ke10_24_, user0_.last_name as last_na11_24_, user0_.login as login12_24_, user0_.password_hash as passwor13_24_, user0_.reset_date as reset_d14_24_, user0_.reset_key as reset_k15_24_ from jhi_user user0_ where user0_.activated=0 and user0_.created_date<?
Hibernate: select user0_.id as id1_24_, user0_.created_by as created_2_24_, user0_.created_date as created_3_24_, user0_.last_modified_by as last_mod4_24_, user0_.last_modified_date as last_mod5_24_, user0_.activated as activate6_24_, user0_.activation_key as activati7_24_, user0_.email as email8_24_, user0_.first_name as first_na9_24_, user0_.lang_key as lang_ke10_24_, user0_.last_name as last_na11_24_, user0_.login as login12_24_, user0_.password_hash as passwor13_24_, user0_.reset_date as reset_d14_24_, user0_.reset_key as reset_k15_24_ from jhi_user user0_ where user0_.login=?
Hibernate: select persistent0_.series as series1_22_, persistent0_.ip_address as ip_addre2_22_, persistent0_.token_date as token_da3_22_, persistent0_.token_value as token_va4_22_, persistent0_.user_id as user_id6_22_, persistent0_.user_agent as user_age5_22_ from jhi_persistent_token persistent0_ left outer join jhi_user user1_ on persistent0_.user_id=user1_.id where user1_.id=?
Hibernate: select persistent0_.series as series1_22_0_, persistent0_.ip_address as ip_addre2_22_0_, persistent0_.token_date as token_da3_22_0_, persistent0_.token_value as token_va4_22_0_, persistent0_.user_id as user_id6_22_0_, persistent0_.user_agent as user_age5_22_0_ from jhi_persistent_token persistent0_ where persistent0_.series=?
Hibernate: insert into jhi_persistent_token (ip_address, token_date, token_value, user_id, user_agent, series) values (?, ?, ?, ?, ?, ?)
Hibernate: select persistent0_.series as series1_22_0_, persistent0_.ip_address as ip_addre2_22_0_, persistent0_.token_date as token_da3_22_0_, persistent0_.token_value as token_va4_22_0_, persistent0_.user_id as user_id6_22_0_, persistent0_.user_agent as user_age5_22_0_ from jhi_persistent_token persistent0_ where persistent0_.series=?
Hibernate: insert into jhi_persistent_token (ip_address, token_date, token_value, user_id, user_agent, series) values (?, ?, ?, ?, ?, ?)
Hibernate: select persistent0_.series as series1_22_, persistent0_.ip_address as ip_addre2_22_, persistent0_.token_date as token_da3_22_, persistent0_.token_value as token_va4_22_, persistent0_.user_id as user_id6_22_, persistent0_.user_agent as user_age5_22_ from jhi_persistent_token persistent0_ left outer join jhi_user user1_ on persistent0_.user_id=user1_.id where user1_.id=?
Hibernate: select persistent0_.series as series1_22_, persistent0_.ip_address as ip_addre2_22_, persistent0_.token_date as token_da3_22_, persistent0_.token_value as token_va4_22_, persistent0_.user_id as user_id6_22_, persistent0_.user_agent as user_age5_22_ from jhi_persistent_token persistent0_ where persistent0_.token_date<?
2016-07-06 19:21:57.539 DEBUG 60006 --- [    Test worker] mozhotels.service.UserService            : Deleting token 2222-2222
Hibernate: select persistent0_.user_id as user_id6_24_0_, persistent0_.series as series1_22_0_, persistent0_.series as series1_22_1_, persistent0_.ip_address as ip_addre2_22_1_, persistent0_.token_date as token_da3_22_1_, persistent0_.token_value as token_va4_22_1_, persistent0_.user_id as user_id6_22_1_, persistent0_.user_agent as user_age5_22_1_ from jhi_persistent_token persistent0_ where persistent0_.user_id=?
Hibernate: delete from jhi_persistent_token where series=?
Hibernate: select persistent0_.series as series1_22_, persistent0_.ip_address as ip_addre2_22_, persistent0_.token_date as token_da3_22_, persistent0_.token_value as token_va4_22_, persistent0_.user_id as user_id6_22_, persistent0_.user_agent as user_age5_22_ from jhi_persistent_token persistent0_ left outer join jhi_user user1_ on persistent0_.user_id=user1_.id where user1_.id=?
Hibernate: select authority0_.name as name1_19_0_ from jhi_authority authority0_ where authority0_.name=?
Hibernate: insert into jhi_user (id, created_by, created_date, last_modified_by, last_modified_date, activated, activation_key, email, first_name, lang_key, last_name, login, password_hash, reset_date, reset_key) values (null, ?, ?, ?, ?, ?, ?, ?, ?, ?, ?, ?, ?, ?, ?)
2016-07-06 19:21:57.818 DEBUG 60006 --- [    Test worker] mozhotels.service.UserService            : Created Information for User: User{login='johndoe', firstName='John', lastName='Doe', email='john.doe@localhost', activated='false', langKey='en-US', activationKey='55630052868227981376'}
2016-07-06 19:21:57.819 DEBUG 60006 --- [    Test worker] mozhotels.service.UserService            : Reset user password for reset key 83600042587061842709
Hibernate: update jhi_user set created_date=?, last_modified_by=?, last_modified_date=?, activated=?, activation_key=?, email=?, first_name=?, lang_key=?, last_name=?, login=?, password_hash=?, reset_date=?, reset_key=? where id=?
Hibernate: insert into jhi_user_authority (user_id, authority_name) values (?, ?)
Hibernate: select user0_.id as id1_24_, user0_.created_by as created_2_24_, user0_.created_date as created_3_24_, user0_.last_modified_by as last_mod4_24_, user0_.last_modified_date as last_mod5_24_, user0_.activated as activate6_24_, user0_.activation_key as activati7_24_, user0_.email as email8_24_, user0_.first_name as first_na9_24_, user0_.lang_key as lang_ke10_24_, user0_.last_name as last_na11_24_, user0_.login as login12_24_, user0_.password_hash as passwor13_24_, user0_.reset_date as reset_d14_24_, user0_.reset_key as reset_k15_24_ from jhi_user user0_ where user0_.reset_key=?
]]></system-out>
  <system-err><![CDATA[]]></system-err>
</testsuite>
