<?xml version="1.0" encoding="UTF-8"?>
<testsuite name="mozhotels.web.rest.InstanceContactResourceIntTest" tests="8" skipped="0" failures="0" errors="0" timestamp="2016-07-06T17:22:08" hostname="Edmilsons-MacBook-Pro.local" time="0.514">
  <properties/>
  <testcase name="getInstanceContact" classname="mozhotels.web.rest.InstanceContactResourceIntTest" time="0.032"/>
  <testcase name="deleteInstanceContact" classname="mozhotels.web.rest.InstanceContactResourceIntTest" time="0.045"/>
  <testcase name="createInstanceContact" classname="mozhotels.web.rest.InstanceContactResourceIntTest" time="0.071"/>
  <testcase name="getNonExistingInstanceContact" classname="mozhotels.web.rest.InstanceContactResourceIntTest" time="0.016"/>
  <testcase name="searchInstanceContact" classname="mozhotels.web.rest.InstanceContactResourceIntTest" time="0.049"/>
  <testcase name="checkContactNumberIsRequired" classname="mozhotels.web.rest.InstanceContactResourceIntTest" time="0.023"/>
  <testcase name="updateInstanceContact" classname="mozhotels.web.rest.InstanceContactResourceIntTest" time="0.103"/>
  <testcase name="getAllInstanceContacts" classname="mozhotels.web.rest.InstanceContactResourceIntTest" time="0.024"/>
  <system-out><![CDATA[Hibernate: insert into instance_contact (id, contact_number, instance_tur_id) values (null, ?, ?)
2016-07-06 19:22:09.020 DEBUG 60006 --- [    Test worker] m.web.rest.InstanceContactResource       : REST request to get InstanceContact : 1
Hibernate: insert into instance_contact (id, contact_number, instance_tur_id) values (null, ?, ?)
Hibernate: select instanceco0_.id as id1_9_, instanceco0_.contact_number as contact_2_9_, instanceco0_.instance_tur_id as instance3_9_ from instance_contact instanceco0_
2016-07-06 19:22:09.080 DEBUG 60006 --- [    Test worker] m.web.rest.InstanceContactResource       : REST request to delete InstanceContact : 2
Hibernate: delete from instance_contact where id=?
Hibernate: select instanceco0_.id as id1_9_, instanceco0_.contact_number as contact_2_9_, instanceco0_.instance_tur_id as instance3_9_ from instance_contact instanceco0_
Hibernate: select instanceco0_.id as id1_9_, instanceco0_.contact_number as contact_2_9_, instanceco0_.instance_tur_id as instance3_9_ from instance_contact instanceco0_
2016-07-06 19:22:09.146 DEBUG 60006 --- [    Test worker] m.web.rest.InstanceContactResource       : REST request to save InstanceContact : InstanceContact{id=null, contactNumber='1'}
Hibernate: insert into instance_contact (id, contact_number, instance_tur_id) values (null, ?, ?)
Hibernate: select instanceco0_.id as id1_9_, instanceco0_.contact_number as contact_2_9_, instanceco0_.instance_tur_id as instance3_9_ from instance_contact instanceco0_
2016-07-06 19:22:09.215 DEBUG 60006 --- [    Test worker] m.web.rest.InstanceContactResource       : REST request to get InstanceContact : 9223372036854775807
Hibernate: select instanceco0_.id as id1_9_0_, instanceco0_.contact_number as contact_2_9_0_, instanceco0_.instance_tur_id as instance3_9_0_, instancetu1_.id as id1_17_1_, instancetu1_.address as address2_17_1_, instancetu1_.beds as beds3_17_1_, instancetu1_.contact_number_principal as contact_4_17_1_, instancetu1_.currency as currency5_17_1_, instancetu1_.description as descript6_17_1_, instancetu1_.email as email7_17_1_, instancetu1_.floors as floors8_17_1_, instancetu1_.instance_tur_name as instance9_17_1_, instancetu1_.instance_tur_type_id as instanc18_17_1_, instancetu1_.latitude as latitud10_17_1_, instancetu1_.local_tur_id as local_t19_17_1_, instancetu1_.longitude as longitu11_17_1_, instancetu1_.photo_principal as photo_p12_17_1_, instancetu1_.photo_principal_content_type as photo_p13_17_1_, instancetu1_.rating as rating14_17_1_, instancetu1_.rooms as rooms15_17_1_, instancetu1_.website as website16_17_1_, instancetu1_.zip_code as zip_cod17_17_1_, instancetu2_.id as id1_18_2_, instancetu2_.description as descript2_18_2_, instancetu2_.instance_tur_type_name as instance3_18_2_, localtur3_.id as id1_26_3_, localtur3_.description as descript2_26_3_, localtur3_.local_tur_name as local_tu3_26_3_, localtur3_.photo_principal as photo_pr4_26_3_, localtur3_.photo_principal_content_type as photo_pr5_26_3_, localtur3_.province_id as province6_26_3_, province4_.id as id1_28_4_, province4_.description as descript2_28_4_, province4_.photo_principal as photo_pr3_28_4_, province4_.photo_principal_content_type as photo_pr4_28_4_, province4_.province_name as province5_28_4_, province4_.region_id as region_i6_28_4_, region5_.id as id1_29_5_, region5_.country_id as country_4_29_5_, region5_.description as descript2_29_5_, region5_.region_name as region_n3_29_5_, country6_.id as id1_4_6_, country6_.country_name as country_2_4_6_, country6_.description as descript3_4_6_ from instance_contact instanceco0_ left outer join instance_tur instancetu1_ on instanceco0_.instance_tur_id=instancetu1_.id left outer join instance_tur_type instancetu2_ on instancetu1_.instance_tur_type_id=instancetu2_.id left outer join local_tur localtur3_ on instancetu1_.local_tur_id=localtur3_.id left outer join province province4_ on localtur3_.province_id=province4_.id left outer join region region5_ on province4_.region_id=region5_.id left outer join country country6_ on region5_.country_id=country6_.id where instanceco0_.id=?
Hibernate: insert into instance_contact (id, contact_number, instance_tur_id) values (null, ?, ?)
2016-07-06 19:22:09.281 DEBUG 60006 --- [    Test worker] m.web.rest.InstanceContactResource       : REST request to search InstanceContacts for query id:4
Hibernate: select instanceco0_.id as id1_9_, instanceco0_.contact_number as contact_2_9_, instanceco0_.instance_tur_id as instance3_9_ from instance_contact instanceco0_
Hibernate: select instanceco0_.id as id1_9_, instanceco0_.contact_number as contact_2_9_, instanceco0_.instance_tur_id as instance3_9_ from instance_contact instanceco0_
Hibernate: insert into instance_contact (id, contact_number, instance_tur_id) values (null, ?, ?)
Hibernate: select instanceco0_.id as id1_9_, instanceco0_.contact_number as contact_2_9_, instanceco0_.instance_tur_id as instance3_9_ from instance_contact instanceco0_
2016-07-06 19:22:09.431 DEBUG 60006 --- [    Test worker] m.web.rest.InstanceContactResource       : REST request to update InstanceContact : InstanceContact{id=5, contactNumber='2'}
Hibernate: update instance_contact set contact_number=?, instance_tur_id=? where id=?
Hibernate: select instanceco0_.id as id1_9_, instanceco0_.contact_number as contact_2_9_, instanceco0_.instance_tur_id as instance3_9_ from instance_contact instanceco0_
Hibernate: insert into instance_contact (id, contact_number, instance_tur_id) values (null, ?, ?)
2016-07-06 19:22:09.502 DEBUG 60006 --- [    Test worker] m.web.rest.InstanceContactResource       : REST request to get all InstanceContacts
Hibernate: select instanceco0_.id as id1_9_, instanceco0_.contact_number as contact_2_9_, instanceco0_.instance_tur_id as instance3_9_ from instance_contact instanceco0_
]]></system-out>
  <system-err><![CDATA[]]></system-err>
</testsuite>
