<?xml version="1.0" encoding="UTF-8"?>
<testsuite name="mozhotels.web.rest.InstanceInfoResourceIntTest" tests="9" skipped="0" failures="0" errors="0" timestamp="2016-07-06T17:22:11" hostname="Edmilsons-MacBook-Pro.local" time="1.129">
  <properties/>
  <testcase name="deleteInstanceInfo" classname="mozhotels.web.rest.InstanceInfoResourceIntTest" time="0.07"/>
  <testcase name="updateInstanceInfo" classname="mozhotels.web.rest.InstanceInfoResourceIntTest" time="0.16"/>
  <testcase name="searchInstanceInfo" classname="mozhotels.web.rest.InstanceInfoResourceIntTest" time="0.474"/>
  <testcase name="checkInstanceInfoNameIsRequired" classname="mozhotels.web.rest.InstanceInfoResourceIntTest" time="0.048"/>
  <testcase name="getNonExistingInstanceInfo" classname="mozhotels.web.rest.InstanceInfoResourceIntTest" time="0.016"/>
  <testcase name="checkInstanceInfoIsRequired" classname="mozhotels.web.rest.InstanceInfoResourceIntTest" time="0.016"/>
  <testcase name="getAllInstanceInfos" classname="mozhotels.web.rest.InstanceInfoResourceIntTest" time="0.024"/>
  <testcase name="getInstanceInfo" classname="mozhotels.web.rest.InstanceInfoResourceIntTest" time="0.029"/>
  <testcase name="createInstanceInfo" classname="mozhotels.web.rest.InstanceInfoResourceIntTest" time="0.113"/>
  <system-out><![CDATA[Hibernate: insert into instance_info (id, description, instance_info, instance_info_name, instance_info_type_id, instance_tur_id) values (null, ?, ?, ?, ?, ?)
Hibernate: select instancein0_.id as id1_12_, instancein0_.description as descript2_12_, instancein0_.instance_info as instance3_12_, instancein0_.instance_info_name as instance4_12_, instancein0_.instance_info_type_id as instance5_12_, instancein0_.instance_tur_id as instance6_12_ from instance_info instancein0_
2016-07-06 19:22:11.119 DEBUG 60006 --- [    Test worker] mozhotels.web.rest.InstanceInfoResource  : REST request to delete InstanceInfo : 1
Hibernate: delete from instance_info where id=?
Hibernate: select instancein0_.id as id1_12_, instancein0_.description as descript2_12_, instancein0_.instance_info as instance3_12_, instancein0_.instance_info_name as instance4_12_, instancein0_.instance_info_type_id as instance5_12_, instancein0_.instance_tur_id as instance6_12_ from instance_info instancein0_
Hibernate: insert into instance_info (id, description, instance_info, instance_info_name, instance_info_type_id, instance_tur_id) values (null, ?, ?, ?, ?, ?)
Hibernate: select instancein0_.id as id1_12_, instancein0_.description as descript2_12_, instancein0_.instance_info as instance3_12_, instancein0_.instance_info_name as instance4_12_, instancein0_.instance_info_type_id as instance5_12_, instancein0_.instance_tur_id as instance6_12_ from instance_info instancein0_
2016-07-06 19:22:11.245 DEBUG 60006 --- [    Test worker] mozhotels.web.rest.InstanceInfoResource  : REST request to update InstanceInfo : InstanceInfo{id=2, instanceInfo='USEFUL', instanceInfoName='BBBBB', description='BBBBB'}
Hibernate: update instance_info set description=?, instance_info=?, instance_info_name=?, instance_info_type_id=?, instance_tur_id=? where id=?
Hibernate: select instancein0_.id as id1_12_, instancein0_.description as descript2_12_, instancein0_.instance_info as instance3_12_, instancein0_.instance_info_name as instance4_12_, instancein0_.instance_info_type_id as instance5_12_, instancein0_.instance_tur_id as instance6_12_ from instance_info instancein0_
Hibernate: insert into instance_info (id, description, instance_info, instance_info_name, instance_info_type_id, instance_tur_id) values (null, ?, ?, ?, ?, ?)
2016-07-06 19:22:11.796 DEBUG 60006 --- [    Test worker] mozhotels.web.rest.InstanceInfoResource  : REST request to search InstanceInfos for query id:3
Hibernate: select instancein0_.id as id1_12_, instancein0_.description as descript2_12_, instancein0_.instance_info as instance3_12_, instancein0_.instance_info_name as instance4_12_, instancein0_.instance_info_type_id as instance5_12_, instancein0_.instance_tur_id as instance6_12_ from instance_info instancein0_
Hibernate: select instancein0_.id as id1_12_, instancein0_.description as descript2_12_, instancein0_.instance_info as instance3_12_, instancein0_.instance_info_name as instance4_12_, instancein0_.instance_info_type_id as instance5_12_, instancein0_.instance_tur_id as instance6_12_ from instance_info instancein0_
2016-07-06 19:22:11.910 DEBUG 60006 --- [    Test worker] mozhotels.web.rest.InstanceInfoResource  : REST request to get InstanceInfo : 9223372036854775807
Hibernate: select instancein0_.id as id1_12_0_, instancein0_.description as descript2_12_0_, instancein0_.instance_info as instance3_12_0_, instancein0_.instance_info_name as instance4_12_0_, instancein0_.instance_info_type_id as instance5_12_0_, instancein0_.instance_tur_id as instance6_12_0_, instancein1_.id as id1_13_1_, instancein1_.description as descript2_13_1_, instancein1_.instance_info_type as instance3_13_1_, instancein1_.instance_info_type_name as instance4_13_1_, instancetu2_.id as id1_17_2_, instancetu2_.address as address2_17_2_, instancetu2_.beds as beds3_17_2_, instancetu2_.contact_number_principal as contact_4_17_2_, instancetu2_.currency as currency5_17_2_, instancetu2_.description as descript6_17_2_, instancetu2_.email as email7_17_2_, instancetu2_.floors as floors8_17_2_, instancetu2_.instance_tur_name as instance9_17_2_, instancetu2_.instance_tur_type_id as instanc18_17_2_, instancetu2_.latitude as latitud10_17_2_, instancetu2_.local_tur_id as local_t19_17_2_, instancetu2_.longitude as longitu11_17_2_, instancetu2_.photo_principal as photo_p12_17_2_, instancetu2_.photo_principal_content_type as photo_p13_17_2_, instancetu2_.rating as rating14_17_2_, instancetu2_.rooms as rooms15_17_2_, instancetu2_.website as website16_17_2_, instancetu2_.zip_code as zip_cod17_17_2_, instancetu3_.id as id1_18_3_, instancetu3_.description as descript2_18_3_, instancetu3_.instance_tur_type_name as instance3_18_3_, localtur4_.id as id1_26_4_, localtur4_.description as descript2_26_4_, localtur4_.local_tur_name as local_tu3_26_4_, localtur4_.photo_principal as photo_pr4_26_4_, localtur4_.photo_principal_content_type as photo_pr5_26_4_, localtur4_.province_id as province6_26_4_, province5_.id as id1_28_5_, province5_.description as descript2_28_5_, province5_.photo_principal as photo_pr3_28_5_, province5_.photo_principal_content_type as photo_pr4_28_5_, province5_.province_name as province5_28_5_, province5_.region_id as region_i6_28_5_, region6_.id as id1_29_6_, region6_.country_id as country_4_29_6_, region6_.description as descript2_29_6_, region6_.region_name as region_n3_29_6_, country7_.id as id1_4_7_, country7_.country_name as country_2_4_7_, country7_.description as descript3_4_7_ from instance_info instancein0_ left outer join instance_info_type instancein1_ on instancein0_.instance_info_type_id=instancein1_.id left outer join instance_tur instancetu2_ on instancein0_.instance_tur_id=instancetu2_.id left outer join instance_tur_type instancetu3_ on instancetu2_.instance_tur_type_id=instancetu3_.id left outer join local_tur localtur4_ on instancetu2_.local_tur_id=localtur4_.id left outer join province province5_ on localtur4_.province_id=province5_.id left outer join region region6_ on province5_.region_id=region6_.id left outer join country country7_ on region6_.country_id=country7_.id where instancein0_.id=?
Hibernate: select instancein0_.id as id1_12_, instancein0_.description as descript2_12_, instancein0_.instance_info as instance3_12_, instancein0_.instance_info_name as instance4_12_, instancein0_.instance_info_type_id as instance5_12_, instancein0_.instance_tur_id as instance6_12_ from instance_info instancein0_
Hibernate: select instancein0_.id as id1_12_, instancein0_.description as descript2_12_, instancein0_.instance_info as instance3_12_, instancein0_.instance_info_name as instance4_12_, instancein0_.instance_info_type_id as instance5_12_, instancein0_.instance_tur_id as instance6_12_ from instance_info instancein0_
Hibernate: insert into instance_info (id, description, instance_info, instance_info_name, instance_info_type_id, instance_tur_id) values (null, ?, ?, ?, ?, ?)
2016-07-06 19:22:11.991 DEBUG 60006 --- [    Test worker] mozhotels.web.rest.InstanceInfoResource  : REST request to get all InstanceInfos
Hibernate: select instancein0_.id as id1_12_, instancein0_.description as descript2_12_, instancein0_.instance_info as instance3_12_, instancein0_.instance_info_name as instance4_12_, instancein0_.instance_info_type_id as instance5_12_, instancein0_.instance_tur_id as instance6_12_ from instance_info instancein0_
Hibernate: insert into instance_info (id, description, instance_info, instance_info_name, instance_info_type_id, instance_tur_id) values (null, ?, ?, ?, ?, ?)
2016-07-06 19:22:12.050 DEBUG 60006 --- [    Test worker] mozhotels.web.rest.InstanceInfoResource  : REST request to get InstanceInfo : 5
Hibernate: select instancein0_.id as id1_12_, instancein0_.description as descript2_12_, instancein0_.instance_info as instance3_12_, instancein0_.instance_info_name as instance4_12_, instancein0_.instance_info_type_id as instance5_12_, instancein0_.instance_tur_id as instance6_12_ from instance_info instancein0_
2016-07-06 19:22:12.101 DEBUG 60006 --- [    Test worker] mozhotels.web.rest.InstanceInfoResource  : REST request to save InstanceInfo : InstanceInfo{id=null, instanceInfo='POLICY', instanceInfoName='AAAAA', description='AAAAA'}
Hibernate: insert into instance_info (id, description, instance_info, instance_info_name, instance_info_type_id, instance_tur_id) values (null, ?, ?, ?, ?, ?)
Hibernate: select instancein0_.id as id1_12_, instancein0_.description as descript2_12_, instancein0_.instance_info as instance3_12_, instancein0_.instance_info_name as instance4_12_, instancein0_.instance_info_type_id as instance5_12_, instancein0_.instance_tur_id as instance6_12_ from instance_info instancein0_
]]></system-out>
  <system-err><![CDATA[]]></system-err>
</testsuite>
