<?xml version="1.0" encoding="UTF-8"?>
<testsuite name="mozhotels.web.rest.InstanceFacilityResourceIntTest" tests="8" skipped="0" failures="0" errors="0" timestamp="2016-07-06T17:22:09" hostname="Edmilsons-MacBook-Pro.local" time="0.572">
  <properties/>
  <testcase name="checkInstanceFacilityNameIsRequired" classname="mozhotels.web.rest.InstanceFacilityResourceIntTest" time="0.05"/>
  <testcase name="deleteInstanceFacility" classname="mozhotels.web.rest.InstanceFacilityResourceIntTest" time="0.112"/>
  <testcase name="updateInstanceFacility" classname="mozhotels.web.rest.InstanceFacilityResourceIntTest" time="0.109"/>
  <testcase name="getNonExistingInstanceFacility" classname="mozhotels.web.rest.InstanceFacilityResourceIntTest" time="0.016"/>
  <testcase name="searchInstanceFacility" classname="mozhotels.web.rest.InstanceFacilityResourceIntTest" time="0.042"/>
  <testcase name="createInstanceFacility" classname="mozhotels.web.rest.InstanceFacilityResourceIntTest" time="0.063"/>
  <testcase name="getInstanceFacility" classname="mozhotels.web.rest.InstanceFacilityResourceIntTest" time="0.024"/>
  <testcase name="getAllInstanceFacilities" classname="mozhotels.web.rest.InstanceFacilityResourceIntTest" time="0.013"/>
  <system-out><![CDATA[Hibernate: select instancefa0_.id as id1_10_, instancefa0_.area as area2_10_, instancefa0_.booking_include as booking_3_10_, instancefa0_.description as descript4_10_, instancefa0_.instance_facility_name as instance5_10_, instancefa0_.instance_facility_type_id as instance8_10_, instancefa0_.instance_tur_id as instance9_10_, instancefa0_.price as price6_10_, instancefa0_.quantity as quantity7_10_ from instance_facility instancefa0_
Hibernate: select instancefa0_.id as id1_10_, instancefa0_.area as area2_10_, instancefa0_.booking_include as booking_3_10_, instancefa0_.description as descript4_10_, instancefa0_.instance_facility_name as instance5_10_, instancefa0_.instance_facility_type_id as instance8_10_, instancefa0_.instance_tur_id as instance9_10_, instancefa0_.price as price6_10_, instancefa0_.quantity as quantity7_10_ from instance_facility instancefa0_
Hibernate: insert into instance_facility (id, area, booking_include, description, instance_facility_name, instance_facility_type_id, instance_tur_id, price, quantity) values (null, ?, ?, ?, ?, ?, ?, ?, ?)
Hibernate: select instancefa0_.id as id1_10_, instancefa0_.area as area2_10_, instancefa0_.booking_include as booking_3_10_, instancefa0_.description as descript4_10_, instancefa0_.instance_facility_name as instance5_10_, instancefa0_.instance_facility_type_id as instance8_10_, instancefa0_.instance_tur_id as instance9_10_, instancefa0_.price as price6_10_, instancefa0_.quantity as quantity7_10_ from instance_facility instancefa0_
2016-07-06 19:22:09.752 DEBUG 60006 --- [    Test worker] m.web.rest.InstanceFacilityResource      : REST request to delete InstanceFacility : 1
Hibernate: delete from instance_facility where id=?
Hibernate: select instancefa0_.id as id1_10_, instancefa0_.area as area2_10_, instancefa0_.booking_include as booking_3_10_, instancefa0_.description as descript4_10_, instancefa0_.instance_facility_name as instance5_10_, instancefa0_.instance_facility_type_id as instance8_10_, instancefa0_.instance_tur_id as instance9_10_, instancefa0_.price as price6_10_, instancefa0_.quantity as quantity7_10_ from instance_facility instancefa0_
Hibernate: insert into instance_facility (id, area, booking_include, description, instance_facility_name, instance_facility_type_id, instance_tur_id, price, quantity) values (null, ?, ?, ?, ?, ?, ?, ?, ?)
Hibernate: select instancefa0_.id as id1_10_, instancefa0_.area as area2_10_, instancefa0_.booking_include as booking_3_10_, instancefa0_.description as descript4_10_, instancefa0_.instance_facility_name as instance5_10_, instancefa0_.instance_facility_type_id as instance8_10_, instancefa0_.instance_tur_id as instance9_10_, instancefa0_.price as price6_10_, instancefa0_.quantity as quantity7_10_ from instance_facility instancefa0_
2016-07-06 19:22:09.857 DEBUG 60006 --- [    Test worker] m.web.rest.InstanceFacilityResource      : REST request to update InstanceFacility : InstanceFacility{id=2, instanceFacilityName='BBBBB', description='BBBBB', quantity='2', area='OUTDOOR', price='2', bookingInclude='true'}
Hibernate: update instance_facility set area=?, booking_include=?, description=?, instance_facility_name=?, instance_facility_type_id=?, instance_tur_id=?, price=?, quantity=? where id=?
Hibernate: select instancefa0_.id as id1_10_, instancefa0_.area as area2_10_, instancefa0_.booking_include as booking_3_10_, instancefa0_.description as descript4_10_, instancefa0_.instance_facility_name as instance5_10_, instancefa0_.instance_facility_type_id as instance8_10_, instancefa0_.instance_tur_id as instance9_10_, instancefa0_.price as price6_10_, instancefa0_.quantity as quantity7_10_ from instance_facility instancefa0_
2016-07-06 19:22:09.921 DEBUG 60006 --- [    Test worker] m.web.rest.InstanceFacilityResource      : REST request to get InstanceFacility : 9223372036854775807
Hibernate: select instancefa0_.id as id1_10_0_, instancefa0_.area as area2_10_0_, instancefa0_.booking_include as booking_3_10_0_, instancefa0_.description as descript4_10_0_, instancefa0_.instance_facility_name as instance5_10_0_, instancefa0_.instance_facility_type_id as instance8_10_0_, instancefa0_.instance_tur_id as instance9_10_0_, instancefa0_.price as price6_10_0_, instancefa0_.quantity as quantity7_10_0_, instancefa1_.id as id1_11_1_, instancefa1_.description as descript2_11_1_, instancefa1_.facility_type as facility3_11_1_, instancefa1_.instance_facility as instance4_11_1_, instancefa1_.instance_facility_type_name as instance5_11_1_, instancefa1_.instance_room_facility as instance6_11_1_, instancetu2_.id as id1_17_2_, instancetu2_.address as address2_17_2_, instancetu2_.beds as beds3_17_2_, instancetu2_.contact_number_principal as contact_4_17_2_, instancetu2_.currency as currency5_17_2_, instancetu2_.description as descript6_17_2_, instancetu2_.email as email7_17_2_, instancetu2_.floors as floors8_17_2_, instancetu2_.instance_tur_name as instance9_17_2_, instancetu2_.instance_tur_type_id as instanc18_17_2_, instancetu2_.latitude as latitud10_17_2_, instancetu2_.local_tur_id as local_t19_17_2_, instancetu2_.longitude as longitu11_17_2_, instancetu2_.photo_principal as photo_p12_17_2_, instancetu2_.photo_principal_content_type as photo_p13_17_2_, instancetu2_.rating as rating14_17_2_, instancetu2_.rooms as rooms15_17_2_, instancetu2_.website as website16_17_2_, instancetu2_.zip_code as zip_cod17_17_2_, instancetu3_.id as id1_18_3_, instancetu3_.description as descript2_18_3_, instancetu3_.instance_tur_type_name as instance3_18_3_, localtur4_.id as id1_26_4_, localtur4_.description as descript2_26_4_, localtur4_.local_tur_name as local_tu3_26_4_, localtur4_.photo_principal as photo_pr4_26_4_, localtur4_.photo_principal_content_type as photo_pr5_26_4_, localtur4_.province_id as province6_26_4_, province5_.id as id1_28_5_, province5_.description as descript2_28_5_, province5_.photo_principal as photo_pr3_28_5_, province5_.photo_principal_content_type as photo_pr4_28_5_, province5_.province_name as province5_28_5_, province5_.region_id as region_i6_28_5_, region6_.id as id1_29_6_, region6_.country_id as country_4_29_6_, region6_.description as descript2_29_6_, region6_.region_name as region_n3_29_6_, country7_.id as id1_4_7_, country7_.country_name as country_2_4_7_, country7_.description as descript3_4_7_ from instance_facility instancefa0_ left outer join instance_facility_type instancefa1_ on instancefa0_.instance_facility_type_id=instancefa1_.id left outer join instance_tur instancetu2_ on instancefa0_.instance_tur_id=instancetu2_.id left outer join instance_tur_type instancetu3_ on instancetu2_.instance_tur_type_id=instancetu3_.id left outer join local_tur localtur4_ on instancetu2_.local_tur_id=localtur4_.id left outer join province province5_ on localtur4_.province_id=province5_.id left outer join region region6_ on province5_.region_id=region6_.id left outer join country country7_ on region6_.country_id=country7_.id where instancefa0_.id=?
Hibernate: insert into instance_facility (id, area, booking_include, description, instance_facility_name, instance_facility_type_id, instance_tur_id, price, quantity) values (null, ?, ?, ?, ?, ?, ?, ?, ?)
2016-07-06 19:22:09.979 DEBUG 60006 --- [    Test worker] m.web.rest.InstanceFacilityResource      : REST request to search InstanceFacilities for query id:3
Hibernate: select instancefa0_.id as id1_10_, instancefa0_.area as area2_10_, instancefa0_.booking_include as booking_3_10_, instancefa0_.description as descript4_10_, instancefa0_.instance_facility_name as instance5_10_, instancefa0_.instance_facility_type_id as instance8_10_, instancefa0_.instance_tur_id as instance9_10_, instancefa0_.price as price6_10_, instancefa0_.quantity as quantity7_10_ from instance_facility instancefa0_
2016-07-06 19:22:10.039 DEBUG 60006 --- [    Test worker] m.web.rest.InstanceFacilityResource      : REST request to save InstanceFacility : InstanceFacility{id=null, instanceFacilityName='AAAAA', description='AAAAA', quantity='1', area='INDOOR', price='1', bookingInclude='false'}
Hibernate: insert into instance_facility (id, area, booking_include, description, instance_facility_name, instance_facility_type_id, instance_tur_id, price, quantity) values (null, ?, ?, ?, ?, ?, ?, ?, ?)
Hibernate: select instancefa0_.id as id1_10_, instancefa0_.area as area2_10_, instancefa0_.booking_include as booking_3_10_, instancefa0_.description as descript4_10_, instancefa0_.instance_facility_name as instance5_10_, instancefa0_.instance_facility_type_id as instance8_10_, instancefa0_.instance_tur_id as instance9_10_, instancefa0_.price as price6_10_, instancefa0_.quantity as quantity7_10_ from instance_facility instancefa0_
Hibernate: insert into instance_facility (id, area, booking_include, description, instance_facility_name, instance_facility_type_id, instance_tur_id, price, quantity) values (null, ?, ?, ?, ?, ?, ?, ?, ?)
2016-07-06 19:22:10.116 DEBUG 60006 --- [    Test worker] m.web.rest.InstanceFacilityResource      : REST request to get InstanceFacility : 5
Hibernate: insert into instance_facility (id, area, booking_include, description, instance_facility_name, instance_facility_type_id, instance_tur_id, price, quantity) values (null, ?, ?, ?, ?, ?, ?, ?, ?)
2016-07-06 19:22:10.147 DEBUG 60006 --- [    Test worker] m.web.rest.InstanceFacilityResource      : REST request to get all InstanceFacilities
Hibernate: select instancefa0_.id as id1_10_, instancefa0_.area as area2_10_, instancefa0_.booking_include as booking_3_10_, instancefa0_.description as descript4_10_, instancefa0_.instance_facility_name as instance5_10_, instancefa0_.instance_facility_type_id as instance8_10_, instancefa0_.instance_tur_id as instance9_10_, instancefa0_.price as price6_10_, instancefa0_.quantity as quantity7_10_ from instance_facility instancefa0_
]]></system-out>
  <system-err><![CDATA[]]></system-err>
</testsuite>
