<?xml version="1.0" encoding="UTF-8"?>
<testsuite name="mozhotels.service.SocialServiceIntTest" tests="14" skipped="0" failures="0" errors="0" timestamp="2016-07-06T17:21:53" hostname="Edmilsons-MacBook-Pro.local" time="2.488">
  <properties/>
  <testcase name="testCreateSocialUserShouldThrowExceptionIfConnectionHasNoEmailAndLoginAlreadyExist" classname="mozhotels.service.SocialServiceIntTest" time="0.868"/>
  <testcase name="testCreateSocialUserShouldCreateUserWithSocialInformation" classname="mozhotels.service.SocialServiceIntTest" time="0.197"/>
  <testcase name="testCreateSocialUserShouldCreateActivatedUserWithRoleUserAndPassword" classname="mozhotels.service.SocialServiceIntTest" time="0.181"/>
  <testcase name="testCreateSocialUserShouldCreateUserWithExactLangKey" classname="mozhotels.service.SocialServiceIntTest" time="0.127"/>
  <testcase name="testCreateSocialUserShouldCreateUserWithLoginSameAsEmailIfNotTwitter" classname="mozhotels.service.SocialServiceIntTest" time="0.121"/>
  <testcase name="testCreateSocialUserShouldSendRegistrationValidationEmail" classname="mozhotels.service.SocialServiceIntTest" time="0.143"/>
  <testcase name="testCreateSocialUserShouldCreateUserWithSocialLoginWhenIsTwitter" classname="mozhotels.service.SocialServiceIntTest" time="0.112"/>
  <testcase name="testCreateSocialUserShouldCreateSocialConnection" classname="mozhotels.service.SocialServiceIntTest" time="0.113"/>
  <testcase name="testDeleteUserSocialConnection" classname="mozhotels.service.SocialServiceIntTest" time="0.147"/>
  <testcase name="testCreateSocialUserShouldNotCreateUserIfEmailAlreadyExist" classname="mozhotels.service.SocialServiceIntTest" time="0.164"/>
  <testcase name="testCreateSocialUserShouldThrowExceptionIfConnectionIsNull" classname="mozhotels.service.SocialServiceIntTest" time="0.004"/>
  <testcase name="testCreateSocialUserShouldThrowExceptionIfConnectionHasNoEmailAndNoLogin" classname="mozhotels.service.SocialServiceIntTest" time="0.004"/>
  <testcase name="testCreateSocialUserShouldNotChangeUserIfEmailAlreadyExist" classname="mozhotels.service.SocialServiceIntTest" time="0.119"/>
  <testcase name="testCreateSocialUserShouldCreateUserIfNotExist" classname="mozhotels.service.SocialServiceIntTest" time="0.157"/>
  <system-out><![CDATA[Hibernate: insert into jhi_user (id, created_by, created_date, last_modified_by, last_modified_date, activated, activation_key, email, first_name, lang_key, last_name, login, password_hash, reset_date, reset_key) values (null, ?, ?, ?, ?, ?, ?, ?, ?, ?, ?, ?, ?, ?, ?)
Hibernate: select user0_.id as id1_24_, user0_.created_by as created_2_24_, user0_.created_date as created_3_24_, user0_.last_modified_by as last_mod4_24_, user0_.last_modified_date as last_mod5_24_, user0_.activated as activate6_24_, user0_.activation_key as activati7_24_, user0_.email as email8_24_, user0_.first_name as first_na9_24_, user0_.lang_key as lang_ke10_24_, user0_.last_name as last_na11_24_, user0_.login as login12_24_, user0_.password_hash as passwor13_24_, user0_.reset_date as reset_d14_24_, user0_.reset_key as reset_k15_24_ from jhi_user user0_ where user0_.login=?
2016-07-06 19:21:54.172 ERROR 60006 --- [    Test worker] mozhotels.service.SocialService          : Cannot create social user because email is null and login already exist, login -> @login
Hibernate: select user0_.id as id1_24_, user0_.created_by as created_2_24_, user0_.created_date as created_3_24_, user0_.last_modified_by as last_mod4_24_, user0_.last_modified_date as last_mod5_24_, user0_.activated as activate6_24_, user0_.activation_key as activati7_24_, user0_.email as email8_24_, user0_.first_name as first_na9_24_, user0_.lang_key as lang_ke10_24_, user0_.last_name as last_na11_24_, user0_.login as login12_24_, user0_.password_hash as passwor13_24_, user0_.reset_date as reset_d14_24_, user0_.reset_key as reset_k15_24_ from jhi_user user0_ where user0_.email=?
Hibernate: select authority0_.name as name1_19_0_ from jhi_authority authority0_ where authority0_.name=?
Hibernate: insert into jhi_user (id, created_by, created_date, last_modified_by, last_modified_date, activated, activation_key, email, first_name, lang_key, last_name, login, password_hash, reset_date, reset_key) values (null, ?, ?, ?, ?, ?, ?, ?, ?, ?, ?, ?, ?, ?, ?)
Hibernate: select user0_.id as id1_24_, user0_.created_by as created_2_24_, user0_.created_date as created_3_24_, user0_.last_modified_by as last_mod4_24_, user0_.last_modified_date as last_mod5_24_, user0_.activated as activate6_24_, user0_.activation_key as activati7_24_, user0_.email as email8_24_, user0_.first_name as first_na9_24_, user0_.lang_key as lang_ke10_24_, user0_.last_name as last_na11_24_, user0_.login as login12_24_, user0_.password_hash as passwor13_24_, user0_.reset_date as reset_d14_24_, user0_.reset_key as reset_k15_24_ from jhi_user user0_ where user0_.email=?
Hibernate: select user0_.id as id1_24_, user0_.created_by as created_2_24_, user0_.created_date as created_3_24_, user0_.last_modified_by as last_mod4_24_, user0_.last_modified_date as last_mod5_24_, user0_.activated as activate6_24_, user0_.activation_key as activati7_24_, user0_.email as email8_24_, user0_.first_name as first_na9_24_, user0_.lang_key as lang_ke10_24_, user0_.last_name as last_na11_24_, user0_.login as login12_24_, user0_.password_hash as passwor13_24_, user0_.reset_date as reset_d14_24_, user0_.reset_key as reset_k15_24_ from jhi_user user0_ where user0_.email=?
Hibernate: select authority0_.name as name1_19_0_ from jhi_authority authority0_ where authority0_.name=?
Hibernate: insert into jhi_user (id, created_by, created_date, last_modified_by, last_modified_date, activated, activation_key, email, first_name, lang_key, last_name, login, password_hash, reset_date, reset_key) values (null, ?, ?, ?, ?, ?, ?, ?, ?, ?, ?, ?, ?, ?, ?)
Hibernate: select user0_.id as id1_24_, user0_.created_by as created_2_24_, user0_.created_date as created_3_24_, user0_.last_modified_by as last_mod4_24_, user0_.last_modified_date as last_mod5_24_, user0_.activated as activate6_24_, user0_.activation_key as activati7_24_, user0_.email as email8_24_, user0_.first_name as first_na9_24_, user0_.lang_key as lang_ke10_24_, user0_.last_name as last_na11_24_, user0_.login as login12_24_, user0_.password_hash as passwor13_24_, user0_.reset_date as reset_d14_24_, user0_.reset_key as reset_k15_24_ from jhi_user user0_ where user0_.email=?
Hibernate: select user0_.id as id1_24_, user0_.created_by as created_2_24_, user0_.created_date as created_3_24_, user0_.last_modified_by as last_mod4_24_, user0_.last_modified_date as last_mod5_24_, user0_.activated as activate6_24_, user0_.activation_key as activati7_24_, user0_.email as email8_24_, user0_.first_name as first_na9_24_, user0_.lang_key as lang_ke10_24_, user0_.last_name as last_na11_24_, user0_.login as login12_24_, user0_.password_hash as passwor13_24_, user0_.reset_date as reset_d14_24_, user0_.reset_key as reset_k15_24_ from jhi_user user0_ where user0_.email=?
Hibernate: select authority0_.name as name1_19_0_ from jhi_authority authority0_ where authority0_.name=?
Hibernate: insert into jhi_user (id, created_by, created_date, last_modified_by, last_modified_date, activated, activation_key, email, first_name, lang_key, last_name, login, password_hash, reset_date, reset_key) values (null, ?, ?, ?, ?, ?, ?, ?, ?, ?, ?, ?, ?, ?, ?)
Hibernate: select user0_.id as id1_24_, user0_.created_by as created_2_24_, user0_.created_date as created_3_24_, user0_.last_modified_by as last_mod4_24_, user0_.last_modified_date as last_mod5_24_, user0_.activated as activate6_24_, user0_.activation_key as activati7_24_, user0_.email as email8_24_, user0_.first_name as first_na9_24_, user0_.lang_key as lang_ke10_24_, user0_.last_name as last_na11_24_, user0_.login as login12_24_, user0_.password_hash as passwor13_24_, user0_.reset_date as reset_d14_24_, user0_.reset_key as reset_k15_24_ from jhi_user user0_ where user0_.email=?
Hibernate: select user0_.id as id1_24_, user0_.created_by as created_2_24_, user0_.created_date as created_3_24_, user0_.last_modified_by as last_mod4_24_, user0_.last_modified_date as last_mod5_24_, user0_.activated as activate6_24_, user0_.activation_key as activati7_24_, user0_.email as email8_24_, user0_.first_name as first_na9_24_, user0_.lang_key as lang_ke10_24_, user0_.last_name as last_na11_24_, user0_.login as login12_24_, user0_.password_hash as passwor13_24_, user0_.reset_date as reset_d14_24_, user0_.reset_key as reset_k15_24_ from jhi_user user0_ where user0_.email=?
Hibernate: select authority0_.name as name1_19_0_ from jhi_authority authority0_ where authority0_.name=?
Hibernate: insert into jhi_user (id, created_by, created_date, last_modified_by, last_modified_date, activated, activation_key, email, first_name, lang_key, last_name, login, password_hash, reset_date, reset_key) values (null, ?, ?, ?, ?, ?, ?, ?, ?, ?, ?, ?, ?, ?, ?)
Hibernate: select user0_.id as id1_24_, user0_.created_by as created_2_24_, user0_.created_date as created_3_24_, user0_.last_modified_by as last_mod4_24_, user0_.last_modified_date as last_mod5_24_, user0_.activated as activate6_24_, user0_.activation_key as activati7_24_, user0_.email as email8_24_, user0_.first_name as first_na9_24_, user0_.lang_key as lang_ke10_24_, user0_.last_name as last_na11_24_, user0_.login as login12_24_, user0_.password_hash as passwor13_24_, user0_.reset_date as reset_d14_24_, user0_.reset_key as reset_k15_24_ from jhi_user user0_ where user0_.email=?
Hibernate: select user0_.id as id1_24_, user0_.created_by as created_2_24_, user0_.created_date as created_3_24_, user0_.last_modified_by as last_mod4_24_, user0_.last_modified_date as last_mod5_24_, user0_.activated as activate6_24_, user0_.activation_key as activati7_24_, user0_.email as email8_24_, user0_.first_name as first_na9_24_, user0_.lang_key as lang_ke10_24_, user0_.last_name as last_na11_24_, user0_.login as login12_24_, user0_.password_hash as passwor13_24_, user0_.reset_date as reset_d14_24_, user0_.reset_key as reset_k15_24_ from jhi_user user0_ where user0_.email=?
Hibernate: select authority0_.name as name1_19_0_ from jhi_authority authority0_ where authority0_.name=?
Hibernate: insert into jhi_user (id, created_by, created_date, last_modified_by, last_modified_date, activated, activation_key, email, first_name, lang_key, last_name, login, password_hash, reset_date, reset_key) values (null, ?, ?, ?, ?, ?, ?, ?, ?, ?, ?, ?, ?, ?, ?)
Hibernate: select user0_.id as id1_24_, user0_.created_by as created_2_24_, user0_.created_date as created_3_24_, user0_.last_modified_by as last_mod4_24_, user0_.last_modified_date as last_mod5_24_, user0_.activated as activate6_24_, user0_.activation_key as activati7_24_, user0_.email as email8_24_, user0_.first_name as first_na9_24_, user0_.lang_key as lang_ke10_24_, user0_.last_name as last_na11_24_, user0_.login as login12_24_, user0_.password_hash as passwor13_24_, user0_.reset_date as reset_d14_24_, user0_.reset_key as reset_k15_24_ from jhi_user user0_ where user0_.email=?
Hibernate: select user0_.id as id1_24_, user0_.created_by as created_2_24_, user0_.created_date as created_3_24_, user0_.last_modified_by as last_mod4_24_, user0_.last_modified_date as last_mod5_24_, user0_.activated as activate6_24_, user0_.activation_key as activati7_24_, user0_.email as email8_24_, user0_.first_name as first_na9_24_, user0_.lang_key as lang_ke10_24_, user0_.last_name as last_na11_24_, user0_.login as login12_24_, user0_.password_hash as passwor13_24_, user0_.reset_date as reset_d14_24_, user0_.reset_key as reset_k15_24_ from jhi_user user0_ where user0_.email=?
Hibernate: select authority0_.name as name1_19_0_ from jhi_authority authority0_ where authority0_.name=?
Hibernate: insert into jhi_user (id, created_by, created_date, last_modified_by, last_modified_date, activated, activation_key, email, first_name, lang_key, last_name, login, password_hash, reset_date, reset_key) values (null, ?, ?, ?, ?, ?, ?, ?, ?, ?, ?, ?, ?, ?, ?)
Hibernate: select user0_.id as id1_24_, user0_.created_by as created_2_24_, user0_.created_date as created_3_24_, user0_.last_modified_by as last_mod4_24_, user0_.last_modified_date as last_mod5_24_, user0_.activated as activate6_24_, user0_.activation_key as activati7_24_, user0_.email as email8_24_, user0_.first_name as first_na9_24_, user0_.lang_key as lang_ke10_24_, user0_.last_name as last_na11_24_, user0_.login as login12_24_, user0_.password_hash as passwor13_24_, user0_.reset_date as reset_d14_24_, user0_.reset_key as reset_k15_24_ from jhi_user user0_ where user0_.email=?
Hibernate: select user0_.id as id1_24_, user0_.created_by as created_2_24_, user0_.created_date as created_3_24_, user0_.last_modified_by as last_mod4_24_, user0_.last_modified_date as last_mod5_24_, user0_.activated as activate6_24_, user0_.activation_key as activati7_24_, user0_.email as email8_24_, user0_.first_name as first_na9_24_, user0_.lang_key as lang_ke10_24_, user0_.last_name as last_na11_24_, user0_.login as login12_24_, user0_.password_hash as passwor13_24_, user0_.reset_date as reset_d14_24_, user0_.reset_key as reset_k15_24_ from jhi_user user0_ where user0_.email=?
Hibernate: select authority0_.name as name1_19_0_ from jhi_authority authority0_ where authority0_.name=?
Hibernate: insert into jhi_user (id, created_by, created_date, last_modified_by, last_modified_date, activated, activation_key, email, first_name, lang_key, last_name, login, password_hash, reset_date, reset_key) values (null, ?, ?, ?, ?, ?, ?, ?, ?, ?, ?, ?, ?, ?, ?)
Hibernate: select user0_.id as id1_24_, user0_.created_by as created_2_24_, user0_.created_date as created_3_24_, user0_.last_modified_by as last_mod4_24_, user0_.last_modified_date as last_mod5_24_, user0_.activated as activate6_24_, user0_.activation_key as activati7_24_, user0_.email as email8_24_, user0_.first_name as first_na9_24_, user0_.lang_key as lang_ke10_24_, user0_.last_name as last_na11_24_, user0_.login as login12_24_, user0_.password_hash as passwor13_24_, user0_.reset_date as reset_d14_24_, user0_.reset_key as reset_k15_24_ from jhi_user user0_ where user0_.email=?
Hibernate: select user0_.id as id1_24_, user0_.created_by as created_2_24_, user0_.created_date as created_3_24_, user0_.last_modified_by as last_mod4_24_, user0_.last_modified_date as last_mod5_24_, user0_.activated as activate6_24_, user0_.activation_key as activati7_24_, user0_.email as email8_24_, user0_.first_name as first_na9_24_, user0_.lang_key as lang_ke10_24_, user0_.last_name as last_na11_24_, user0_.login as login12_24_, user0_.password_hash as passwor13_24_, user0_.reset_date as reset_d14_24_, user0_.reset_key as reset_k15_24_ from jhi_user user0_ where user0_.email=?
Hibernate: select authority0_.name as name1_19_0_ from jhi_authority authority0_ where authority0_.name=?
Hibernate: insert into jhi_user (id, created_by, created_date, last_modified_by, last_modified_date, activated, activation_key, email, first_name, lang_key, last_name, login, password_hash, reset_date, reset_key) values (null, ?, ?, ?, ?, ?, ?, ?, ?, ?, ?, ?, ?, ?, ?)
2016-07-06 19:21:55.338 DEBUG 60006 --- [    Test worker] mozhotels.service.SocialService          : Delete user social connection providerId: PROVIDER
Hibernate: insert into jhi_user (id, created_by, created_date, last_modified_by, last_modified_date, activated, activation_key, email, first_name, lang_key, last_name, login, password_hash, reset_date, reset_key) values (null, ?, ?, ?, ?, ?, ?, ?, ?, ?, ?, ?, ?, ?, ?)
Hibernate: select count(*) as col_0_0_ from jhi_user user0_
Hibernate: select user0_.id as id1_24_, user0_.created_by as created_2_24_, user0_.created_date as created_3_24_, user0_.last_modified_by as last_mod4_24_, user0_.last_modified_date as last_mod5_24_, user0_.activated as activate6_24_, user0_.activation_key as activati7_24_, user0_.email as email8_24_, user0_.first_name as first_na9_24_, user0_.lang_key as lang_ke10_24_, user0_.last_name as last_na11_24_, user0_.login as login12_24_, user0_.password_hash as passwor13_24_, user0_.reset_date as reset_d14_24_, user0_.reset_key as reset_k15_24_ from jhi_user user0_ where user0_.email=?
2016-07-06 19:21:55.477  INFO 60006 --- [    Test worker] mozhotels.service.SocialService          : User already exist associate the connection to this account
Hibernate: select count(*) as col_0_0_ from jhi_user user0_
Hibernate: select user0_.id as id1_24_, user0_.created_by as created_2_24_, user0_.created_date as created_3_24_, user0_.last_modified_by as last_mod4_24_, user0_.last_modified_date as last_mod5_24_, user0_.activated as activate6_24_, user0_.activation_key as activati7_24_, user0_.email as email8_24_, user0_.first_name as first_na9_24_, user0_.lang_key as lang_ke10_24_, user0_.last_name as last_na11_24_, user0_.login as login12_24_, user0_.password_hash as passwor13_24_, user0_.reset_date as reset_d14_24_, user0_.reset_key as reset_k15_24_ from jhi_user user0_ where user0_.email=?
2016-07-06 19:21:55.511 ERROR 60006 --- [    Test worker] mozhotels.service.SocialService          : Cannot create social user because connection is null
2016-07-06 19:21:55.517 ERROR 60006 --- [    Test worker] mozhotels.service.SocialService          : Cannot create social user because email and login are null
Hibernate: insert into jhi_user (id, created_by, created_date, last_modified_by, last_modified_date, activated, activation_key, email, first_name, lang_key, last_name, login, password_hash, reset_date, reset_key) values (null, ?, ?, ?, ?, ?, ?, ?, ?, ?, ?, ?, ?, ?, ?)
Hibernate: select user0_.id as id1_24_, user0_.created_by as created_2_24_, user0_.created_date as created_3_24_, user0_.last_modified_by as last_mod4_24_, user0_.last_modified_date as last_mod5_24_, user0_.activated as activate6_24_, user0_.activation_key as activati7_24_, user0_.email as email8_24_, user0_.first_name as first_na9_24_, user0_.lang_key as lang_ke10_24_, user0_.last_name as last_na11_24_, user0_.login as login12_24_, user0_.password_hash as passwor13_24_, user0_.reset_date as reset_d14_24_, user0_.reset_key as reset_k15_24_ from jhi_user user0_ where user0_.email=?
2016-07-06 19:21:55.629  INFO 60006 --- [    Test worker] mozhotels.service.SocialService          : User already exist associate the connection to this account
Hibernate: select user0_.id as id1_24_, user0_.created_by as created_2_24_, user0_.created_date as created_3_24_, user0_.last_modified_by as last_mod4_24_, user0_.last_modified_date as last_mod5_24_, user0_.activated as activate6_24_, user0_.activation_key as activati7_24_, user0_.email as email8_24_, user0_.first_name as first_na9_24_, user0_.lang_key as lang_ke10_24_, user0_.last_name as last_na11_24_, user0_.login as login12_24_, user0_.password_hash as passwor13_24_, user0_.reset_date as reset_d14_24_, user0_.reset_key as reset_k15_24_ from jhi_user user0_ where user0_.email=?
Hibernate: select user0_.id as id1_24_, user0_.created_by as created_2_24_, user0_.created_date as created_3_24_, user0_.last_modified_by as last_mod4_24_, user0_.last_modified_date as last_mod5_24_, user0_.activated as activate6_24_, user0_.activation_key as activati7_24_, user0_.email as email8_24_, user0_.first_name as first_na9_24_, user0_.lang_key as lang_ke10_24_, user0_.last_name as last_na11_24_, user0_.login as login12_24_, user0_.password_hash as passwor13_24_, user0_.reset_date as reset_d14_24_, user0_.reset_key as reset_k15_24_ from jhi_user user0_ where user0_.email=?
Hibernate: select authority0_.name as name1_19_0_ from jhi_authority authority0_ where authority0_.name=?
Hibernate: insert into jhi_user (id, created_by, created_date, last_modified_by, last_modified_date, activated, activation_key, email, first_name, lang_key, last_name, login, password_hash, reset_date, reset_key) values (null, ?, ?, ?, ?, ?, ?, ?, ?, ?, ?, ?, ?, ?, ?)
Hibernate: select user0_.id as id1_24_, user0_.created_by as created_2_24_, user0_.created_date as created_3_24_, user0_.last_modified_by as last_mod4_24_, user0_.last_modified_date as last_mod5_24_, user0_.activated as activate6_24_, user0_.activation_key as activati7_24_, user0_.email as email8_24_, user0_.first_name as first_na9_24_, user0_.lang_key as lang_ke10_24_, user0_.last_name as last_na11_24_, user0_.login as login12_24_, user0_.password_hash as passwor13_24_, user0_.reset_date as reset_d14_24_, user0_.reset_key as reset_k15_24_ from jhi_user user0_ where user0_.email=?
]]></system-out>
  <system-err><![CDATA[]]></system-err>
</testsuite>
