<?xml version="1.0" encoding="UTF-8"?>
<testsuite name="mozhotels.web.rest.AccountResourceIntTest" tests="12" skipped="0" failures="0" errors="0" timestamp="2016-07-06T17:21:57" hostname="Edmilsons-MacBook-Pro.local" time="3.187">
  <properties/>
  <testcase name="testSaveInvalidLogin" classname="mozhotels.web.rest.AccountResourceIntTest" time="0.675"/>
  <testcase name="testRegisterInvalidEmail" classname="mozhotels.web.rest.AccountResourceIntTest" time="0.295"/>
  <testcase name="testRegisterInvalidLogin" classname="mozhotels.web.rest.AccountResourceIntTest" time="0.146"/>
  <testcase name="testRegisterInvalidPassword" classname="mozhotels.web.rest.AccountResourceIntTest" time="0.105"/>
  <testcase name="testRegisterAdminIsIgnored" classname="mozhotels.web.rest.AccountResourceIntTest" time="0.266"/>
  <testcase name="testGetUnknownAccount" classname="mozhotels.web.rest.AccountResourceIntTest" time="0.086"/>
  <testcase name="testRegisterDuplicateEmail" classname="mozhotels.web.rest.AccountResourceIntTest" time="0.39"/>
  <testcase name="testRegisterDuplicateLogin" classname="mozhotels.web.rest.AccountResourceIntTest" time="0.358"/>
  <testcase name="testAuthenticatedUser" classname="mozhotels.web.rest.AccountResourceIntTest" time="0.111"/>
  <testcase name="testRegisterValid" classname="mozhotels.web.rest.AccountResourceIntTest" time="0.284"/>
  <testcase name="testNonAuthenticatedUser" classname="mozhotels.web.rest.AccountResourceIntTest" time="0.068"/>
  <testcase name="testGetExistingAccount" classname="mozhotels.web.rest.AccountResourceIntTest" time="0.354"/>
  <system-out><![CDATA[Hibernate: select user0_.id as id1_24_, user0_.created_by as created_2_24_, user0_.created_date as created_3_24_, user0_.last_modified_by as last_mod4_24_, user0_.last_modified_date as last_mod5_24_, user0_.activated as activate6_24_, user0_.activation_key as activati7_24_, user0_.email as email8_24_, user0_.first_name as first_na9_24_, user0_.lang_key as lang_ke10_24_, user0_.last_name as last_na11_24_, user0_.login as login12_24_, user0_.password_hash as passwor13_24_, user0_.reset_date as reset_d14_24_, user0_.reset_key as reset_k15_24_ from jhi_user user0_ where user0_.email=?
Hibernate: select user0_.id as id1_24_, user0_.created_by as created_2_24_, user0_.created_date as created_3_24_, user0_.last_modified_by as last_mod4_24_, user0_.last_modified_date as last_mod5_24_, user0_.activated as activate6_24_, user0_.activation_key as activati7_24_, user0_.email as email8_24_, user0_.first_name as first_na9_24_, user0_.lang_key as lang_ke10_24_, user0_.last_name as last_na11_24_, user0_.login as login12_24_, user0_.password_hash as passwor13_24_, user0_.reset_date as reset_d14_24_, user0_.reset_key as reset_k15_24_ from jhi_user user0_ where user0_.login=?
Hibernate: select user0_.id as id1_24_, user0_.created_by as created_2_24_, user0_.created_date as created_3_24_, user0_.last_modified_by as last_mod4_24_, user0_.last_modified_date as last_mod5_24_, user0_.activated as activate6_24_, user0_.activation_key as activati7_24_, user0_.email as email8_24_, user0_.first_name as first_na9_24_, user0_.lang_key as lang_ke10_24_, user0_.last_name as last_na11_24_, user0_.login as login12_24_, user0_.password_hash as passwor13_24_, user0_.reset_date as reset_d14_24_, user0_.reset_key as reset_k15_24_ from jhi_user user0_ where user0_.email=?
Hibernate: select user0_.id as id1_24_, user0_.created_by as created_2_24_, user0_.created_date as created_3_24_, user0_.last_modified_by as last_mod4_24_, user0_.last_modified_date as last_mod5_24_, user0_.activated as activate6_24_, user0_.activation_key as activati7_24_, user0_.email as email8_24_, user0_.first_name as first_na9_24_, user0_.lang_key as lang_ke10_24_, user0_.last_name as last_na11_24_, user0_.login as login12_24_, user0_.password_hash as passwor13_24_, user0_.reset_date as reset_d14_24_, user0_.reset_key as reset_k15_24_ from jhi_user user0_ where user0_.login=?
Hibernate: select user0_.id as id1_24_, user0_.created_by as created_2_24_, user0_.created_date as created_3_24_, user0_.last_modified_by as last_mod4_24_, user0_.last_modified_date as last_mod5_24_, user0_.activated as activate6_24_, user0_.activation_key as activati7_24_, user0_.email as email8_24_, user0_.first_name as first_na9_24_, user0_.lang_key as lang_ke10_24_, user0_.last_name as last_na11_24_, user0_.login as login12_24_, user0_.password_hash as passwor13_24_, user0_.reset_date as reset_d14_24_, user0_.reset_key as reset_k15_24_ from jhi_user user0_ where user0_.login=?
Hibernate: select user0_.id as id1_24_, user0_.created_by as created_2_24_, user0_.created_date as created_3_24_, user0_.last_modified_by as last_mod4_24_, user0_.last_modified_date as last_mod5_24_, user0_.activated as activate6_24_, user0_.activation_key as activati7_24_, user0_.email as email8_24_, user0_.first_name as first_na9_24_, user0_.lang_key as lang_ke10_24_, user0_.last_name as last_na11_24_, user0_.login as login12_24_, user0_.password_hash as passwor13_24_, user0_.reset_date as reset_d14_24_, user0_.reset_key as reset_k15_24_ from jhi_user user0_ where user0_.email=?
Hibernate: select authority0_.name as name1_19_0_ from jhi_authority authority0_ where authority0_.name=?
Hibernate: insert into jhi_user (id, created_by, created_date, last_modified_by, last_modified_date, activated, activation_key, email, first_name, lang_key, last_name, login, password_hash, reset_date, reset_key) values (null, ?, ?, ?, ?, ?, ?, ?, ?, ?, ?, ?, ?, ?, ?)
2016-07-06 19:21:59.410 DEBUG 60006 --- [    Test worker] mozhotels.service.UserService            : Created Information for User: User{login='badguy', firstName='Bad', lastName='Guy', email='badguy@example.com', activated='false', langKey='en', activationKey='95235478705531260350'}
Hibernate: select user0_.id as id1_24_, user0_.created_by as created_2_24_, user0_.created_date as created_3_24_, user0_.last_modified_by as last_mod4_24_, user0_.last_modified_date as last_mod5_24_, user0_.activated as activate6_24_, user0_.activation_key as activati7_24_, user0_.email as email8_24_, user0_.first_name as first_na9_24_, user0_.lang_key as lang_ke10_24_, user0_.last_name as last_na11_24_, user0_.login as login12_24_, user0_.password_hash as passwor13_24_, user0_.reset_date as reset_d14_24_, user0_.reset_key as reset_k15_24_ from jhi_user user0_ where user0_.login=?
Hibernate: select user0_.id as id1_24_, user0_.created_by as created_2_24_, user0_.created_date as created_3_24_, user0_.last_modified_by as last_mod4_24_, user0_.last_modified_date as last_mod5_24_, user0_.activated as activate6_24_, user0_.activation_key as activati7_24_, user0_.email as email8_24_, user0_.first_name as first_na9_24_, user0_.lang_key as lang_ke10_24_, user0_.last_name as last_na11_24_, user0_.login as login12_24_, user0_.password_hash as passwor13_24_, user0_.reset_date as reset_d14_24_, user0_.reset_key as reset_k15_24_ from jhi_user user0_ where user0_.login=?
Hibernate: select user0_.id as id1_24_, user0_.created_by as created_2_24_, user0_.created_date as created_3_24_, user0_.last_modified_by as last_mod4_24_, user0_.last_modified_date as last_mod5_24_, user0_.activated as activate6_24_, user0_.activation_key as activati7_24_, user0_.email as email8_24_, user0_.first_name as first_na9_24_, user0_.lang_key as lang_ke10_24_, user0_.last_name as last_na11_24_, user0_.login as login12_24_, user0_.password_hash as passwor13_24_, user0_.reset_date as reset_d14_24_, user0_.reset_key as reset_k15_24_ from jhi_user user0_ where user0_.email=?
Hibernate: select authority0_.name as name1_19_0_ from jhi_authority authority0_ where authority0_.name=?
Hibernate: insert into jhi_user (id, created_by, created_date, last_modified_by, last_modified_date, activated, activation_key, email, first_name, lang_key, last_name, login, password_hash, reset_date, reset_key) values (null, ?, ?, ?, ?, ?, ?, ?, ?, ?, ?, ?, ?, ?, ?)
2016-07-06 19:21:59.863 DEBUG 60006 --- [    Test worker] mozhotels.service.UserService            : Created Information for User: User{login='john', firstName='John', lastName='Doe', email='john@example.com', activated='false', langKey='en', activationKey='04535505915161132521'}
Hibernate: select user0_.id as id1_24_, user0_.created_by as created_2_24_, user0_.created_date as created_3_24_, user0_.last_modified_by as last_mod4_24_, user0_.last_modified_date as last_mod5_24_, user0_.activated as activate6_24_, user0_.activation_key as activati7_24_, user0_.email as email8_24_, user0_.first_name as first_na9_24_, user0_.lang_key as lang_ke10_24_, user0_.last_name as last_na11_24_, user0_.login as login12_24_, user0_.password_hash as passwor13_24_, user0_.reset_date as reset_d14_24_, user0_.reset_key as reset_k15_24_ from jhi_user user0_ where user0_.login=?
Hibernate: select user0_.id as id1_24_, user0_.created_by as created_2_24_, user0_.created_date as created_3_24_, user0_.last_modified_by as last_mod4_24_, user0_.last_modified_date as last_mod5_24_, user0_.activated as activate6_24_, user0_.activation_key as activati7_24_, user0_.email as email8_24_, user0_.first_name as first_na9_24_, user0_.lang_key as lang_ke10_24_, user0_.last_name as last_na11_24_, user0_.login as login12_24_, user0_.password_hash as passwor13_24_, user0_.reset_date as reset_d14_24_, user0_.reset_key as reset_k15_24_ from jhi_user user0_ where user0_.email=?
Hibernate: select user0_.id as id1_24_, user0_.created_by as created_2_24_, user0_.created_date as created_3_24_, user0_.last_modified_by as last_mod4_24_, user0_.last_modified_date as last_mod5_24_, user0_.activated as activate6_24_, user0_.activation_key as activati7_24_, user0_.email as email8_24_, user0_.first_name as first_na9_24_, user0_.lang_key as lang_ke10_24_, user0_.last_name as last_na11_24_, user0_.login as login12_24_, user0_.password_hash as passwor13_24_, user0_.reset_date as reset_d14_24_, user0_.reset_key as reset_k15_24_ from jhi_user user0_ where user0_.login=?
Hibernate: select user0_.id as id1_24_, user0_.created_by as created_2_24_, user0_.created_date as created_3_24_, user0_.last_modified_by as last_mod4_24_, user0_.last_modified_date as last_mod5_24_, user0_.activated as activate6_24_, user0_.activation_key as activati7_24_, user0_.email as email8_24_, user0_.first_name as first_na9_24_, user0_.lang_key as lang_ke10_24_, user0_.last_name as last_na11_24_, user0_.login as login12_24_, user0_.password_hash as passwor13_24_, user0_.reset_date as reset_d14_24_, user0_.reset_key as reset_k15_24_ from jhi_user user0_ where user0_.login=?
Hibernate: select user0_.id as id1_24_, user0_.created_by as created_2_24_, user0_.created_date as created_3_24_, user0_.last_modified_by as last_mod4_24_, user0_.last_modified_date as last_mod5_24_, user0_.activated as activate6_24_, user0_.activation_key as activati7_24_, user0_.email as email8_24_, user0_.first_name as first_na9_24_, user0_.lang_key as lang_ke10_24_, user0_.last_name as last_na11_24_, user0_.login as login12_24_, user0_.password_hash as passwor13_24_, user0_.reset_date as reset_d14_24_, user0_.reset_key as reset_k15_24_ from jhi_user user0_ where user0_.email=?
Hibernate: select authority0_.name as name1_19_0_ from jhi_authority authority0_ where authority0_.name=?
Hibernate: insert into jhi_user (id, created_by, created_date, last_modified_by, last_modified_date, activated, activation_key, email, first_name, lang_key, last_name, login, password_hash, reset_date, reset_key) values (null, ?, ?, ?, ?, ?, ?, ?, ?, ?, ?, ?, ?, ?, ?)
2016-07-06 19:22:00.265 DEBUG 60006 --- [    Test worker] mozhotels.service.UserService            : Created Information for User: User{login='alice', firstName='Alice', lastName='Something', email='alice@example.com', activated='false', langKey='en', activationKey='83951657889172537182'}
Hibernate: select user0_.id as id1_24_, user0_.created_by as created_2_24_, user0_.created_date as created_3_24_, user0_.last_modified_by as last_mod4_24_, user0_.last_modified_date as last_mod5_24_, user0_.activated as activate6_24_, user0_.activation_key as activati7_24_, user0_.email as email8_24_, user0_.first_name as first_na9_24_, user0_.lang_key as lang_ke10_24_, user0_.last_name as last_na11_24_, user0_.login as login12_24_, user0_.password_hash as passwor13_24_, user0_.reset_date as reset_d14_24_, user0_.reset_key as reset_k15_24_ from jhi_user user0_ where user0_.login=?
Hibernate: select user0_.id as id1_24_, user0_.created_by as created_2_24_, user0_.created_date as created_3_24_, user0_.last_modified_by as last_mod4_24_, user0_.last_modified_date as last_mod5_24_, user0_.activated as activate6_24_, user0_.activation_key as activati7_24_, user0_.email as email8_24_, user0_.first_name as first_na9_24_, user0_.lang_key as lang_ke10_24_, user0_.last_name as last_na11_24_, user0_.login as login12_24_, user0_.password_hash as passwor13_24_, user0_.reset_date as reset_d14_24_, user0_.reset_key as reset_k15_24_ from jhi_user user0_ where user0_.email=?
2016-07-06 19:22:00.385 DEBUG 60006 --- [    Test worker] mozhotels.web.rest.AccountResource       : REST request to check if the current user is authenticated
Hibernate: select user0_.id as id1_24_, user0_.created_by as created_2_24_, user0_.created_date as created_3_24_, user0_.last_modified_by as last_mod4_24_, user0_.last_modified_date as last_mod5_24_, user0_.activated as activate6_24_, user0_.activation_key as activati7_24_, user0_.email as email8_24_, user0_.first_name as first_na9_24_, user0_.lang_key as lang_ke10_24_, user0_.last_name as last_na11_24_, user0_.login as login12_24_, user0_.password_hash as passwor13_24_, user0_.reset_date as reset_d14_24_, user0_.reset_key as reset_k15_24_ from jhi_user user0_ where user0_.login=?
Hibernate: select user0_.id as id1_24_, user0_.created_by as created_2_24_, user0_.created_date as created_3_24_, user0_.last_modified_by as last_mod4_24_, user0_.last_modified_date as last_mod5_24_, user0_.activated as activate6_24_, user0_.activation_key as activati7_24_, user0_.email as email8_24_, user0_.first_name as first_na9_24_, user0_.lang_key as lang_ke10_24_, user0_.last_name as last_na11_24_, user0_.login as login12_24_, user0_.password_hash as passwor13_24_, user0_.reset_date as reset_d14_24_, user0_.reset_key as reset_k15_24_ from jhi_user user0_ where user0_.email=?
Hibernate: select authority0_.name as name1_19_0_ from jhi_authority authority0_ where authority0_.name=?
Hibernate: insert into jhi_user (id, created_by, created_date, last_modified_by, last_modified_date, activated, activation_key, email, first_name, lang_key, last_name, login, password_hash, reset_date, reset_key) values (null, ?, ?, ?, ?, ?, ?, ?, ?, ?, ?, ?, ?, ?, ?)
2016-07-06 19:22:00.688 DEBUG 60006 --- [    Test worker] mozhotels.service.UserService            : Created Information for User: User{login='joe', firstName='Joe', lastName='Shmoe', email='joe@example.com', activated='false', langKey='en', activationKey='55706029851892967325'}
Hibernate: select user0_.id as id1_24_, user0_.created_by as created_2_24_, user0_.created_date as created_3_24_, user0_.last_modified_by as last_mod4_24_, user0_.last_modified_date as last_mod5_24_, user0_.activated as activate6_24_, user0_.activation_key as activati7_24_, user0_.email as email8_24_, user0_.first_name as first_na9_24_, user0_.lang_key as lang_ke10_24_, user0_.last_name as last_na11_24_, user0_.login as login12_24_, user0_.password_hash as passwor13_24_, user0_.reset_date as reset_d14_24_, user0_.reset_key as reset_k15_24_ from jhi_user user0_ where user0_.login=?
2016-07-06 19:22:00.762 DEBUG 60006 --- [    Test worker] mozhotels.web.rest.AccountResource       : REST request to check if the current user is authenticated
]]></system-out>
  <system-err><![CDATA[]]></system-err>
</testsuite>
